2025-05-18 20:02:19 Jepsen starting  /home/jepsen/etcd-v3.1/etcd --log-output stderr --name hp158.utah.cloudlab.us --data-dir /home/jepsen/etcd-v3.1/data --wal-dir /home/jepsen/etcd-v3.1/wal --listen-peer-urls http://0.0.0.0:2380 --initial-advertise-peer-urls http://hp158.utah.cloudlab.us:2380 --listen-client-urls http://0.0.0.0:2379 --advertise-client-urls http://hp158.utah.cloudlab.us:2379 --initial-cluster-state new --initial-cluster hp124.utah.cloudlab.us=http://hp124.utah.cloudlab.us:2380,hp158.utah.cloudlab.us=http://hp158.utah.cloudlab.us:2380,hp144.utah.cloudlab.us=http://hp144.utah.cloudlab.us:2380,hp159.utah.cloudlab.us=http://hp159.utah.cloudlab.us:2380,hp149.utah.cloudlab.us=http://hp149.utah.cloudlab.us:2380
2025-05-18 20:02:19.416749 I | etcdmain: etcd Version: 3.1.5
2025-05-18 20:02:19.416809 I | etcdmain: Git SHA: 20490ca
2025-05-18 20:02:19.416815 I | etcdmain: Go Version: go1.7.5
2025-05-18 20:02:19.416821 I | etcdmain: Go OS/Arch: linux/amd64
2025-05-18 20:02:19.416827 I | etcdmain: setting maximum number of CPUs to 20, total number of available CPUs is 20
2025-05-18 20:02:19.416894 I | embed: listening for peers on http://0.0.0.0:2380
2025-05-18 20:02:19.416941 I | embed: listening for client requests on 0.0.0.0:2379
2025-05-18 20:02:19.419049 I | pkg/netutil: resolving hp158.utah.cloudlab.us:2380 to 128.110.218.197:2380
2025-05-18 20:02:19.419748 I | pkg/netutil: resolving hp158.utah.cloudlab.us:2380 to 128.110.218.197:2380
2025-05-18 20:02:19.421300 I | etcdserver: name = hp158.utah.cloudlab.us
2025-05-18 20:02:19.421320 I | etcdserver: data dir = /home/jepsen/etcd-v3.1/data
2025-05-18 20:02:19.421333 I | etcdserver: member dir = /home/jepsen/etcd-v3.1/data/member
2025-05-18 20:02:19.421339 I | etcdserver: dedicated WAL dir = /home/jepsen/etcd-v3.1/wal
2025-05-18 20:02:19.421344 I | etcdserver: heartbeat = 100ms
2025-05-18 20:02:19.421349 I | etcdserver: election = 1000ms
2025-05-18 20:02:19.421355 I | etcdserver: snapshot count = 10000
2025-05-18 20:02:19.421365 I | etcdserver: advertise client URLs = http://hp158.utah.cloudlab.us:2379
2025-05-18 20:02:19.421372 I | etcdserver: initial advertise peer URLs = http://hp158.utah.cloudlab.us:2380
2025-05-18 20:02:19.421389 I | etcdserver: initial cluster = hp124.utah.cloudlab.us=http://hp124.utah.cloudlab.us:2380,hp144.utah.cloudlab.us=http://hp144.utah.cloudlab.us:2380,hp149.utah.cloudlab.us=http://hp149.utah.cloudlab.us:2380,hp158.utah.cloudlab.us=http://hp158.utah.cloudlab.us:2380,hp159.utah.cloudlab.us=http://hp159.utah.cloudlab.us:2380
2025-05-18 20:02:19.422384 I | etcdserver: starting member 399dd9d2fe9451fe in cluster aac2752a141c3276
2025-05-18 20:02:19.422416 I | raft: 399dd9d2fe9451fe became follower at term 0
2025-05-18 20:02:19.422440 I | raft: newRaft 399dd9d2fe9451fe [peers: [], term: 0, commit: 0, applied: 0, lastindex: 0, lastterm: 0]
2025-05-18 20:02:19.422447 I | raft: 399dd9d2fe9451fe became follower at term 1
2025-05-18 20:02:19.428401 I | rafthttp: starting peer a1561573eb12db98...
2025-05-18 20:02:19.428442 I | rafthttp: started HTTP pipelining with peer a1561573eb12db98
2025-05-18 20:02:19.429577 I | rafthttp: started streaming with peer a1561573eb12db98 (writer)
2025-05-18 20:02:19.430180 I | rafthttp: started streaming with peer a1561573eb12db98 (writer)
2025-05-18 20:02:19.432739 I | rafthttp: started peer a1561573eb12db98
2025-05-18 20:02:19.432777 I | rafthttp: added peer a1561573eb12db98
2025-05-18 20:02:19.432800 I | rafthttp: starting peer c89e8ee7e52968ff...
2025-05-18 20:02:19.432822 I | rafthttp: started HTTP pipelining with peer c89e8ee7e52968ff
2025-05-18 20:02:19.432852 I | rafthttp: started streaming with peer a1561573eb12db98 (stream MsgApp v2 reader)
2025-05-18 20:02:19.432964 I | rafthttp: started streaming with peer a1561573eb12db98 (stream Message reader)
2025-05-18 20:02:19.433326 I | rafthttp: started streaming with peer c89e8ee7e52968ff (writer)
2025-05-18 20:02:19.434196 I | rafthttp: started streaming with peer c89e8ee7e52968ff (writer)
2025-05-18 20:02:19.434452 I | rafthttp: started peer c89e8ee7e52968ff
2025-05-18 20:02:19.434511 I | rafthttp: added peer c89e8ee7e52968ff
2025-05-18 20:02:19.434545 I | rafthttp: started streaming with peer c89e8ee7e52968ff (stream MsgApp v2 reader)
2025-05-18 20:02:19.434608 I | rafthttp: peer a1561573eb12db98 became active
2025-05-18 20:02:19.434632 I | rafthttp: established a TCP streaming connection with peer a1561573eb12db98 (stream Message reader)
2025-05-18 20:02:19.434652 I | rafthttp: started streaming with peer c89e8ee7e52968ff (stream Message reader)
2025-05-18 20:02:19.434699 I | rafthttp: established a TCP streaming connection with peer a1561573eb12db98 (stream MsgApp v2 reader)
2025-05-18 20:02:19.434789 I | rafthttp: starting peer dfe51183133d9fcb...
2025-05-18 20:02:19.436224 I | rafthttp: started HTTP pipelining with peer dfe51183133d9fcb
2025-05-18 20:02:19.436841 I | rafthttp: started streaming with peer dfe51183133d9fcb (writer)
2025-05-18 20:02:19.437283 I | rafthttp: peer c89e8ee7e52968ff became active
2025-05-18 20:02:19.437308 I | rafthttp: established a TCP streaming connection with peer c89e8ee7e52968ff (stream Message reader)
2025-05-18 20:02:19.439356 I | rafthttp: started streaming with peer dfe51183133d9fcb (writer)
2025-05-18 20:02:19.439383 I | rafthttp: established a TCP streaming connection with peer c89e8ee7e52968ff (stream MsgApp v2 reader)
2025-05-18 20:02:19.439602 I | rafthttp: started peer dfe51183133d9fcb
2025-05-18 20:02:19.439624 I | rafthttp: added peer dfe51183133d9fcb
2025-05-18 20:02:19.439646 I | rafthttp: started streaming with peer dfe51183133d9fcb (stream MsgApp v2 reader)
2025-05-18 20:02:19.439667 I | rafthttp: started streaming with peer dfe51183133d9fcb (stream Message reader)
2025-05-18 20:02:19.439697 I | rafthttp: starting peer fe700c0c32dc3b77...
2025-05-18 20:02:19.439740 I | rafthttp: started HTTP pipelining with peer fe700c0c32dc3b77
2025-05-18 20:02:19.440016 I | rafthttp: started streaming with peer fe700c0c32dc3b77 (writer)
2025-05-18 20:02:19.440165 I | rafthttp: started streaming with peer fe700c0c32dc3b77 (writer)
2025-05-18 20:02:19.440405 I | rafthttp: started peer fe700c0c32dc3b77
2025-05-18 20:02:19.440423 I | rafthttp: added peer fe700c0c32dc3b77
2025-05-18 20:02:19.440432 I | rafthttp: started streaming with peer fe700c0c32dc3b77 (stream MsgApp v2 reader)
2025-05-18 20:02:19.440506 I | etcdserver: starting server... [version: 3.1.5, cluster version: to_be_decided]
2025-05-18 20:02:19.440597 I | rafthttp: started streaming with peer fe700c0c32dc3b77 (stream Message reader)
2025-05-18 20:02:19.440991 I | rafthttp: peer dfe51183133d9fcb became active
2025-05-18 20:02:19.441048 I | rafthttp: established a TCP streaming connection with peer dfe51183133d9fcb (stream Message reader)
2025-05-18 20:02:19.441905 I | rafthttp: established a TCP streaming connection with peer dfe51183133d9fcb (stream MsgApp v2 reader)
2025-05-18 20:02:19.442639 I | etcdserver/membership: added member 399dd9d2fe9451fe [http://hp158.utah.cloudlab.us:2380] to cluster aac2752a141c3276
2025-05-18 20:02:19.442825 I | etcdserver/membership: added member a1561573eb12db98 [http://hp124.utah.cloudlab.us:2380] to cluster aac2752a141c3276
2025-05-18 20:02:19.442939 I | rafthttp: peer fe700c0c32dc3b77 became active
2025-05-18 20:02:19.442972 I | rafthttp: established a TCP streaming connection with peer fe700c0c32dc3b77 (stream Message writer)
2025-05-18 20:02:19.442996 I | rafthttp: established a TCP streaming connection with peer c89e8ee7e52968ff (stream Message writer)
2025-05-18 20:02:19.443026 I | rafthttp: established a TCP streaming connection with peer dfe51183133d9fcb (stream MsgApp v2 writer)
2025-05-18 20:02:19.443042 I | rafthttp: established a TCP streaming connection with peer dfe51183133d9fcb (stream Message writer)
2025-05-18 20:02:19.443063 I | etcdserver/membership: added member c89e8ee7e52968ff [http://hp149.utah.cloudlab.us:2380] to cluster aac2752a141c3276
2025-05-18 20:02:19.443194 I | etcdserver/membership: added member dfe51183133d9fcb [http://hp159.utah.cloudlab.us:2380] to cluster aac2752a141c3276
2025-05-18 20:02:19.443346 I | etcdserver/membership: added member fe700c0c32dc3b77 [http://hp144.utah.cloudlab.us:2380] to cluster aac2752a141c3276
2025-05-18 20:02:19.443383 I | rafthttp: established a TCP streaming connection with peer fe700c0c32dc3b77 (stream MsgApp v2 writer)
2025-05-18 20:02:19.443411 I | rafthttp: established a TCP streaming connection with peer fe700c0c32dc3b77 (stream MsgApp v2 reader)
2025-05-18 20:02:19.443432 I | rafthttp: established a TCP streaming connection with peer c89e8ee7e52968ff (stream MsgApp v2 writer)
2025-05-18 20:02:19.443786 I | rafthttp: established a TCP streaming connection with peer fe700c0c32dc3b77 (stream Message reader)
2025-05-18 20:02:19.505914 I | rafthttp: established a TCP streaming connection with peer a1561573eb12db98 (stream Message writer)
2025-05-18 20:02:19.506176 I | rafthttp: established a TCP streaming connection with peer a1561573eb12db98 (stream MsgApp v2 writer)
2025-05-18 20:02:19.917591 I | raft: 399dd9d2fe9451fe [term: 1] received a MsgVote message with higher term from c89e8ee7e52968ff [term: 2]
2025-05-18 20:02:19.917643 I | raft: 399dd9d2fe9451fe became follower at term 2
2025-05-18 20:02:19.917662 I | raft: 399dd9d2fe9451fe [logterm: 1, index: 5, vote: 0] cast MsgVote for c89e8ee7e52968ff [logterm: 1, index: 5] at term 2
2025-05-18 20:02:19.918869 I | raft: raft.node: 399dd9d2fe9451fe elected leader c89e8ee7e52968ff at term 2
2025-05-18 20:02:19.921181 I | etcdserver: published {Name:hp158.utah.cloudlab.us ClientURLs:[http://hp158.utah.cloudlab.us:2379]} to cluster aac2752a141c3276
2025-05-18 20:02:19.921217 I | embed: ready to serve client requests
2025-05-18 20:02:19.921426 E | etcdmain: forgot to set Type=notify in systemd service file?
2025-05-18 20:02:19.921725 N | embed: serving insecure client requests on [::]:2379, this is strongly discouraged!
2025-05-18 20:02:19.927216 N | etcdserver/membership: set the initial cluster version to 3.1
2025-05-18 20:02:19.927284 I | etcdserver/api: enabled capabilities for version 3.1
2025-05-18 20:02:33.494489 I | etcdserver: start to snapshot (applied: 10001, lastsnap: 0)
2025-05-18 20:02:33.500434 I | etcdserver: saved snapshot at index 10001
2025-05-18 20:02:33.500821 I | etcdserver: compacted raft log at 5001
2025-05-18 20:02:37.308536 I | etcdserver: start to snapshot (applied: 20003, lastsnap: 10001)
2025-05-18 20:02:37.314413 I | etcdserver: saved snapshot at index 20003
2025-05-18 20:02:37.314593 I | etcdserver: compacted raft log at 15003
2025-05-18 20:02:38.812371 I | raft: 399dd9d2fe9451fe [term: 2] received a MsgVote message with higher term from dfe51183133d9fcb [term: 3]
2025-05-18 20:02:38.812419 I | raft: 399dd9d2fe9451fe became follower at term 3
2025-05-18 20:02:38.812442 I | raft: 399dd9d2fe9451fe [logterm: 2, index: 20993, vote: 0] cast MsgVote for dfe51183133d9fcb [logterm: 2, index: 21012] at term 3
2025-05-18 20:02:38.812457 I | raft: raft.node: 399dd9d2fe9451fe lost leader c89e8ee7e52968ff at term 3
2025-05-18 20:02:38.813451 I | raft: raft.node: 399dd9d2fe9451fe elected leader dfe51183133d9fcb at term 3
2025-05-18 20:02:41.066821 W | rafthttp: lost the TCP streaming connection with peer a1561573eb12db98 (stream MsgApp v2 reader)
2025-05-18 20:02:41.066879 E | rafthttp: failed to read a1561573eb12db98 on stream MsgApp v2 (read tcp 128.110.218.197:57658->128.110.218.163:2380: i/o timeout)
2025-05-18 20:02:41.066893 I | rafthttp: peer a1561573eb12db98 became inactive
2025-05-18 20:02:41.067468 W | rafthttp: lost the TCP streaming connection with peer a1561573eb12db98 (stream Message reader)
2025-05-18 20:02:42.617426 W | rafthttp: lost the TCP streaming connection with peer c89e8ee7e52968ff (stream Message reader)
2025-05-18 20:02:42.617472 E | rafthttp: failed to read c89e8ee7e52968ff on stream Message (read tcp 128.110.218.197:50952->128.110.218.188:2380: i/o timeout)
2025-05-18 20:02:42.617486 I | rafthttp: peer c89e8ee7e52968ff became inactive
2025-05-18 20:02:42.687345 W | rafthttp: lost the TCP streaming connection with peer c89e8ee7e52968ff (stream MsgApp v2 reader)
2025-05-18 20:02:42.788959 I | rafthttp: peer c89e8ee7e52968ff became active
2025-05-18 20:02:42.789006 I | rafthttp: established a TCP streaming connection with peer c89e8ee7e52968ff (stream MsgApp v2 reader)
2025-05-18 20:02:42.815675 W | rafthttp: closed an existing TCP streaming connection with peer c89e8ee7e52968ff (stream Message writer)
2025-05-18 20:02:42.815718 I | rafthttp: established a TCP streaming connection with peer c89e8ee7e52968ff (stream Message writer)
2025-05-18 20:02:43.505903 W | rafthttp: closed an existing TCP streaming connection with peer c89e8ee7e52968ff (stream MsgApp v2 writer)
2025-05-18 20:02:43.505924 I | rafthttp: established a TCP streaming connection with peer c89e8ee7e52968ff (stream MsgApp v2 writer)
2025-05-18 20:02:43.518371 I | rafthttp: peer a1561573eb12db98 became active
2025-05-18 20:02:43.518386 I | rafthttp: established a TCP streaming connection with peer a1561573eb12db98 (stream Message reader)
2025-05-18 20:02:43.518435 I | rafthttp: established a TCP streaming connection with peer a1561573eb12db98 (stream MsgApp v2 reader)
2025-05-18 20:02:43.549313 W | rafthttp: closed an existing TCP streaming connection with peer a1561573eb12db98 (stream Message writer)
2025-05-18 20:02:43.549378 I | rafthttp: established a TCP streaming connection with peer a1561573eb12db98 (stream Message writer)
2025-05-18 20:02:43.556179 W | rafthttp: closed an existing TCP streaming connection with peer a1561573eb12db98 (stream MsgApp v2 writer)
2025-05-18 20:02:43.556226 I | rafthttp: established a TCP streaming connection with peer a1561573eb12db98 (stream MsgApp v2 writer)
2025-05-18 20:02:43.773531 I | rafthttp: established a TCP streaming connection with peer c89e8ee7e52968ff (stream Message reader)
2025-05-18 20:02:44.698385 E | etcdserver/api/v2http: etcdserver: request timed out, possibly due to previous leader failure
2025-05-18 20:02:44.712186 I | raft: 399dd9d2fe9451fe [term: 3] received a MsgVote message with higher term from fe700c0c32dc3b77 [term: 4]
2025-05-18 20:02:44.712229 I | raft: 399dd9d2fe9451fe became follower at term 4
2025-05-18 20:02:44.712252 I | raft: 399dd9d2fe9451fe [logterm: 3, index: 27647, vote: 0] cast MsgVote for fe700c0c32dc3b77 [logterm: 3, index: 27647] at term 4
2025-05-18 20:02:44.712267 I | raft: raft.node: 399dd9d2fe9451fe lost leader dfe51183133d9fcb at term 4
2025-05-18 20:02:44.993640 I | raft: 399dd9d2fe9451fe [term: 4] received a MsgVote message with higher term from a1561573eb12db98 [term: 6]
2025-05-18 20:02:44.993684 I | raft: 399dd9d2fe9451fe became follower at term 6
2025-05-18 20:02:44.993707 I | raft: 399dd9d2fe9451fe [logterm: 3, index: 27647, vote: 0] rejected MsgVote from a1561573eb12db98 [logterm: 2, index: 21053] at term 6
2025-05-18 20:02:45.912266 I | raft: 399dd9d2fe9451fe [term: 6] received a MsgVote message with higher term from fe700c0c32dc3b77 [term: 7]
2025-05-18 20:02:45.912311 I | raft: 399dd9d2fe9451fe became follower at term 7
2025-05-18 20:02:45.912335 I | raft: 399dd9d2fe9451fe [logterm: 3, index: 27647, vote: 0] cast MsgVote for fe700c0c32dc3b77 [logterm: 3, index: 27647] at term 7
2025-05-18 20:02:45.913455 I | raft: raft.node: 399dd9d2fe9451fe elected leader fe700c0c32dc3b77 at term 7
2025-05-18 20:02:46.415424 E | etcdserver/api/v2http: etcdserver: request timed out, possibly due to previous leader failure [merged 4 repeated lines in 1.72s]
2025-05-18 20:02:46.794875 I | etcdserver: start to snapshot (applied: 30004, lastsnap: 20003)
2025-05-18 20:02:46.800326 I | etcdserver: saved snapshot at index 30004
2025-05-18 20:02:46.800596 I | etcdserver: compacted raft log at 25004
2025-05-18 20:02:49.017601 I | raft: 399dd9d2fe9451fe [term: 7] received a MsgVote message with higher term from c89e8ee7e52968ff [term: 8]
2025-05-18 20:02:49.017660 I | raft: 399dd9d2fe9451fe became follower at term 8
2025-05-18 20:02:49.017685 I | raft: 399dd9d2fe9451fe [logterm: 7, index: 32747, vote: 0] cast MsgVote for c89e8ee7e52968ff [logterm: 7, index: 32749] at term 8
2025-05-18 20:02:49.017700 I | raft: raft.node: 399dd9d2fe9451fe lost leader fe700c0c32dc3b77 at term 8
2025-05-18 20:02:49.922781 I | raft: 399dd9d2fe9451fe is starting a new election at term 8
2025-05-18 20:02:49.922874 I | raft: 399dd9d2fe9451fe became candidate at term 9
2025-05-18 20:02:49.922896 I | raft: 399dd9d2fe9451fe received MsgVoteResp from 399dd9d2fe9451fe at term 9
2025-05-18 20:02:49.922914 I | raft: 399dd9d2fe9451fe [logterm: 7, index: 32747] sent MsgVote request to fe700c0c32dc3b77 at term 9
2025-05-18 20:02:49.922932 I | raft: 399dd9d2fe9451fe [logterm: 7, index: 32747] sent MsgVote request to a1561573eb12db98 at term 9
2025-05-18 20:02:49.922950 I | raft: 399dd9d2fe9451fe [logterm: 7, index: 32747] sent MsgVote request to c89e8ee7e52968ff at term 9
2025-05-18 20:02:49.922967 I | raft: 399dd9d2fe9451fe [logterm: 7, index: 32747] sent MsgVote request to dfe51183133d9fcb at term 9
2025-05-18 20:02:49.924061 I | raft: 399dd9d2fe9451fe received MsgVoteResp rejection from c89e8ee7e52968ff at term 9
2025-05-18 20:02:49.924098 I | raft: 399dd9d2fe9451fe [quorum:3] has received 1 MsgVoteResp votes and 1 vote rejections
2025-05-18 20:02:49.924124 I | raft: 399dd9d2fe9451fe received MsgVoteResp rejection from dfe51183133d9fcb at term 9
2025-05-18 20:02:49.924138 I | raft: 399dd9d2fe9451fe [quorum:3] has received 1 MsgVoteResp votes and 2 vote rejections
2025-05-18 20:02:51.017550 I | raft: 399dd9d2fe9451fe [term: 9] received a MsgVote message with higher term from c89e8ee7e52968ff [term: 10]
2025-05-18 20:02:51.017593 I | raft: 399dd9d2fe9451fe became follower at term 10
2025-05-18 20:02:51.017617 I | raft: 399dd9d2fe9451fe [logterm: 7, index: 32747, vote: 0] cast MsgVote for c89e8ee7e52968ff [logterm: 7, index: 32749] at term 10
2025-05-18 20:02:52.612350 I | raft: 399dd9d2fe9451fe [term: 10] received a MsgVote message with higher term from dfe51183133d9fcb [term: 11]
2025-05-18 20:02:52.612394 I | raft: 399dd9d2fe9451fe became follower at term 11
2025-05-18 20:02:52.612417 I | raft: 399dd9d2fe9451fe [logterm: 7, index: 32747, vote: 0] cast MsgVote for dfe51183133d9fcb [logterm: 7, index: 32751] at term 11
2025-05-18 20:02:52.613416 I | raft: raft.node: 399dd9d2fe9451fe elected leader dfe51183133d9fcb at term 11
2025-05-18 20:02:52.733561 W | rafthttp: lost the TCP streaming connection with peer a1561573eb12db98 (stream MsgApp v2 reader)
2025-05-18 20:02:52.733608 E | rafthttp: failed to read a1561573eb12db98 on stream MsgApp v2 (read tcp 128.110.218.197:55904->128.110.218.163:2380: i/o timeout)
2025-05-18 20:02:52.733622 I | rafthttp: peer a1561573eb12db98 became inactive
2025-05-18 20:02:52.734101 W | rafthttp: lost the TCP streaming connection with peer a1561573eb12db98 (stream Message reader)
2025-05-18 20:02:52.812160 W | rafthttp: lost the TCP streaming connection with peer fe700c0c32dc3b77 (stream Message reader)
2025-05-18 20:02:52.812207 E | rafthttp: failed to read fe700c0c32dc3b77 on stream Message (read tcp 128.110.218.197:55074->128.110.218.183:2380: i/o timeout)
2025-05-18 20:02:52.812226 I | rafthttp: peer fe700c0c32dc3b77 became inactive
2025-05-18 20:02:52.879291 W | rafthttp: lost the TCP streaming connection with peer fe700c0c32dc3b77 (stream MsgApp v2 reader)
2025-05-18 20:02:52.914068 I | rafthttp: peer fe700c0c32dc3b77 became active
2025-05-18 20:02:52.914104 I | rafthttp: established a TCP streaming connection with peer fe700c0c32dc3b77 (stream Message reader)
2025-05-18 20:02:52.980808 I | rafthttp: established a TCP streaming connection with peer fe700c0c32dc3b77 (stream MsgApp v2 reader)
2025-05-18 20:02:52.982445 W | rafthttp: closed an existing TCP streaming connection with peer fe700c0c32dc3b77 (stream Message writer)
2025-05-18 20:02:52.982480 I | rafthttp: established a TCP streaming connection with peer fe700c0c32dc3b77 (stream Message writer)
2025-05-18 20:02:53.885402 I | rafthttp: peer a1561573eb12db98 became active
2025-05-18 20:02:53.885444 I | rafthttp: established a TCP streaming connection with peer a1561573eb12db98 (stream MsgApp v2 reader)
2025-05-18 20:02:53.885526 I | rafthttp: established a TCP streaming connection with peer a1561573eb12db98 (stream Message reader)
2025-05-18 20:02:53.916319 W | rafthttp: closed an existing TCP streaming connection with peer a1561573eb12db98 (stream Message writer)
2025-05-18 20:02:53.916434 I | rafthttp: established a TCP streaming connection with peer a1561573eb12db98 (stream Message writer)
2025-05-18 20:02:53.917507 W | rafthttp: closed an existing TCP streaming connection with peer a1561573eb12db98 (stream MsgApp v2 writer)
2025-05-18 20:02:53.917559 I | rafthttp: established a TCP streaming connection with peer a1561573eb12db98 (stream MsgApp v2 writer)
2025-05-18 20:02:53.919206 W | rafthttp: closed an existing TCP streaming connection with peer fe700c0c32dc3b77 (stream MsgApp v2 writer)
2025-05-18 20:02:53.919238 I | rafthttp: established a TCP streaming connection with peer fe700c0c32dc3b77 (stream MsgApp v2 writer)
2025-05-18 20:02:54.884038 E | etcdserver/api/v2http: got unexpected response error (etcdserver: request timed out)
2025-05-18 20:02:55.660121 I | etcdserver: start to snapshot (applied: 40005, lastsnap: 30004)
2025-05-18 20:02:55.665462 I | etcdserver: saved snapshot at index 40005
2025-05-18 20:02:55.665806 I | etcdserver: compacted raft log at 35005
2025-05-18 20:02:55.743163 W | rafthttp: lost the TCP streaming connection with peer fe700c0c32dc3b77 (stream MsgApp v2 reader)
2025-05-18 20:02:55.744649 W | rafthttp: lost the TCP streaming connection with peer fe700c0c32dc3b77 (stream Message reader)
2025-05-18 20:02:55.754882 W | rafthttp: closed an existing TCP streaming connection with peer fe700c0c32dc3b77 (stream MsgApp v2 writer)
2025-05-18 20:02:55.754920 I | rafthttp: established a TCP streaming connection with peer fe700c0c32dc3b77 (stream MsgApp v2 writer)
2025-05-18 20:02:55.755522 W | rafthttp: closed an existing TCP streaming connection with peer fe700c0c32dc3b77 (stream Message writer)
2025-05-18 20:02:55.755535 I | rafthttp: established a TCP streaming connection with peer fe700c0c32dc3b77 (stream Message writer)
2025-05-18 20:02:55.845089 I | rafthttp: established a TCP streaming connection with peer fe700c0c32dc3b77 (stream MsgApp v2 reader)
2025-05-18 20:02:55.848701 I | rafthttp: established a TCP streaming connection with peer fe700c0c32dc3b77 (stream Message reader)
2025-05-18 20:02:56.415440 E | etcdserver/api/v2http: got unexpected response error (etcdserver: request timed out) [merged 8 repeated lines in 1.54s]
2025-05-18 20:02:59.477033 I | etcdserver: start to snapshot (applied: 50006, lastsnap: 40005)
2025-05-18 20:02:59.482808 I | etcdserver: saved snapshot at index 50006
2025-05-18 20:02:59.482953 I | etcdserver: compacted raft log at 45006
2025-05-18 20:03:02.733549 W | rafthttp: lost the TCP streaming connection with peer a1561573eb12db98 (stream MsgApp v2 reader)
2025-05-18 20:03:02.733574 E | rafthttp: failed to read a1561573eb12db98 on stream MsgApp v2 (read tcp 128.110.218.197:50696->128.110.218.163:2380: i/o timeout)
2025-05-18 20:03:02.733581 I | rafthttp: peer a1561573eb12db98 became inactive
2025-05-18 20:03:02.734103 W | rafthttp: lost the TCP streaming connection with peer a1561573eb12db98 (stream Message reader)
2025-05-18 20:03:02.757453 W | rafthttp: lost the TCP streaming connection with peer c89e8ee7e52968ff (stream MsgApp v2 reader)
2025-05-18 20:03:02.757471 E | rafthttp: failed to read c89e8ee7e52968ff on stream MsgApp v2 (read tcp 128.110.218.197:50816->128.110.218.188:2380: i/o timeout)
2025-05-18 20:03:02.757476 I | rafthttp: peer c89e8ee7e52968ff became inactive
2025-05-18 20:03:02.758042 W | rafthttp: lost the TCP streaming connection with peer c89e8ee7e52968ff (stream Message reader)
2025-05-18 20:03:03.869523 I | rafthttp: peer c89e8ee7e52968ff became active
2025-05-18 20:03:03.869573 I | rafthttp: established a TCP streaming connection with peer c89e8ee7e52968ff (stream MsgApp v2 reader)
2025-05-18 20:03:03.869602 I | rafthttp: peer a1561573eb12db98 became active
2025-05-18 20:03:03.869637 I | rafthttp: established a TCP streaming connection with peer a1561573eb12db98 (stream MsgApp v2 reader)
2025-05-18 20:03:03.869681 I | rafthttp: established a TCP streaming connection with peer c89e8ee7e52968ff (stream Message reader)
2025-05-18 20:03:03.869830 I | rafthttp: established a TCP streaming connection with peer a1561573eb12db98 (stream Message reader)
2025-05-18 20:03:03.900147 W | rafthttp: closed an existing TCP streaming connection with peer a1561573eb12db98 (stream Message writer)
2025-05-18 20:03:03.900181 I | rafthttp: established a TCP streaming connection with peer a1561573eb12db98 (stream Message writer)
2025-05-18 20:03:03.901221 W | rafthttp: closed an existing TCP streaming connection with peer a1561573eb12db98 (stream MsgApp v2 writer)
2025-05-18 20:03:03.901256 I | rafthttp: established a TCP streaming connection with peer a1561573eb12db98 (stream MsgApp v2 writer)
2025-05-18 20:03:03.923206 W | rafthttp: closed an existing TCP streaming connection with peer c89e8ee7e52968ff (stream Message writer)
2025-05-18 20:03:03.923257 I | rafthttp: established a TCP streaming connection with peer c89e8ee7e52968ff (stream Message writer)
2025-05-18 20:03:03.924249 W | rafthttp: closed an existing TCP streaming connection with peer c89e8ee7e52968ff (stream MsgApp v2 writer)
2025-05-18 20:03:03.924279 I | rafthttp: established a TCP streaming connection with peer c89e8ee7e52968ff (stream MsgApp v2 writer)
2025-05-18 20:03:04.312287 I | raft: 399dd9d2fe9451fe [term: 11] received a MsgVote message with higher term from fe700c0c32dc3b77 [term: 12]
2025-05-18 20:03:04.312331 I | raft: 399dd9d2fe9451fe became follower at term 12
2025-05-18 20:03:04.312354 I | raft: 399dd9d2fe9451fe [logterm: 11, index: 59728, vote: 0] cast MsgVote for fe700c0c32dc3b77 [logterm: 11, index: 59728] at term 12
2025-05-18 20:03:04.312374 I | raft: raft.node: 399dd9d2fe9451fe lost leader dfe51183133d9fcb at term 12
2025-05-18 20:03:04.312404 I | raft: 399dd9d2fe9451fe [term: 12] received a MsgVote message with higher term from dfe51183133d9fcb [term: 16]
2025-05-18 20:03:04.312422 I | raft: 399dd9d2fe9451fe became follower at term 16
2025-05-18 20:03:04.312440 I | raft: 399dd9d2fe9451fe [logterm: 11, index: 59728, vote: 0] cast MsgVote for dfe51183133d9fcb [logterm: 11, index: 59728] at term 16
2025-05-18 20:03:04.313273 I | raft: raft.node: 399dd9d2fe9451fe elected leader dfe51183133d9fcb at term 16
2025-05-18 20:03:04.567575 I | etcdserver: start to snapshot (applied: 60007, lastsnap: 50006)
2025-05-18 20:03:04.577803 I | etcdserver: saved snapshot at index 60007
2025-05-18 20:03:04.581359 I | etcdserver: compacted raft log at 55007
2025-05-18 20:03:08.645226 I | etcdserver: start to snapshot (applied: 70008, lastsnap: 60007)
2025-05-18 20:03:08.650896 I | etcdserver: saved snapshot at index 70008
2025-05-18 20:03:08.651050 I | etcdserver: compacted raft log at 65008
2025-05-18 20:03:10.187416 E | etcdserver/api/v2http: etcdserver: request timed out, possibly due to previous leader failure
2025-05-18 20:03:11.415488 E | etcdserver/api/v2http: etcdserver: request timed out, possibly due to previous leader failure [merged 9 repeated lines in 1.23s]
