2025-05-18 20:05:27 Jepsen starting  /home/jepsen/etcd-v3.1/etcd --log-output stderr --name hp149.utah.cloudlab.us --data-dir /home/jepsen/etcd-v3.1/data --wal-dir /home/jepsen/etcd-v3.1/wal --listen-peer-urls http://0.0.0.0:2380 --initial-advertise-peer-urls http://hp149.utah.cloudlab.us:2380 --listen-client-urls http://0.0.0.0:2379 --advertise-client-urls http://hp149.utah.cloudlab.us:2379 --initial-cluster-state new --initial-cluster hp124.utah.cloudlab.us=http://hp124.utah.cloudlab.us:2380,hp158.utah.cloudlab.us=http://hp158.utah.cloudlab.us:2380,hp144.utah.cloudlab.us=http://hp144.utah.cloudlab.us:2380,hp159.utah.cloudlab.us=http://hp159.utah.cloudlab.us:2380,hp149.utah.cloudlab.us=http://hp149.utah.cloudlab.us:2380
2025-05-18 20:05:27.105239 I | etcdmain: etcd Version: 3.1.5
2025-05-18 20:05:27.105299 I | etcdmain: Git SHA: 20490ca
2025-05-18 20:05:27.105306 I | etcdmain: Go Version: go1.7.5
2025-05-18 20:05:27.105311 I | etcdmain: Go OS/Arch: linux/amd64
2025-05-18 20:05:27.105317 I | etcdmain: setting maximum number of CPUs to 20, total number of available CPUs is 20
2025-05-18 20:05:27.105374 I | embed: listening for peers on http://0.0.0.0:2380
2025-05-18 20:05:27.105426 I | embed: listening for client requests on 0.0.0.0:2379
2025-05-18 20:05:27.107503 I | pkg/netutil: resolving hp149.utah.cloudlab.us:2380 to 128.110.218.188:2380
2025-05-18 20:05:27.108108 I | pkg/netutil: resolving hp149.utah.cloudlab.us:2380 to 128.110.218.188:2380
2025-05-18 20:05:27.110665 I | etcdserver: name = hp149.utah.cloudlab.us
2025-05-18 20:05:27.110686 I | etcdserver: data dir = /home/jepsen/etcd-v3.1/data
2025-05-18 20:05:27.110695 I | etcdserver: member dir = /home/jepsen/etcd-v3.1/data/member
2025-05-18 20:05:27.110701 I | etcdserver: dedicated WAL dir = /home/jepsen/etcd-v3.1/wal
2025-05-18 20:05:27.110707 I | etcdserver: heartbeat = 100ms
2025-05-18 20:05:27.110713 I | etcdserver: election = 1000ms
2025-05-18 20:05:27.110718 I | etcdserver: snapshot count = 10000
2025-05-18 20:05:27.110730 I | etcdserver: advertise client URLs = http://hp149.utah.cloudlab.us:2379
2025-05-18 20:05:27.110738 I | etcdserver: initial advertise peer URLs = http://hp149.utah.cloudlab.us:2380
2025-05-18 20:05:27.110768 I | etcdserver: initial cluster = hp124.utah.cloudlab.us=http://hp124.utah.cloudlab.us:2380,hp144.utah.cloudlab.us=http://hp144.utah.cloudlab.us:2380,hp149.utah.cloudlab.us=http://hp149.utah.cloudlab.us:2380,hp158.utah.cloudlab.us=http://hp158.utah.cloudlab.us:2380,hp159.utah.cloudlab.us=http://hp159.utah.cloudlab.us:2380
2025-05-18 20:05:27.111783 I | etcdserver: starting member c89e8ee7e52968ff in cluster aac2752a141c3276
2025-05-18 20:05:27.111817 I | raft: c89e8ee7e52968ff became follower at term 0
2025-05-18 20:05:27.111829 I | raft: newRaft c89e8ee7e52968ff [peers: [], term: 0, commit: 0, applied: 0, lastindex: 0, lastterm: 0]
2025-05-18 20:05:27.111836 I | raft: c89e8ee7e52968ff became follower at term 1
2025-05-18 20:05:27.117734 I | rafthttp: starting peer 399dd9d2fe9451fe...
2025-05-18 20:05:27.117788 I | rafthttp: started HTTP pipelining with peer 399dd9d2fe9451fe
2025-05-18 20:05:27.119277 I | rafthttp: started streaming with peer 399dd9d2fe9451fe (writer)
2025-05-18 20:05:27.119729 I | rafthttp: started streaming with peer 399dd9d2fe9451fe (writer)
2025-05-18 20:05:27.122281 I | rafthttp: started peer 399dd9d2fe9451fe
2025-05-18 20:05:27.122316 I | rafthttp: added peer 399dd9d2fe9451fe
2025-05-18 20:05:27.122336 I | rafthttp: starting peer a1561573eb12db98...
2025-05-18 20:05:27.122346 I | rafthttp: started streaming with peer 399dd9d2fe9451fe (stream MsgApp v2 reader)
2025-05-18 20:05:27.122389 I | rafthttp: started streaming with peer 399dd9d2fe9451fe (stream Message reader)
2025-05-18 20:05:27.122494 I | rafthttp: started HTTP pipelining with peer a1561573eb12db98
2025-05-18 20:05:27.123784 I | rafthttp: started streaming with peer a1561573eb12db98 (writer)
2025-05-18 20:05:27.123810 I | rafthttp: started streaming with peer a1561573eb12db98 (writer)
2025-05-18 20:05:27.123820 I | rafthttp: started peer a1561573eb12db98
2025-05-18 20:05:27.123883 I | rafthttp: added peer a1561573eb12db98
2025-05-18 20:05:27.123907 I | rafthttp: starting peer dfe51183133d9fcb...
2025-05-18 20:05:27.123970 I | rafthttp: started streaming with peer a1561573eb12db98 (stream Message reader)
2025-05-18 20:05:27.124111 I | rafthttp: started streaming with peer a1561573eb12db98 (stream MsgApp v2 reader)
2025-05-18 20:05:27.124196 I | rafthttp: started HTTP pipelining with peer dfe51183133d9fcb
2025-05-18 20:05:27.124945 I | rafthttp: started streaming with peer dfe51183133d9fcb (writer)
2025-05-18 20:05:27.125641 I | rafthttp: started streaming with peer dfe51183133d9fcb (writer)
2025-05-18 20:05:27.125908 I | rafthttp: started peer dfe51183133d9fcb
2025-05-18 20:05:27.125939 I | rafthttp: started streaming with peer dfe51183133d9fcb (stream MsgApp v2 reader)
2025-05-18 20:05:27.125973 I | rafthttp: started streaming with peer dfe51183133d9fcb (stream Message reader)
2025-05-18 20:05:27.126049 I | rafthttp: added peer dfe51183133d9fcb
2025-05-18 20:05:27.126089 I | rafthttp: starting peer fe700c0c32dc3b77...
2025-05-18 20:05:27.126133 I | rafthttp: started HTTP pipelining with peer fe700c0c32dc3b77
2025-05-18 20:05:27.126449 I | rafthttp: started streaming with peer fe700c0c32dc3b77 (writer)
2025-05-18 20:05:27.126637 I | rafthttp: started streaming with peer fe700c0c32dc3b77 (writer)
2025-05-18 20:05:27.129268 I | rafthttp: started peer fe700c0c32dc3b77
2025-05-18 20:05:27.129314 I | rafthttp: added peer fe700c0c32dc3b77
2025-05-18 20:05:27.129327 I | rafthttp: started streaming with peer fe700c0c32dc3b77 (stream Message reader)
2025-05-18 20:05:27.129421 I | etcdserver: starting server... [version: 3.1.5, cluster version: to_be_decided]
2025-05-18 20:05:27.129612 I | rafthttp: started streaming with peer fe700c0c32dc3b77 (stream MsgApp v2 reader)
2025-05-18 20:05:27.129945 I | etcdserver/membership: added member 399dd9d2fe9451fe [http://hp158.utah.cloudlab.us:2380] to cluster aac2752a141c3276
2025-05-18 20:05:27.130058 I | etcdserver/membership: added member a1561573eb12db98 [http://hp124.utah.cloudlab.us:2380] to cluster aac2752a141c3276
2025-05-18 20:05:27.130275 I | rafthttp: peer 399dd9d2fe9451fe became active
2025-05-18 20:05:27.130295 I | rafthttp: established a TCP streaming connection with peer 399dd9d2fe9451fe (stream Message writer)
2025-05-18 20:05:27.130327 I | etcdserver/membership: added member c89e8ee7e52968ff [http://hp149.utah.cloudlab.us:2380] to cluster aac2752a141c3276
2025-05-18 20:05:27.130365 I | rafthttp: established a TCP streaming connection with peer 399dd9d2fe9451fe (stream MsgApp v2 writer)
2025-05-18 20:05:27.130472 I | etcdserver/membership: added member dfe51183133d9fcb [http://hp159.utah.cloudlab.us:2380] to cluster aac2752a141c3276
2025-05-18 20:05:27.130951 I | rafthttp: peer fe700c0c32dc3b77 became active
2025-05-18 20:05:27.130986 I | rafthttp: established a TCP streaming connection with peer fe700c0c32dc3b77 (stream Message writer)
2025-05-18 20:05:27.131014 I | etcdserver/membership: added member fe700c0c32dc3b77 [http://hp144.utah.cloudlab.us:2380] to cluster aac2752a141c3276
2025-05-18 20:05:27.131043 I | rafthttp: established a TCP streaming connection with peer fe700c0c32dc3b77 (stream Message reader)
2025-05-18 20:05:27.131091 I | rafthttp: established a TCP streaming connection with peer fe700c0c32dc3b77 (stream MsgApp v2 writer)
2025-05-18 20:05:27.131257 I | rafthttp: established a TCP streaming connection with peer fe700c0c32dc3b77 (stream MsgApp v2 reader)
2025-05-18 20:05:27.132002 I | rafthttp: established a TCP streaming connection with peer 399dd9d2fe9451fe (stream MsgApp v2 reader)
2025-05-18 20:05:27.132117 I | rafthttp: established a TCP streaming connection with peer 399dd9d2fe9451fe (stream Message reader)
2025-05-18 20:05:27.140258 I | rafthttp: peer a1561573eb12db98 became active
2025-05-18 20:05:27.140300 I | rafthttp: established a TCP streaming connection with peer a1561573eb12db98 (stream Message writer)
2025-05-18 20:05:27.140347 I | rafthttp: established a TCP streaming connection with peer a1561573eb12db98 (stream MsgApp v2 writer)
2025-05-18 20:05:27.142426 I | rafthttp: peer dfe51183133d9fcb became active
2025-05-18 20:05:27.142475 I | rafthttp: established a TCP streaming connection with peer dfe51183133d9fcb (stream Message reader)
2025-05-18 20:05:27.142591 I | rafthttp: established a TCP streaming connection with peer dfe51183133d9fcb (stream Message writer)
2025-05-18 20:05:27.142620 I | rafthttp: established a TCP streaming connection with peer a1561573eb12db98 (stream MsgApp v2 reader)
2025-05-18 20:05:27.142679 I | rafthttp: established a TCP streaming connection with peer a1561573eb12db98 (stream Message reader)
2025-05-18 20:05:27.142769 I | rafthttp: established a TCP streaming connection with peer dfe51183133d9fcb (stream MsgApp v2 writer)
2025-05-18 20:05:27.142939 I | rafthttp: established a TCP streaming connection with peer dfe51183133d9fcb (stream MsgApp v2 reader)
2025-05-18 20:05:27.312884 I | raft: c89e8ee7e52968ff [term: 1] received a MsgVote message with higher term from 399dd9d2fe9451fe [term: 2]
2025-05-18 20:05:27.312926 I | raft: c89e8ee7e52968ff became follower at term 2
2025-05-18 20:05:27.312949 I | raft: c89e8ee7e52968ff [logterm: 1, index: 5, vote: 0] cast MsgVote for 399dd9d2fe9451fe [logterm: 1, index: 5] at term 2
2025-05-18 20:05:27.314299 I | raft: raft.node: c89e8ee7e52968ff elected leader 399dd9d2fe9451fe at term 2
2025-05-18 20:05:27.316603 I | etcdserver: published {Name:hp149.utah.cloudlab.us ClientURLs:[http://hp149.utah.cloudlab.us:2379]} to cluster aac2752a141c3276
2025-05-18 20:05:27.316629 I | embed: ready to serve client requests
2025-05-18 20:05:27.316859 E | etcdmain: forgot to set Type=notify in systemd service file?
2025-05-18 20:05:27.317667 N | embed: serving insecure client requests on [::]:2379, this is strongly discouraged!
2025-05-18 20:05:27.322252 N | etcdserver/membership: set the initial cluster version to 3.1
2025-05-18 20:05:27.322330 I | etcdserver/api: enabled capabilities for version 3.1
2025-05-18 20:05:43.904467 I | etcdserver: start to snapshot (applied: 10002, lastsnap: 0)
2025-05-18 20:05:43.913588 I | etcdserver: saved snapshot at index 10002
2025-05-18 20:05:43.914233 I | etcdserver: compacted raft log at 5002
2025-05-18 20:05:46.912173 I | raft: c89e8ee7e52968ff is starting a new election at term 2
2025-05-18 20:05:46.912251 I | raft: c89e8ee7e52968ff became candidate at term 3
2025-05-18 20:05:46.912272 I | raft: c89e8ee7e52968ff received MsgVoteResp from c89e8ee7e52968ff at term 3
2025-05-18 20:05:46.912291 I | raft: c89e8ee7e52968ff [logterm: 2, index: 12459] sent MsgVote request to 399dd9d2fe9451fe at term 3
2025-05-18 20:05:46.912311 I | raft: c89e8ee7e52968ff [logterm: 2, index: 12459] sent MsgVote request to a1561573eb12db98 at term 3
2025-05-18 20:05:46.912327 I | raft: c89e8ee7e52968ff [logterm: 2, index: 12459] sent MsgVote request to dfe51183133d9fcb at term 3
2025-05-18 20:05:46.912343 I | raft: c89e8ee7e52968ff [logterm: 2, index: 12459] sent MsgVote request to fe700c0c32dc3b77 at term 3
2025-05-18 20:05:46.912358 I | raft: raft.node: c89e8ee7e52968ff lost leader 399dd9d2fe9451fe at term 3
2025-05-18 20:05:46.913502 I | raft: c89e8ee7e52968ff received MsgVoteResp from fe700c0c32dc3b77 at term 3
2025-05-18 20:05:46.913540 I | raft: c89e8ee7e52968ff [quorum:3] has received 2 MsgVoteResp votes and 0 vote rejections
2025-05-18 20:05:47.993035 I | raft: c89e8ee7e52968ff [term: 3] received a MsgVote message with higher term from fe700c0c32dc3b77 [term: 4]
2025-05-18 20:05:47.993089 I | raft: c89e8ee7e52968ff became follower at term 4
2025-05-18 20:05:47.993115 I | raft: c89e8ee7e52968ff [logterm: 2, index: 12459, vote: 0] rejected MsgVote from fe700c0c32dc3b77 [logterm: 2, index: 12458] at term 4
2025-05-18 20:05:48.803750 W | rafthttp: lost the TCP streaming connection with peer a1561573eb12db98 (stream Message reader)
2025-05-18 20:05:48.803798 E | rafthttp: failed to read a1561573eb12db98 on stream Message (read tcp 128.110.218.188:54910->128.110.218.163:2380: i/o timeout)
2025-05-18 20:05:48.803812 I | rafthttp: peer a1561573eb12db98 became inactive
2025-05-18 20:05:48.803858 W | rafthttp: lost the TCP streaming connection with peer a1561573eb12db98 (stream MsgApp v2 reader)
2025-05-18 20:05:48.804752 W | rafthttp: lost the TCP streaming connection with peer dfe51183133d9fcb (stream MsgApp v2 reader)
2025-05-18 20:05:48.804800 E | rafthttp: failed to read dfe51183133d9fcb on stream MsgApp v2 (read tcp 128.110.218.188:54760->128.110.218.198:2380: i/o timeout)
2025-05-18 20:05:48.804821 I | rafthttp: peer dfe51183133d9fcb became inactive
2025-05-18 20:05:48.806500 W | rafthttp: lost the TCP streaming connection with peer dfe51183133d9fcb (stream Message reader)
2025-05-18 20:05:49.193033 I | raft: c89e8ee7e52968ff [term: 4] received a MsgVote message with higher term from fe700c0c32dc3b77 [term: 5]
2025-05-18 20:05:49.193076 I | raft: c89e8ee7e52968ff became follower at term 5
2025-05-18 20:05:49.193098 I | raft: c89e8ee7e52968ff [logterm: 2, index: 12459, vote: 0] rejected MsgVote from fe700c0c32dc3b77 [logterm: 2, index: 12458] at term 5
2025-05-18 20:05:50.112170 I | raft: c89e8ee7e52968ff is starting a new election at term 5
2025-05-18 20:05:50.112240 I | raft: c89e8ee7e52968ff became candidate at term 6
2025-05-18 20:05:50.112270 I | raft: c89e8ee7e52968ff received MsgVoteResp from c89e8ee7e52968ff at term 6
2025-05-18 20:05:50.112290 I | raft: c89e8ee7e52968ff [logterm: 2, index: 12459] sent MsgVote request to dfe51183133d9fcb at term 6
2025-05-18 20:05:50.112324 I | raft: c89e8ee7e52968ff [logterm: 2, index: 12459] sent MsgVote request to fe700c0c32dc3b77 at term 6
2025-05-18 20:05:50.112350 I | raft: c89e8ee7e52968ff [logterm: 2, index: 12459] sent MsgVote request to 399dd9d2fe9451fe at term 6
2025-05-18 20:05:50.112367 I | raft: c89e8ee7e52968ff [logterm: 2, index: 12459] sent MsgVote request to a1561573eb12db98 at term 6
2025-05-18 20:05:50.113524 I | raft: c89e8ee7e52968ff received MsgVoteResp from fe700c0c32dc3b77 at term 6
2025-05-18 20:05:50.113563 I | raft: c89e8ee7e52968ff [quorum:3] has received 2 MsgVoteResp votes and 0 vote rejections
2025-05-18 20:05:50.418569 W | rafthttp: lost the TCP streaming connection with peer 399dd9d2fe9451fe (stream MsgApp v2 reader)
2025-05-18 20:05:50.418613 E | rafthttp: failed to read 399dd9d2fe9451fe on stream MsgApp v2 (read tcp 128.110.218.188:54938->128.110.218.197:2380: i/o timeout)
2025-05-18 20:05:50.418682 I | rafthttp: peer 399dd9d2fe9451fe became inactive
2025-05-18 20:05:50.458785 W | rafthttp: lost the TCP streaming connection with peer 399dd9d2fe9451fe (stream Message reader)
2025-05-18 20:05:50.510585 I | rafthttp: peer 399dd9d2fe9451fe became active
2025-05-18 20:05:50.510621 W | rafthttp: closed an existing TCP streaming connection with peer 399dd9d2fe9451fe (stream Message writer)
2025-05-18 20:05:50.510636 I | rafthttp: established a TCP streaming connection with peer 399dd9d2fe9451fe (stream Message writer)
2025-05-18 20:05:50.520331 I | rafthttp: established a TCP streaming connection with peer 399dd9d2fe9451fe (stream MsgApp v2 reader)
2025-05-18 20:05:50.560649 I | rafthttp: established a TCP streaming connection with peer 399dd9d2fe9451fe (stream Message reader)
2025-05-18 20:05:51.196242 I | rafthttp: peer a1561573eb12db98 became active
2025-05-18 20:05:51.196277 W | rafthttp: closed an existing TCP streaming connection with peer a1561573eb12db98 (stream Message writer)
2025-05-18 20:05:51.196290 I | rafthttp: established a TCP streaming connection with peer a1561573eb12db98 (stream Message writer)
2025-05-18 20:05:51.196305 W | rafthttp: closed an existing TCP streaming connection with peer a1561573eb12db98 (stream MsgApp v2 writer)
2025-05-18 20:05:51.196318 I | rafthttp: established a TCP streaming connection with peer a1561573eb12db98 (stream MsgApp v2 writer)
2025-05-18 20:05:51.216910 I | rafthttp: established a TCP streaming connection with peer a1561573eb12db98 (stream Message reader)
2025-05-18 20:05:51.216978 I | rafthttp: established a TCP streaming connection with peer a1561573eb12db98 (stream MsgApp v2 reader)
2025-05-18 20:05:51.217095 I | rafthttp: peer dfe51183133d9fcb became active
2025-05-18 20:05:51.217179 I | rafthttp: established a TCP streaming connection with peer dfe51183133d9fcb (stream MsgApp v2 reader)
2025-05-18 20:05:51.217247 I | rafthttp: established a TCP streaming connection with peer dfe51183133d9fcb (stream Message reader)
2025-05-18 20:05:51.223748 W | rafthttp: closed an existing TCP streaming connection with peer dfe51183133d9fcb (stream MsgApp v2 writer)
2025-05-18 20:05:51.223783 I | rafthttp: established a TCP streaming connection with peer dfe51183133d9fcb (stream MsgApp v2 writer)
2025-05-18 20:05:51.223799 W | rafthttp: closed an existing TCP streaming connection with peer dfe51183133d9fcb (stream Message writer)
2025-05-18 20:05:51.223812 I | rafthttp: established a TCP streaming connection with peer dfe51183133d9fcb (stream Message writer)
2025-05-18 20:05:51.230123 W | rafthttp: closed an existing TCP streaming connection with peer 399dd9d2fe9451fe (stream MsgApp v2 writer)
2025-05-18 20:05:51.230158 I | rafthttp: established a TCP streaming connection with peer 399dd9d2fe9451fe (stream MsgApp v2 writer)
2025-05-18 20:05:51.693058 I | raft: c89e8ee7e52968ff [term: 6] received a MsgVote message with higher term from fe700c0c32dc3b77 [term: 7]
2025-05-18 20:05:51.693110 I | raft: c89e8ee7e52968ff became follower at term 7
2025-05-18 20:05:51.693136 I | raft: c89e8ee7e52968ff [logterm: 2, index: 12459, vote: 0] rejected MsgVote from fe700c0c32dc3b77 [logterm: 2, index: 12458] at term 7
2025-05-18 20:05:52.415255 E | etcdserver/api/v2http: got unexpected response error (etcdserver: request timed out)
2025-05-18 20:05:52.812180 I | raft: c89e8ee7e52968ff is starting a new election at term 7
2025-05-18 20:05:52.812248 I | raft: c89e8ee7e52968ff became candidate at term 8
2025-05-18 20:05:52.812268 I | raft: c89e8ee7e52968ff received MsgVoteResp from c89e8ee7e52968ff at term 8
2025-05-18 20:05:52.812287 I | raft: c89e8ee7e52968ff [logterm: 2, index: 12459] sent MsgVote request to dfe51183133d9fcb at term 8
2025-05-18 20:05:52.812304 I | raft: c89e8ee7e52968ff [logterm: 2, index: 12459] sent MsgVote request to fe700c0c32dc3b77 at term 8
2025-05-18 20:05:52.812320 I | raft: c89e8ee7e52968ff [logterm: 2, index: 12459] sent MsgVote request to 399dd9d2fe9451fe at term 8
2025-05-18 20:05:52.812339 I | raft: c89e8ee7e52968ff [logterm: 2, index: 12459] sent MsgVote request to a1561573eb12db98 at term 8
2025-05-18 20:05:52.813391 I | raft: c89e8ee7e52968ff received MsgVoteResp rejection from dfe51183133d9fcb at term 8
2025-05-18 20:05:52.813429 I | raft: c89e8ee7e52968ff [quorum:3] has received 1 MsgVoteResp votes and 1 vote rejections
2025-05-18 20:05:52.813449 I | raft: c89e8ee7e52968ff received MsgVoteResp from fe700c0c32dc3b77 at term 8
2025-05-18 20:05:52.813462 I | raft: c89e8ee7e52968ff [quorum:3] has received 2 MsgVoteResp votes and 1 vote rejections
2025-05-18 20:05:52.813477 I | raft: c89e8ee7e52968ff received MsgVoteResp rejection from a1561573eb12db98 at term 8
2025-05-18 20:05:52.813489 I | raft: c89e8ee7e52968ff [quorum:3] has received 2 MsgVoteResp votes and 2 vote rejections
2025-05-18 20:05:52.813504 I | raft: c89e8ee7e52968ff received MsgVoteResp rejection from 399dd9d2fe9451fe at term 8
2025-05-18 20:05:52.813516 I | raft: c89e8ee7e52968ff [quorum:3] has received 2 MsgVoteResp votes and 3 vote rejections
2025-05-18 20:05:52.813538 I | raft: c89e8ee7e52968ff became follower at term 8
2025-05-18 20:05:53.912816 I | raft: c89e8ee7e52968ff [term: 8] received a MsgVote message with higher term from 399dd9d2fe9451fe [term: 9]
2025-05-18 20:05:53.912870 I | raft: c89e8ee7e52968ff became follower at term 9
2025-05-18 20:05:53.912898 I | raft: c89e8ee7e52968ff [logterm: 2, index: 12459, vote: 0] cast MsgVote for 399dd9d2fe9451fe [logterm: 2, index: 20643] at term 9
2025-05-18 20:05:53.913787 I | raft: raft.node: c89e8ee7e52968ff elected leader 399dd9d2fe9451fe at term 9
2025-05-18 20:05:53.923069 I | rafthttp: receiving database snapshot [index:20644, from 399dd9d2fe9451fe] ...
2025-05-18 20:05:53.924011 I | snap: saved database snapshot to disk [total bytes: 24576]
2025-05-18 20:05:53.924068 I | rafthttp: received and saved database snapshot [index: 20644, from: 399dd9d2fe9451fe] successfully
2025-05-18 20:05:53.924230 I | raft: c89e8ee7e52968ff [commit: 12458, lastindex: 12459, lastterm: 2] starts to restore snapshot [index: 20644, term: 9]
2025-05-18 20:05:53.924273 I | raft: log [committed=12458, applied=12458, unstable.offset=12460, len(unstable.Entries)=0] starts to restore snapshot [index: 20644, term: 9]
2025-05-18 20:05:53.924306 I | raft: c89e8ee7e52968ff restored progress of 399dd9d2fe9451fe [next = 20645, match = 0, state = ProgressStateProbe, waiting = false, pendingSnapshot = 0]
2025-05-18 20:05:53.924330 I | raft: c89e8ee7e52968ff restored progress of a1561573eb12db98 [next = 20645, match = 0, state = ProgressStateProbe, waiting = false, pendingSnapshot = 0]
2025-05-18 20:05:53.924345 I | raft: c89e8ee7e52968ff restored progress of c89e8ee7e52968ff [next = 20645, match = 20644, state = ProgressStateProbe, waiting = false, pendingSnapshot = 0]
2025-05-18 20:05:53.924358 I | raft: c89e8ee7e52968ff restored progress of dfe51183133d9fcb [next = 20645, match = 0, state = ProgressStateProbe, waiting = false, pendingSnapshot = 0]
2025-05-18 20:05:53.924370 I | raft: c89e8ee7e52968ff restored progress of fe700c0c32dc3b77 [next = 20645, match = 0, state = ProgressStateProbe, waiting = false, pendingSnapshot = 0]
2025-05-18 20:05:53.924381 I | raft: c89e8ee7e52968ff [commit: 20644] restored snapshot [index: 20644, term: 9]
2025-05-18 20:05:53.924527 I | etcdserver: applying snapshot at index 10002...
2025-05-18 20:05:53.924796 I | etcdserver: recovering lessor...
2025-05-18 20:05:53.925104 I | etcdserver: finished recovering lessor
2025-05-18 20:05:53.925126 I | etcdserver: restoring mvcc store...
2025-05-18 20:05:53.926111 I | etcdserver: finished restoring mvcc store
2025-05-18 20:05:53.926262 I | etcdserver: recovering alarms...
2025-05-18 20:05:53.926397 I | etcdserver: closing old backend...
2025-05-18 20:05:53.926474 I | etcdserver: raft applied incoming snapshot at index 20644
2025-05-18 20:05:53.926559 I | etcdserver: finished recovering alarms
2025-05-18 20:05:53.926599 I | etcdserver: recovering auth store...
2025-05-18 20:05:53.926613 I | etcdserver: finished recovering auth store
2025-05-18 20:05:53.926618 I | etcdserver: recovering store v2...
2025-05-18 20:05:53.926838 I | etcdserver: finished closing old backend
2025-05-18 20:05:53.936405 I | etcdserver: finished recovering store v2
2025-05-18 20:05:53.936436 I | etcdserver: recovering cluster configuration...
2025-05-18 20:05:53.936572 I | etcdserver/membership: added member 399dd9d2fe9451fe [http://hp158.utah.cloudlab.us:2380] to cluster aac2752a141c3276 from store
2025-05-18 20:05:53.936588 I | etcdserver/membership: added member a1561573eb12db98 [http://hp124.utah.cloudlab.us:2380] to cluster aac2752a141c3276 from store
2025-05-18 20:05:53.936594 I | etcdserver/membership: added member c89e8ee7e52968ff [http://hp149.utah.cloudlab.us:2380] to cluster aac2752a141c3276 from store
2025-05-18 20:05:53.936601 I | etcdserver/membership: added member dfe51183133d9fcb [http://hp159.utah.cloudlab.us:2380] to cluster aac2752a141c3276 from store
2025-05-18 20:05:53.936607 I | etcdserver/membership: added member fe700c0c32dc3b77 [http://hp144.utah.cloudlab.us:2380] to cluster aac2752a141c3276 from store
2025-05-18 20:05:53.936616 I | etcdserver/membership: set the cluster version to 3.1 from store
2025-05-18 20:05:53.936625 I | etcdserver: finished recovering cluster configuration
2025-05-18 20:05:53.936630 I | etcdserver: removing old peers from network...
2025-05-18 20:05:53.936637 I | rafthttp: stopping peer 399dd9d2fe9451fe...
2025-05-18 20:05:53.938642 I | rafthttp: closed the TCP streaming connection with peer 399dd9d2fe9451fe (stream MsgApp v2 writer)
2025-05-18 20:05:53.938676 I | rafthttp: stopped streaming with peer 399dd9d2fe9451fe (writer)
2025-05-18 20:05:53.944526 I | rafthttp: closed the TCP streaming connection with peer 399dd9d2fe9451fe (stream Message writer)
2025-05-18 20:05:53.944562 I | rafthttp: stopped streaming with peer 399dd9d2fe9451fe (writer)
2025-05-18 20:05:53.944634 I | rafthttp: stopped HTTP pipelining with peer 399dd9d2fe9451fe
2025-05-18 20:05:53.944767 W | rafthttp: lost the TCP streaming connection with peer 399dd9d2fe9451fe (stream MsgApp v2 reader)
2025-05-18 20:05:53.944799 I | rafthttp: stopped streaming with peer 399dd9d2fe9451fe (stream MsgApp v2 reader)
2025-05-18 20:05:53.944904 W | rafthttp: lost the TCP streaming connection with peer 399dd9d2fe9451fe (stream Message reader)
2025-05-18 20:05:53.944944 I | rafthttp: stopped streaming with peer 399dd9d2fe9451fe (stream Message reader)
2025-05-18 20:05:53.944966 I | rafthttp: stopped peer 399dd9d2fe9451fe
2025-05-18 20:05:53.944987 I | rafthttp: removed peer 399dd9d2fe9451fe
2025-05-18 20:05:53.944999 I | rafthttp: stopping peer a1561573eb12db98...
2025-05-18 20:05:53.945952 I | rafthttp: closed the TCP streaming connection with peer a1561573eb12db98 (stream MsgApp v2 writer)
2025-05-18 20:05:53.945973 I | rafthttp: stopped streaming with peer a1561573eb12db98 (writer)
2025-05-18 20:05:53.947738 I | rafthttp: closed the TCP streaming connection with peer a1561573eb12db98 (stream Message writer)
2025-05-18 20:05:53.947763 I | rafthttp: stopped streaming with peer a1561573eb12db98 (writer)
2025-05-18 20:05:53.947792 I | rafthttp: stopped HTTP pipelining with peer a1561573eb12db98
2025-05-18 20:05:53.947864 W | rafthttp: lost the TCP streaming connection with peer a1561573eb12db98 (stream MsgApp v2 reader)
2025-05-18 20:05:53.947884 E | rafthttp: failed to read a1561573eb12db98 on stream MsgApp v2 (net/http: request canceled)
2025-05-18 20:05:53.947894 I | rafthttp: peer a1561573eb12db98 became inactive
2025-05-18 20:05:53.947908 I | rafthttp: stopped streaming with peer a1561573eb12db98 (stream MsgApp v2 reader)
2025-05-18 20:05:53.947999 W | rafthttp: lost the TCP streaming connection with peer a1561573eb12db98 (stream Message reader)
2025-05-18 20:05:53.948036 I | rafthttp: stopped streaming with peer a1561573eb12db98 (stream Message reader)
2025-05-18 20:05:53.948059 I | rafthttp: stopped peer a1561573eb12db98
2025-05-18 20:05:53.948080 I | rafthttp: removed peer a1561573eb12db98
2025-05-18 20:05:53.948092 I | rafthttp: stopping peer dfe51183133d9fcb...
2025-05-18 20:05:53.949831 I | rafthttp: closed the TCP streaming connection with peer dfe51183133d9fcb (stream MsgApp v2 writer)
2025-05-18 20:05:53.949852 I | rafthttp: stopped streaming with peer dfe51183133d9fcb (writer)
2025-05-18 20:05:53.951553 W | rafthttp: lost the TCP streaming connection with peer fe700c0c32dc3b77 (stream MsgApp v2 reader)
2025-05-18 20:05:53.951615 I | rafthttp: closed the TCP streaming connection with peer dfe51183133d9fcb (stream Message writer)
2025-05-18 20:05:53.951633 I | rafthttp: stopped streaming with peer dfe51183133d9fcb (writer)
2025-05-18 20:05:53.951673 I | rafthttp: stopped HTTP pipelining with peer dfe51183133d9fcb
2025-05-18 20:05:53.951765 W | rafthttp: lost the TCP streaming connection with peer dfe51183133d9fcb (stream MsgApp v2 reader)
2025-05-18 20:05:53.951786 E | rafthttp: failed to read dfe51183133d9fcb on stream MsgApp v2 (net/http: request canceled)
2025-05-18 20:05:53.951796 I | rafthttp: peer dfe51183133d9fcb became inactive
2025-05-18 20:05:53.951810 I | rafthttp: stopped streaming with peer dfe51183133d9fcb (stream MsgApp v2 reader)
2025-05-18 20:05:53.951821 W | rafthttp: lost the TCP streaming connection with peer fe700c0c32dc3b77 (stream Message reader)
2025-05-18 20:05:53.951882 W | rafthttp: lost the TCP streaming connection with peer dfe51183133d9fcb (stream Message reader)
2025-05-18 20:05:53.951907 I | rafthttp: stopped streaming with peer dfe51183133d9fcb (stream Message reader)
2025-05-18 20:05:53.951926 I | rafthttp: stopped peer dfe51183133d9fcb
2025-05-18 20:05:53.951945 I | rafthttp: removed peer dfe51183133d9fcb
2025-05-18 20:05:53.951956 I | rafthttp: stopping peer fe700c0c32dc3b77...
2025-05-18 20:05:53.953700 I | rafthttp: closed the TCP streaming connection with peer fe700c0c32dc3b77 (stream MsgApp v2 writer)
2025-05-18 20:05:53.953746 I | rafthttp: stopped streaming with peer fe700c0c32dc3b77 (writer)
2025-05-18 20:05:53.955228 I | rafthttp: closed the TCP streaming connection with peer fe700c0c32dc3b77 (stream Message writer)
2025-05-18 20:05:53.955246 I | rafthttp: stopped streaming with peer fe700c0c32dc3b77 (writer)
2025-05-18 20:05:53.955276 I | rafthttp: stopped HTTP pipelining with peer fe700c0c32dc3b77
2025-05-18 20:05:53.955293 I | rafthttp: stopped streaming with peer fe700c0c32dc3b77 (stream MsgApp v2 reader)
2025-05-18 20:05:53.955313 I | rafthttp: stopped streaming with peer fe700c0c32dc3b77 (stream Message reader)
2025-05-18 20:05:53.955328 I | rafthttp: stopped peer fe700c0c32dc3b77
2025-05-18 20:05:53.955346 I | rafthttp: removed peer fe700c0c32dc3b77
2025-05-18 20:05:53.955357 I | etcdserver: finished removing old peers from network
2025-05-18 20:05:53.955366 I | etcdserver: adding peers from new cluster configuration into network...
2025-05-18 20:05:53.955471 I | rafthttp: starting peer 399dd9d2fe9451fe...
2025-05-18 20:05:53.955523 I | rafthttp: started HTTP pipelining with peer 399dd9d2fe9451fe
2025-05-18 20:05:53.957170 I | rafthttp: started streaming with peer 399dd9d2fe9451fe (writer)
2025-05-18 20:05:53.958662 I | rafthttp: started streaming with peer 399dd9d2fe9451fe (writer)
2025-05-18 20:05:53.961515 I | rafthttp: started peer 399dd9d2fe9451fe
2025-05-18 20:05:53.961563 I | rafthttp: added peer 399dd9d2fe9451fe
2025-05-18 20:05:53.961583 I | rafthttp: started streaming with peer 399dd9d2fe9451fe (stream MsgApp v2 reader)
2025-05-18 20:05:53.961628 I | rafthttp: starting peer a1561573eb12db98...
2025-05-18 20:05:53.961672 I | rafthttp: started HTTP pipelining with peer a1561573eb12db98
2025-05-18 20:05:53.961690 I | rafthttp: started streaming with peer 399dd9d2fe9451fe (stream Message reader)
2025-05-18 20:05:53.962158 I | rafthttp: peer 399dd9d2fe9451fe became active
2025-05-18 20:05:53.963552 I | rafthttp: established a TCP streaming connection with peer 399dd9d2fe9451fe (stream MsgApp v2 reader)
2025-05-18 20:05:53.963664 I | rafthttp: established a TCP streaming connection with peer 399dd9d2fe9451fe (stream Message reader)
2025-05-18 20:05:53.963714 I | rafthttp: started streaming with peer a1561573eb12db98 (writer)
2025-05-18 20:05:53.965338 I | rafthttp: started streaming with peer a1561573eb12db98 (writer)
2025-05-18 20:05:53.966960 I | rafthttp: started peer a1561573eb12db98
2025-05-18 20:05:53.967000 I | rafthttp: added peer a1561573eb12db98
2025-05-18 20:05:53.967041 I | rafthttp: started streaming with peer a1561573eb12db98 (stream MsgApp v2 reader)
2025-05-18 20:05:53.967122 I | rafthttp: started streaming with peer a1561573eb12db98 (stream Message reader)
2025-05-18 20:05:53.967159 I | rafthttp: starting peer dfe51183133d9fcb...
2025-05-18 20:05:53.967244 I | rafthttp: started HTTP pipelining with peer dfe51183133d9fcb
2025-05-18 20:05:53.967679 I | rafthttp: started streaming with peer dfe51183133d9fcb (writer)
2025-05-18 20:05:53.967946 I | rafthttp: started streaming with peer dfe51183133d9fcb (writer)
2025-05-18 20:05:53.968544 I | rafthttp: started peer dfe51183133d9fcb
2025-05-18 20:05:53.968580 I | rafthttp: added peer dfe51183133d9fcb
2025-05-18 20:05:53.968606 I | rafthttp: started streaming with peer dfe51183133d9fcb (stream Message reader)
2025-05-18 20:05:53.968742 I | rafthttp: started streaming with peer dfe51183133d9fcb (stream MsgApp v2 reader)
2025-05-18 20:05:53.968871 I | rafthttp: peer a1561573eb12db98 became active
2025-05-18 20:05:53.968907 I | rafthttp: established a TCP streaming connection with peer a1561573eb12db98 (stream Message reader)
2025-05-18 20:05:53.968931 I | rafthttp: starting peer fe700c0c32dc3b77...
2025-05-18 20:05:53.968995 I | rafthttp: started HTTP pipelining with peer fe700c0c32dc3b77
2025-05-18 20:05:53.969045 I | rafthttp: established a TCP streaming connection with peer a1561573eb12db98 (stream MsgApp v2 reader)
2025-05-18 20:05:53.969478 I | rafthttp: started streaming with peer fe700c0c32dc3b77 (writer)
2025-05-18 20:05:53.969856 I | rafthttp: started streaming with peer fe700c0c32dc3b77 (writer)
2025-05-18 20:05:53.972088 I | rafthttp: peer dfe51183133d9fcb became active
2025-05-18 20:05:53.972158 I | rafthttp: established a TCP streaming connection with peer dfe51183133d9fcb (stream MsgApp v2 reader)
2025-05-18 20:05:53.972195 I | rafthttp: established a TCP streaming connection with peer dfe51183133d9fcb (stream Message reader)
2025-05-18 20:05:53.972988 I | rafthttp: started peer fe700c0c32dc3b77
2025-05-18 20:05:53.973044 I | rafthttp: added peer fe700c0c32dc3b77
2025-05-18 20:05:53.973063 I | etcdserver: finished adding peers from new cluster configuration into network...
2025-05-18 20:05:53.973082 I | etcdserver: finished applying incoming snapshot at index 10002
2025-05-18 20:05:53.973826 I | rafthttp: started streaming with peer fe700c0c32dc3b77 (stream Message reader)
2025-05-18 20:05:53.979522 I | rafthttp: started streaming with peer fe700c0c32dc3b77 (stream MsgApp v2 reader)
2025-05-18 20:05:53.981087 I | rafthttp: peer fe700c0c32dc3b77 became active
2025-05-18 20:05:53.981132 I | rafthttp: established a TCP streaming connection with peer fe700c0c32dc3b77 (stream Message writer)
2025-05-18 20:05:53.981469 I | rafthttp: established a TCP streaming connection with peer fe700c0c32dc3b77 (stream MsgApp v2 writer)
2025-05-18 20:05:53.992228 I | rafthttp: established a TCP streaming connection with peer fe700c0c32dc3b77 (stream MsgApp v2 reader)
2025-05-18 20:05:53.992291 I | rafthttp: established a TCP streaming connection with peer fe700c0c32dc3b77 (stream Message reader)
2025-05-18 20:05:54.038761 I | rafthttp: established a TCP streaming connection with peer 399dd9d2fe9451fe (stream MsgApp v2 writer)
2025-05-18 20:05:54.040559 I | rafthttp: established a TCP streaming connection with peer 399dd9d2fe9451fe (stream Message writer)
2025-05-18 20:05:54.047073 I | rafthttp: established a TCP streaming connection with peer a1561573eb12db98 (stream MsgApp v2 writer)
2025-05-18 20:05:54.047809 I | rafthttp: established a TCP streaming connection with peer a1561573eb12db98 (stream Message writer)
2025-05-18 20:05:54.051674 I | rafthttp: established a TCP streaming connection with peer dfe51183133d9fcb (stream MsgApp v2 writer)
2025-05-18 20:05:54.051740 I | rafthttp: established a TCP streaming connection with peer dfe51183133d9fcb (stream Message writer)
2025-05-18 20:05:54.104041 E | etcdserver/api/v2http: got unexpected response error (etcdserver: request timed out) [merged 9 repeated lines in 1.68s]
2025-05-18 20:05:58.968704 W | rafthttp: health check for peer dfe51183133d9fcb could not connect: <nil>
2025-05-18 20:05:58.973344 W | rafthttp: health check for peer fe700c0c32dc3b77 could not connect: <nil>
2025-05-18 20:05:58.992495 W | rafthttp: lost the TCP streaming connection with peer fe700c0c32dc3b77 (stream Message reader)
2025-05-18 20:05:58.992540 E | rafthttp: failed to read fe700c0c32dc3b77 on stream Message (read tcp 128.110.218.188:55666->128.110.218.183:2380: i/o timeout)
2025-05-18 20:05:58.992554 I | rafthttp: peer fe700c0c32dc3b77 became inactive
2025-05-18 20:05:58.992614 W | rafthttp: lost the TCP streaming connection with peer fe700c0c32dc3b77 (stream MsgApp v2 reader)
2025-05-18 20:06:00.320892 I | etcdserver: start to snapshot (applied: 30645, lastsnap: 20644)
2025-05-18 20:06:00.329075 I | etcdserver: saved snapshot at index 30645
2025-05-18 20:06:00.329704 I | etcdserver: compacted raft log at 25645
2025-05-18 20:06:00.471554 W | rafthttp: lost the TCP streaming connection with peer dfe51183133d9fcb (stream MsgApp v2 reader)
2025-05-18 20:06:00.471597 E | rafthttp: failed to read dfe51183133d9fcb on stream MsgApp v2 (read tcp 128.110.218.188:57850->128.110.218.198:2380: i/o timeout)
2025-05-18 20:06:00.471610 I | rafthttp: peer dfe51183133d9fcb became inactive
2025-05-18 20:06:00.473157 W | rafthttp: lost the TCP streaming connection with peer dfe51183133d9fcb (stream Message reader)
2025-05-18 20:06:01.438142 I | rafthttp: peer fe700c0c32dc3b77 became active
2025-05-18 20:06:01.438182 W | rafthttp: closed an existing TCP streaming connection with peer fe700c0c32dc3b77 (stream Message writer)
2025-05-18 20:06:01.438259 I | rafthttp: established a TCP streaming connection with peer fe700c0c32dc3b77 (stream Message writer)
2025-05-18 20:06:01.439266 W | rafthttp: closed an existing TCP streaming connection with peer fe700c0c32dc3b77 (stream MsgApp v2 writer)
2025-05-18 20:06:01.439302 I | rafthttp: established a TCP streaming connection with peer fe700c0c32dc3b77 (stream MsgApp v2 writer)
2025-05-18 20:06:01.456940 I | rafthttp: established a TCP streaming connection with peer fe700c0c32dc3b77 (stream MsgApp v2 reader)
2025-05-18 20:06:01.457067 I | rafthttp: established a TCP streaming connection with peer fe700c0c32dc3b77 (stream Message reader)
2025-05-18 20:06:01.462537 I | rafthttp: peer dfe51183133d9fcb became active
2025-05-18 20:06:01.462573 W | rafthttp: closed an existing TCP streaming connection with peer dfe51183133d9fcb (stream Message writer)
2025-05-18 20:06:01.462586 I | rafthttp: established a TCP streaming connection with peer dfe51183133d9fcb (stream Message writer)
2025-05-18 20:06:01.463735 W | rafthttp: closed an existing TCP streaming connection with peer dfe51183133d9fcb (stream MsgApp v2 writer)
2025-05-18 20:06:01.463804 I | rafthttp: established a TCP streaming connection with peer dfe51183133d9fcb (stream MsgApp v2 writer)
2025-05-18 20:06:01.584958 I | rafthttp: established a TCP streaming connection with peer dfe51183133d9fcb (stream Message reader)
2025-05-18 20:06:01.585024 I | rafthttp: established a TCP streaming connection with peer dfe51183133d9fcb (stream MsgApp v2 reader)
2025-05-18 20:06:01.922857 I | raft: c89e8ee7e52968ff [term: 9] received a MsgVote message with higher term from dfe51183133d9fcb [term: 14]
2025-05-18 20:06:01.922902 I | raft: c89e8ee7e52968ff became follower at term 14
2025-05-18 20:06:01.922924 I | raft: c89e8ee7e52968ff [logterm: 9, index: 31567, vote: 0] rejected MsgVote from dfe51183133d9fcb [logterm: 9, index: 23326] at term 14
2025-05-18 20:06:01.922939 I | raft: raft.node: c89e8ee7e52968ff lost leader 399dd9d2fe9451fe at term 14
2025-05-18 20:06:02.912796 I | raft: c89e8ee7e52968ff [term: 14] received a MsgVote message with higher term from 399dd9d2fe9451fe [term: 15]
2025-05-18 20:06:02.912838 I | raft: c89e8ee7e52968ff became follower at term 15
2025-05-18 20:06:02.912861 I | raft: c89e8ee7e52968ff [logterm: 9, index: 31567, vote: 0] cast MsgVote for 399dd9d2fe9451fe [logterm: 9, index: 31567] at term 15
2025-05-18 20:06:02.913838 I | raft: raft.node: c89e8ee7e52968ff elected leader 399dd9d2fe9451fe at term 15
2025-05-18 20:06:07.909246 E | etcdserver/api/v2http: got unexpected response error (etcdserver: request timed out)
2025-05-18 20:06:07.915358 E | etcdserver/api/v2http: etcdserver: request timed out, possibly due to previous leader failure
2025-05-18 20:06:08.802606 I | etcdserver: start to snapshot (applied: 40646, lastsnap: 30645)
2025-05-18 20:06:08.814058 I | etcdserver: saved snapshot at index 40646
2025-05-18 20:06:08.814253 I | etcdserver: compacted raft log at 35646
2025-05-18 20:06:09.103976 E | etcdserver/api/v2http: got unexpected response error (etcdserver: request timed out) [merged 4 repeated lines in 1.19s]
2025-05-18 20:06:09.104007 E | etcdserver/api/v2http: etcdserver: request timed out, possibly due to previous leader failure [merged 4 repeated lines in 1.18s]
2025-05-18 20:06:10.470331 W | rafthttp: lost the TCP streaming connection with peer a1561573eb12db98 (stream Message reader)
2025-05-18 20:06:10.470363 E | rafthttp: failed to read a1561573eb12db98 on stream Message (read tcp 128.110.218.188:53352->128.110.218.163:2380: i/o timeout)
2025-05-18 20:06:10.470371 I | rafthttp: peer a1561573eb12db98 became inactive
2025-05-18 20:06:10.470378 W | rafthttp: lost the TCP streaming connection with peer a1561573eb12db98 (stream MsgApp v2 reader)
2025-05-18 20:06:10.471438 W | rafthttp: lost the TCP streaming connection with peer dfe51183133d9fcb (stream MsgApp v2 reader)
2025-05-18 20:06:10.471484 E | rafthttp: failed to read dfe51183133d9fcb on stream MsgApp v2 (read tcp 128.110.218.188:57868->128.110.218.198:2380: i/o timeout)
2025-05-18 20:06:10.471569 I | rafthttp: peer dfe51183133d9fcb became inactive
2025-05-18 20:06:10.473229 W | rafthttp: lost the TCP streaming connection with peer dfe51183133d9fcb (stream Message reader)
2025-05-18 20:06:11.632902 I | rafthttp: peer dfe51183133d9fcb became active
2025-05-18 20:06:11.632956 I | rafthttp: established a TCP streaming connection with peer dfe51183133d9fcb (stream Message reader)
2025-05-18 20:06:11.632980 I | rafthttp: established a TCP streaming connection with peer dfe51183133d9fcb (stream MsgApp v2 reader)
2025-05-18 20:06:11.633092 I | rafthttp: peer a1561573eb12db98 became active
2025-05-18 20:06:11.633134 I | rafthttp: established a TCP streaming connection with peer a1561573eb12db98 (stream Message reader)
2025-05-18 20:06:11.633163 I | rafthttp: established a TCP streaming connection with peer a1561573eb12db98 (stream MsgApp v2 reader)
2025-05-18 20:06:11.741005 W | rafthttp: closed an existing TCP streaming connection with peer a1561573eb12db98 (stream Message writer)
2025-05-18 20:06:11.741063 I | rafthttp: established a TCP streaming connection with peer a1561573eb12db98 (stream Message writer)
2025-05-18 20:06:11.742034 W | rafthttp: closed an existing TCP streaming connection with peer a1561573eb12db98 (stream MsgApp v2 writer)
2025-05-18 20:06:11.742070 I | rafthttp: established a TCP streaming connection with peer a1561573eb12db98 (stream MsgApp v2 writer)
2025-05-18 20:06:11.768102 W | rafthttp: closed an existing TCP streaming connection with peer dfe51183133d9fcb (stream Message writer)
2025-05-18 20:06:11.768136 I | rafthttp: established a TCP streaming connection with peer dfe51183133d9fcb (stream Message writer)
2025-05-18 20:06:11.769580 W | rafthttp: closed an existing TCP streaming connection with peer dfe51183133d9fcb (stream MsgApp v2 writer)
2025-05-18 20:06:11.769616 I | rafthttp: established a TCP streaming connection with peer dfe51183133d9fcb (stream MsgApp v2 writer)
2025-05-18 20:06:12.312131 I | raft: c89e8ee7e52968ff is starting a new election at term 15
2025-05-18 20:06:12.312177 I | raft: c89e8ee7e52968ff became candidate at term 16
2025-05-18 20:06:12.312195 I | raft: c89e8ee7e52968ff received MsgVoteResp from c89e8ee7e52968ff at term 16
2025-05-18 20:06:12.312232 I | raft: c89e8ee7e52968ff [logterm: 15, index: 44025] sent MsgVote request to dfe51183133d9fcb at term 16
2025-05-18 20:06:12.312251 I | raft: c89e8ee7e52968ff [logterm: 15, index: 44025] sent MsgVote request to fe700c0c32dc3b77 at term 16
2025-05-18 20:06:12.312267 I | raft: c89e8ee7e52968ff [logterm: 15, index: 44025] sent MsgVote request to 399dd9d2fe9451fe at term 16
2025-05-18 20:06:12.312288 I | raft: c89e8ee7e52968ff [logterm: 15, index: 44025] sent MsgVote request to a1561573eb12db98 at term 16
2025-05-18 20:06:12.312303 I | raft: raft.node: c89e8ee7e52968ff lost leader 399dd9d2fe9451fe at term 16
2025-05-18 20:06:12.313406 I | raft: c89e8ee7e52968ff received MsgVoteResp from fe700c0c32dc3b77 at term 16
2025-05-18 20:06:12.313443 I | raft: c89e8ee7e52968ff [quorum:3] has received 2 MsgVoteResp votes and 0 vote rejections
2025-05-18 20:06:12.512850 I | raft: c89e8ee7e52968ff [term: 16] received a MsgVote message with higher term from 399dd9d2fe9451fe [term: 20]
2025-05-18 20:06:12.512882 I | raft: c89e8ee7e52968ff became follower at term 20
2025-05-18 20:06:12.512912 I | raft: c89e8ee7e52968ff [logterm: 15, index: 44025, vote: 0] cast MsgVote for 399dd9d2fe9451fe [logterm: 15, index: 44025] at term 20
2025-05-18 20:06:12.513780 I | raft: raft.node: c89e8ee7e52968ff elected leader 399dd9d2fe9451fe at term 20
2025-05-18 20:06:16.701893 I | etcdserver: start to snapshot (applied: 50647, lastsnap: 40646)
2025-05-18 20:06:16.711385 I | etcdserver: saved snapshot at index 50647
2025-05-18 20:06:16.711613 I | etcdserver: compacted raft log at 45647
