22:06:10.786 [main] INFO org.apache.zookeeper.ZooKeeper -- Client environment:zookeeper.version=3.4.0-1202560, built on 11/16/2011 07:18 GMT
22:06:10.787 [main] INFO org.apache.zookeeper.ZooKeeper -- Client environment:host.name=hp154.utah.cloudlab.us
22:06:10.787 [main] INFO org.apache.zookeeper.ZooKeeper -- Client environment:java.version=11.0.26
22:06:10.787 [main] INFO org.apache.zookeeper.ZooKeeper -- Client environment:java.vendor=Ubuntu
22:06:10.787 [main] INFO org.apache.zookeeper.ZooKeeper -- Client environment:java.home=/usr/lib/jvm/java-11-openjdk-amd64
22:06:10.787 [main] INFO org.apache.zookeeper.ZooKeeper -- Client environment:java.class.path=/home/jepsen/jepsen.demo/test:/home/jepsen/jepsen.demo/workflow:/home/jepsen/jepsen.demo/dev-resources:/home/jepsen/jepsen.demo/resources:/home/jepsen/jepsen.demo/target/classes:/home/jepsen/.m2/repository/org/eclipse/jetty/jetty-io/11.0.21/jetty-io-11.0.21.jar:/home/jepsen/.m2/repository/joda-time/joda-time/2.10/joda-time-2.10.jar:/home/jepsen/.m2/repository/org/eclipse/jetty/jetty-server/11.0.21/jetty-server-11.0.21.jar:/home/jepsen/.m2/repository/crypto-equality/crypto-equality/1.0.1/crypto-equality-1.0.1.jar:/home/jepsen/.m2/repository/org/eclipse/jetty/jetty-http/11.0.21/jetty-http-11.0.21.jar:/home/jepsen/.m2/repository/org/apache/zookeeper/zookeeper/3.4.0/zookeeper-3.4.0.jar:/home/jepsen/.m2/repository/org/nrepl/incomplete/0.1.0/incomplete-0.1.0.jar:/home/jepsen/.m2/repository/org/clojure/algo.generic/0.1.2/algo.generic-0.1.2.jar:/home/jepsen/.m2/repository/io/aleph/dirigiste/0.1.5/dirigiste-0.1.5.jar:/home/jepsen/.m2/repository/org/eclipse/jetty/websocket/websocket-jetty-server/11.0.21/websocket-jetty-server-11.0.21.jar:/home/jepsen/.m2/repository/org/eclipse/jetty/jetty-util/11.0.21/jetty-util-11.0.21.jar:/home/jepsen/.m2/repository/tigris/tigris/0.1.1/tigris-0.1.1.jar:/home/jepsen/.m2/repository/com/fasterxml/jackson/core/jackson-databind/2.16.1/jackson-databind-2.16.1.jar:/home/jepsen/.m2/repository/commons-codec/commons-codec/1.10/commons-codec-1.10.jar:/home/jepsen/.m2/repository/org/jboss/netty/netty/3.2.2.Final/netty-3.2.2.Final.jar:/home/jepsen/.m2/repository/org/eclipse/jetty/websocket/websocket-jetty-common/11.0.21/websocket-jetty-common-11.0.21.jar:/home/jepsen/.m2/repository/com/jcraft/jsch.agentproxy.usocket-nc/0.0.9/jsch.agentproxy.usocket-nc-0.0.9.jar:/home/jepsen/.m2/repository/metametadata/multiset/0.1.1/multiset-0.1.1.jar:/home/jepsen/.m2/repository/org/clojure/tools.logging/1.3.0/tools.logging-1.3.0.jar:/home/jepsen/.m2/repository/org/clojure/clojure/1.11.1/clojure-1.11.1.jar:/home/jepsen/.m2/repository/knossos/knossos/0.3.10/knossos-0.3.10.jar:/home/jepsen/.m2/repository/ch/qos/logback/logback-classic/1.5.0/logback-classic-1.5.0.jar:/home/jepsen/.m2/repository/org/ring-clojure/ring-jakarta-servlet/1.12.2/ring-jakarta-servlet-1.12.2.jar:/home/jepsen/.m2/repository/org/slf4j/jul-to-slf4j/2.0.12/jul-to-slf4j-2.0.12.jar:/home/jepsen/.m2/repository/com/jcraft/jsch.agentproxy.connector-factory/0.0.9/jsch.agentproxy.connector-factory-0.0.9.jar:/home/jepsen/.m2/repository/org/clojure/math.combinatorics/0.2.0/math.combinatorics-0.2.0.jar:/home/jepsen/.m2/repository/jepsen/jepsen/0.3.7/jepsen-0.3.7.jar:/home/jepsen/.m2/repository/org/clojure/tools.cli/1.1.230/tools.cli-1.1.230.jar:/home/jepsen/.m2/repository/org/eclipse/jetty/websocket/websocket-servlet/11.0.21/websocket-servlet-11.0.21.jar:/home/jepsen/.m2/repository/org/clojure/data.fressian/1.1.0/data.fressian-1.1.0.jar:/home/jepsen/.m2/repository/org/ring-clojure/ring-core-protocols/1.12.2/ring-core-protocols-1.12.2.jar:/home/jepsen/.m2/repository/com/jcraft/jsch.agentproxy.core/0.0.9/jsch.agentproxy.core-0.0.9.jar:/home/jepsen/.m2/repository/org/eclipse/jetty/jetty-xml/11.0.21/jetty-xml-11.0.21.jar:/home/jepsen/.m2/repository/potemkin/potemkin/0.4.7/potemkin-0.4.7.jar:/home/jepsen/.m2/repository/rhizome/rhizome/0.2.9/rhizome-0.2.9.jar:/home/jepsen/.m2/repository/zookeeper-clj/zookeeper-clj/0.9.3/zookeeper-clj-0.9.3.jar:/home/jepsen/.m2/repository/org/bouncycastle/bcprov-jdk18on/1.78.1/bcprov-jdk18on-1.78.1.jar:/home/jepsen/.m2/repository/org/slf4j/log4j-over-slf4j/2.0.12/log4j-over-slf4j-2.0.12.jar:/home/jepsen/.m2/repository/spootnik/unilog/0.7.32/unilog-0.7.32.jar:/home/jepsen/.m2/repository/com/novemberain/langohr/5.5.0/langohr-5.5.0.jar:/home/jepsen/.m2/repository/commons-io/commons-io/2.4/commons-io-2.4.jar:/home/jepsen/.m2/repository/org/eclipse/jetty/websocket/websocket-core-common/11.0.21/websocket-core-common-11.0.21.jar:/home/jepsen/.m2/repository/verschlimmbesserung/verschlimmbesserung/0.1.3/verschlimmbesserung-0.1.3.jar:/home/jepsen/.m2/repository/com/jcraft/jsch.agentproxy.sshj/0.0.9/jsch.agentproxy.sshj-0.0.9.jar:/home/jepsen/.m2/repository/org/eclipse/jetty/websocket/websocket-jetty-api/11.0.21/websocket-jetty-api-11.0.21.jar:/home/jepsen/.m2/repository/org/fressian/fressian/0.6.8/fressian-0.6.8.jar:/home/jepsen/.m2/repository/org/eclipse/jetty/toolchain/jetty-jakarta-servlet-api/5.0.2/jetty-jakarta-servlet-api-5.0.2.jar:/home/jepsen/.m2/repository/org/clojure/data.codec/0.2.0/data.codec-0.2.0.jar:/home/jepsen/.m2/repository/org/clojure/core.rrb-vector/0.1.2/core.rrb-vector-0.1.2.jar:/home/jepsen/.m2/repository/org/eclipse/jetty/jetty-security/11.0.21/jetty-security-11.0.21.jar:/home/jepsen/.m2/repository/com/fasterxml/jackson/dataformat/jackson-dataformat-cbor/2.7.5/jackson-dataformat-cbor-2.7.5.jar:/home/jepsen/.m2/repository/org/apache/commons/commons-fileupload2-core/2.0.0-M1/commons-fileupload2-core-2.0.0-M1.jar:/home/jepsen/.m2/repository/ring/ring/1.12.2/ring-1.12.2.jar:/home/jepsen/.m2/repository/com/fasterxml/jackson/core/jackson-core/2.16.1/jackson-core-2.16.1.jar:/home/jepsen/.m2/repository/ring/ring-jetty-adapter/1.12.2/ring-jetty-adapter-1.12.2.jar:/home/jepsen/.m2/repository/net/logstash/logback/logstash-logback-encoder/7.4/logstash-logback-encoder-7.4.jar:/home/jepsen/.m2/repository/io/lacuna/bifurcan/0.2.0-alpha7/bifurcan-0.2.0-alpha7.jar:/home/jepsen/.m2/repository/org/eclipse/jetty/jetty-servlet/11.0.21/jetty-servlet-11.0.21.jar:/home/jepsen/.m2/repository/nrepl/nrepl/1.0.0/nrepl-1.0.0.jar:/home/jepsen/.m2/repository/primitive-math/primitive-math/0.1.6/primitive-math-0.1.6.jar:/home/jepsen/.m2/repository/com/boundary/high-scale-lib/1.0.6/high-scale-lib-1.0.6.jar:/home/jepsen/.m2/repository/org/bouncycastle/bcutil-jdk18on/1.78.1/bcutil-jdk18on-1.78.1.jar:/home/jepsen/.m2/repository/org/apache/httpcomponents/httpcore/4.4.4/httpcore-4.4.4.jar:/home/jepsen/.m2/repository/org/clojars/pallix/analemma/1.0.0/analemma-1.0.0.jar:/home/jepsen/.m2/repository/clj-time/clj-time/0.15.2/clj-time-0.15.2.jar:/home/jepsen/.m2/repository/hiccup/hiccup/1.0.5/hiccup-1.0.5.jar:/home/jepsen/.m2/repository/com/fasterxml/jackson/core/jackson-annotations/2.16.1/jackson-annotations-2.16.1.jar:/home/jepsen/.m2/repository/clj-tuple/clj-tuple/0.2.2/clj-tuple-0.2.2.jar:/home/jepsen/.m2/repository/org/eclipse/jetty/jetty-webapp/11.0.21/jetty-webapp-11.0.21.jar:/home/jepsen/.m2/repository/org/clojure/java.classpath/0.3.0/java.classpath-0.3.0.jar:/home/jepsen/.m2/repository/ch/qos/logback/logback-core/1.5.0/logback-core-1.5.0.jar:/home/jepsen/.m2/repository/crypto-random/crypto-random/1.2.1/crypto-random-1.2.1.jar:/home/jepsen/.m2/repository/junit/junit/3.8.1/junit-3.8.1.jar:/home/jepsen/.m2/repository/riddley/riddley/0.2.0/riddley-0.2.0.jar:/home/jepsen/.m2/repository/dom-top/dom-top/1.0.9/dom-top-1.0.9.jar:/home/jepsen/.m2/repository/org/clojure/core.specs.alpha/0.2.62/core.specs.alpha-0.2.62.jar:/home/jepsen/.m2/repository/com/jcraft/jsch.agentproxy.jsch/0.0.9/jsch.agentproxy.jsch-0.0.9.jar:/home/jepsen/.m2/repository/http-kit/http-kit/2.8.0/http-kit-2.8.0.jar:/home/jepsen/.m2/repository/hato/hato/1.0.0/hato-1.0.0.jar:/home/jepsen/.m2/repository/interval-metrics/interval-metrics/1.0.1/interval-metrics-1.0.1.jar:/home/jepsen/.m2/repository/ns-tracker/ns-tracker/0.4.0/ns-tracker-0.4.0.jar:/home/jepsen/.m2/repository/cheshire/cheshire/5.6.3/cheshire-5.6.3.jar:/home/jepsen/.m2/repository/fipp/fipp/0.6.26/fipp-0.6.26.jar:/home/jepsen/.m2/repository/com/jcraft/jsch/0.1.53/jsch-0.1.53.jar:/home/jepsen/.m2/repository/org/slf4j/slf4j-api/2.0.13/slf4j-api-2.0.13.jar:/home/jepsen/.m2/repository/ring/ring-devel/1.12.2/ring-devel-1.12.2.jar:/home/jepsen/.m2/repository/net/i2p/crypto/eddsa/0.3.0/eddsa-0.3.0.jar:/home/jepsen/.m2/repository/com/rabbitmq/amqp-client/5.22.0/amqp-client-5.22.0.jar:/home/jepsen/.m2/repository/com/jcraft/jsch.agentproxy.usocket-jna/0.0.9/jsch.agentproxy.usocket-jna-0.0.9.jar:/home/jepsen/.m2/repository/org/clojure/spec.alpha/0.3.218/spec.alpha-0.3.218.jar:/home/jepsen/.m2/repository/ring/ring-codec/1.2.0/ring-codec-1.2.0.jar:/home/jepsen/.m2/repository/org/bouncycastle/bcpkix-jdk18on/1.78.1/bcpkix-jdk18on-1.78.1.jar:/home/jepsen/.m2/repository/jepsen/txn/jepsen.txn/0.1.2/jepsen.txn-0.1.2.jar:/home/jepsen/.m2/repository/gnuplot/gnuplot/0.1.3/gnuplot-0.1.3.jar:/home/jepsen/.m2/repository/org/clojure/tools.namespace/0.2.11/tools.namespace-0.2.11.jar:/home/jepsen/.m2/repository/tesser/core/tesser.core/1.0.6/tesser.core-1.0.6.jar:/home/jepsen/.m2/repository/org/slf4j/slf4j-log4j12/1.6.1/slf4j-log4j12-1.6.1.jar:/home/jepsen/.m2/repository/log4j/log4j/1.2.17/log4j-1.2.17.jar:/home/jepsen/.m2/repository/org/ring-clojure/ring-websocket-protocols/1.12.2/ring-websocket-protocols-1.12.2.jar:/home/jepsen/.m2/repository/net/java/dev/jna/jna-platform/4.1.0/jna-platform-4.1.0.jar:/home/jepsen/.m2/repository/byte-streams/byte-streams/0.2.5-alpha2/byte-streams-0.2.5-alpha2.jar:/home/jepsen/.m2/repository/elle/elle/0.2.2/elle-0.2.2.jar:/home/jepsen/.m2/repository/clojurewerkz/support/1.5.0/support-1.5.0.jar:/home/jepsen/.m2/repository/com/jcraft/jsch.agentproxy.sshagent/0.0.9/jsch.agentproxy.sshagent-0.0.9.jar:/home/jepsen/.m2/repository/com/aphyr/bifurcan-clj/0.1.2/bifurcan-clj-0.1.2.jar:/home/jepsen/.m2/repository/net/java/dev/jna/jna/4.1.0/jna-4.1.0.jar:/home/jepsen/.m2/repository/com/fasterxml/jackson/dataformat/jackson-dataformat-smile/2.7.5/jackson-dataformat-smile-2.7.5.jar:/home/jepsen/.m2/repository/com/hierynomus/asn-one/0.6.0/asn-one-0.6.0.jar:/home/jepsen/.m2/repository/manifold/manifold/0.1.8/manifold-0.1.8.jar:/home/jepsen/.m2/repository/commons-logging/commons-logging/1.2/commons-logging-1.2.jar:/home/jepsen/.m2/repository/clj-http/clj-http/2.2.0/clj-http-2.2.0.jar:/home/jepsen/.m2/repository/org/bouncycastle/bcprov-jdk15on/1.70/bcprov-jdk15on-1.70.jar:/home/jepsen/.m2/repository/org/eclipse/jetty/websocket/websocket-core-server/11.0.21/websocket-core-server-11.0.21.jar:/home/jepsen/.m2/repository/ring/ring-core/1.12.2/ring-core-1.12.2.jar:/home/jepsen/.m2/repository/slingshot/slingshot/0.12.2/slingshot-0.12.2.jar:/home/jepsen/.m2/repository/com/hierynomus/sshj/0.39.0/sshj-0.39.0.jar:/home/jepsen/.m2/repository/org/slf4j/jcl-over-slf4j/2.0.12/jcl-over-slf4j-2.0.12.jar:/home/jepsen/.m2/repository/clj-ssh/clj-ssh/0.5.14/clj-ssh-0.5.14.jar:/home/jepsen/.m2/repository/org/apache/httpcomponents/httpclient/4.5.1/httpclient-4.5.1.jar:/home/jepsen/.m2/repository/io/jepsen/history/0.1.4/history-0.1.4.jar:/home/jepsen/.m2/repository/org/apache/httpcomponents/httpmime/4.5.1/httpmime-4.5.1.jar:/home/jepsen/.m2/repository/com/jcraft/jsch.agentproxy.pageant/0.0.9/jsch.agentproxy.pageant-0.0.9.jar:/home/jepsen/.m2/repository/jline/jline/0.9.94/jline-0.9.94.jar:/home/jepsen/.m2/repository/avout/avout/0.5.4/avout-0.5.4.jar:/home/jepsen/.m2/repository/clj-stacktrace/clj-stacktrace/0.2.8/clj-stacktrace-0.2.8.jar
22:06:10.788 [main] INFO org.apache.zookeeper.ZooKeeper -- Client environment:java.library.path=/usr/java/packages/lib:/usr/lib/x86_64-linux-gnu/jni:/lib/x86_64-linux-gnu:/usr/lib/x86_64-linux-gnu:/usr/lib/jni:/lib:/usr/lib
22:06:10.788 [main] INFO org.apache.zookeeper.ZooKeeper -- Client environment:java.io.tmpdir=/tmp
22:06:10.788 [main] INFO org.apache.zookeeper.ZooKeeper -- Client environment:java.compiler=<NA>
22:06:10.788 [main] INFO org.apache.zookeeper.ZooKeeper -- Client environment:os.name=Linux
22:06:10.788 [main] INFO org.apache.zookeeper.ZooKeeper -- Client environment:os.arch=amd64
22:06:10.788 [main] INFO org.apache.zookeeper.ZooKeeper -- Client environment:os.version=6.13.5-061305-generic
22:06:10.788 [main] INFO org.apache.zookeeper.ZooKeeper -- Client environment:user.name=jepsen
22:06:10.788 [main] INFO org.apache.zookeeper.ZooKeeper -- Client environment:user.home=/home/jepsen
22:06:10.788 [main] INFO org.apache.zookeeper.ZooKeeper -- Client environment:user.dir=/home/jepsen/jepsen.demo
22:06:11.124 [main] INFO workflow -- Analyzing store/etcd q=true g=true r=200 o=4000 t=10 c=30 v=10 l=25 f=5/20250524T220512.564Z
22:06:11.130 [main] INFO workflow -- CLI args were [test --nodes-file hosts/hosts-db --username jepsen --password jepsen --ssh-private-key /etc/ssh/jepsen/cluster_id_rsa -t 10 -c 30 -f 5 -l 25 -v 10 -o 4000 -r 200 -q -g]
22:06:11.267 [main] INFO workflow -- Combined test:
 {:history
 [({:process 20,
    :type :invoke,
    :f :read,
    :value [2 nil],
    :tstag nil,
    :index 0,
    :time 111495492}
   {:process 2,
    :type :invoke,
    :f :write,
    :value [0 6],
    :tstag 133221085,
    :index 1,
    :time 133221085}
   {:process 21,
    :type :invoke,
    :f :read,
    :value [2 nil],
    :tstag nil,
    :index 2,
    :time 134316400}
   {:process 10,
    :type :invoke,
    :f :read,
    :value [1 nil],
    :tstag nil,
    :index 3,
    :time 135381896}
   {:process 5,
    :type :invoke,
    :f :read,
    :value [0 nil],
    :tstag nil,
    :index 4,
    :time 141542291})
  ...],
 :ssh-private-key "/etc/ssh/jepsen/cluster_id_rsa",
 :quorum-read true,
 :concurrency 30,
 :leave-db-running? false,
 :value-range 10,
 :name "etcd q=true g=true r=200 o=4000 t=10 c=30 v=10 l=25 f=5",
 :logging-json? false,
 :con-per-key 10,
 :ops-per-key 4000,
 :tagged-value true,
 :start-time #clj-time/date-time "2025-05-24T22:05:12.564Z",
 :pure-generators true,
 :ssh
 {:dummy? false,
  :username "jepsen",
  :password "jepsen",
  :strict-host-key-checking false,
  :private-key-path "/etc/ssh/jepsen/cluster_id_rsa"},
 :fault-window 5,
 :checker
 #object[jepsen.checker$compose$reify__11089 0x21e441d1 "jepsen.checker$compose$reify__11089@21e441d1"],
 :argv
 ["test"
  "--nodes-file"
  "hosts/hosts-db"
  "--username"
  "jepsen"
  "--password"
  "jepsen"
  "--ssh-private-key"
  "/etc/ssh/jepsen/cluster_id_rsa"
  "-t"
  "10"
  "-c"
  "30"
  "-f"
  "5"
  "-l"
  "25"
  "-v"
  "10"
  "-o"
  "4000"
  "-r"
  "200"
  "-q"
  "-g"],
 :nodes
 ["hp124.utah.cloudlab.us"
  "hp158.utah.cloudlab.us"
  "hp144.utah.cloudlab.us"
  "hp159.utah.cloudlab.us"
  "hp149.utah.cloudlab.us"],
 :test-count 1,
 :skip-checker false,
 :op-gen-rate 200,
 :time-limit 25}

22:06:11.268 [main] INFO workflow -- Analyzing...
22:06:11.549 [clojure-agent-send-pool-5] INFO jepsen.independent -- Wrote /home/jepsen/jepsen.demo/store/etcd q=true g=true r=200 o=4000 t=10 c=30 v=10 l=25 f=5/20250524T220512.564Z/independent/5/results.edn
22:06:11.549 [clojure-agent-send-pool-3] INFO jepsen.independent -- Wrote /home/jepsen/jepsen.demo/store/etcd q=true g=true r=200 o=4000 t=10 c=30 v=10 l=25 f=5/20250524T220512.564Z/independent/3/results.edn
22:06:11.549 [clojure-agent-send-pool-4] INFO jepsen.independent -- Wrote /home/jepsen/jepsen.demo/store/etcd q=true g=true r=200 o=4000 t=10 c=30 v=10 l=25 f=5/20250524T220512.564Z/independent/4/results.edn
22:06:11.619 [clojure-agent-send-pool-5] INFO jepsen.independent -- Wrote /home/jepsen/jepsen.demo/store/etcd q=true g=true r=200 o=4000 t=10 c=30 v=10 l=25 f=5/20250524T220512.564Z/independent/5/history.edn
22:06:11.633 [clojure-agent-send-pool-4] INFO jepsen.independent -- Wrote /home/jepsen/jepsen.demo/store/etcd q=true g=true r=200 o=4000 t=10 c=30 v=10 l=25 f=5/20250524T220512.564Z/independent/4/history.edn
22:06:11.637 [clojure-agent-send-pool-3] INFO jepsen.independent -- Wrote /home/jepsen/jepsen.demo/store/etcd q=true g=true r=200 o=4000 t=10 c=30 v=10 l=25 f=5/20250524T220512.564Z/independent/3/history.edn
22:06:11.839 [clojure-agent-send-pool-2] INFO jepsen.independent -- Wrote /home/jepsen/jepsen.demo/store/etcd q=true g=true r=200 o=4000 t=10 c=30 v=10 l=25 f=5/20250524T220512.564Z/independent/2/results.edn
22:06:11.859 [clojure-agent-send-pool-1] INFO jepsen.independent -- Wrote /home/jepsen/jepsen.demo/store/etcd q=true g=true r=200 o=4000 t=10 c=30 v=10 l=25 f=5/20250524T220512.564Z/independent/1/results.edn
22:06:12.073 [clojure-agent-send-pool-1] INFO jepsen.independent -- Wrote /home/jepsen/jepsen.demo/store/etcd q=true g=true r=200 o=4000 t=10 c=30 v=10 l=25 f=5/20250524T220512.564Z/independent/1/history.edn
22:06:12.074 [clojure-agent-send-pool-2] INFO jepsen.independent -- Wrote /home/jepsen/jepsen.demo/store/etcd q=true g=true r=200 o=4000 t=10 c=30 v=10 l=25 f=5/20250524T220512.564Z/independent/2/history.edn
22:06:12.390 [clojure-agent-send-pool-0] INFO jepsen.independent -- Wrote /home/jepsen/jepsen.demo/store/etcd q=true g=true r=200 o=4000 t=10 c=30 v=10 l=25 f=5/20250524T220512.564Z/independent/0/results.edn
22:06:12.572 [clojure-agent-send-pool-0] INFO jepsen.independent -- Wrote /home/jepsen/jepsen.demo/store/etcd q=true g=true r=200 o=4000 t=10 c=30 v=10 l=25 f=5/20250524T220512.564Z/independent/0/history.edn
22:06:12.577 [main] INFO workflow -- Analysis complete
22:06:12.833 [jepsen results] INFO jepsen.store -- Wrote /home/jepsen/jepsen.demo/store/etcd q=true g=true r=200 o=4000 t=10 c=30 v=10 l=25 f=5/20250524T220512.564Z/results.edn
22:06:16.242 [main] INFO workflow -- Printing results...
22:06:16.366 [main] INFO jepsen.core -- {:indp-linear {:valid? false,
               :results {0 {:valid? false,
                            :configs ({:model #knossos.model.CASRegister{:value 4},
                                       :last-op {:process 30,
                                                 :type :ok,
                                                 :f :read,
                                                 :value 4,
                                                 :index 19614,
                                                 :time 19096702812,
                                                 :tstag 19084675752},
                                       :pending [{:process 5,
                                                  :type :invoke,
                                                  :f :write,
                                                  :value 8,
                                                  :index 9044,
                                                  :time 8323106945,
                                                  :tstag 8323106945}
                                                 {:process 7,
                                                  :type :invoke,
                                                  :f :write,
                                                  :value 5,
                                                  :index 9170,
                                                  :time 8434661851,
                                                  :tstag 8434661851}
                                                 {:process 9,
                                                  :type :invoke,
                                                  :f :cas,
                                                  :value [3 1],
                                                  :index 19600,
                                                  :time 19076841118,
                                                  :tstag [nil
                                                          19076841118]}
                                                 {:process 37,
                                                  :type :invoke,
                                                  :f :cas,
                                                  :value [1 5],
                                                  :index 19596,
                                                  :time 19074580789,
                                                  :tstag [nil
                                                          19074580789]}]}
                                      {:model #knossos.model.CASRegister{:value 4},
                                       :last-op {:process 30,
                                                 :type :ok,
                                                 :f :read,
                                                 :value 4,
                                                 :index 19614,
                                                 :time 19096702812,
                                                 :tstag 19084675752},
                                       :pending [{:process 9,
                                                  :type :invoke,
                                                  :f :cas,
                                                  :value [3 1],
                                                  :index 19600,
                                                  :time 19076841118,
                                                  :tstag [nil
                                                          19076841118]}
                                                 {:process 37,
                                                  :type :invoke,
                                                  :f :cas,
                                                  :value [1 5],
                                                  :index 19596,
                                                  :time 19074580789,
                                                  :tstag [nil
                                                          19074580789]}]}
                                      {:model #knossos.model.CASRegister{:value 4},
                                       :last-op {:process 30,
                                                 :type :ok,
                                                 :f :read,
                                                 :value 4,
                                                 :index 19614,
                                                 :time 19096702812,
                                                 :tstag 19084675752},
                                       :pending [{:process 7,
                                                  :type :invoke,
                                                  :f :write,
                                                  :value 5,
                                                  :index 9170,
                                                  :time 8434661851,
                                                  :tstag 8434661851}
                                                 {:process 9,
                                                  :type :invoke,
                                                  :f :cas,
                                                  :value [3 1],
                                                  :index 19600,
                                                  :time 19076841118,
                                                  :tstag [nil
                                                          19076841118]}
                                                 {:process 37,
                                                  :type :invoke,
                                                  :f :cas,
                                                  :value [1 5],
                                                  :index 19596,
                                                  :time 19074580789,
                                                  :tstag [nil
                                                          19074580789]}]}
                                      {:model #knossos.model.CASRegister{:value 4},
                                       :last-op {:process 30,
                                                 :type :ok,
                                                 :f :read,
                                                 :value 4,
                                                 :index 19614,
                                                 :time 19096702812,
                                                 :tstag 19084675752},
                                       :pending [{:process 2,
                                                  :type :invoke,
                                                  :f :cas,
                                                  :value [2 7],
                                                  :index 9006,
                                                  :time 8283802429,
                                                  :tstag [nil
                                                          8283802429]}
                                                 {:process 9,
                                                  :type :invoke,
                                                  :f :cas,
                                                  :value [3 1],
                                                  :index 19600,
                                                  :time 19076841118,
                                                  :tstag [nil
                                                          19076841118]}
                                                 {:process 37,
                                                  :type :invoke,
                                                  :f :cas,
                                                  :value [1 5],
                                                  :index 19596,
                                                  :time 19074580789,
                                                  :tstag [nil
                                                          19074580789]}]}
                                      {:model #knossos.model.CASRegister{:value 4},
                                       :last-op {:process 30,
                                                 :type :ok,
                                                 :f :read,
                                                 :value 4,
                                                 :index 19614,
                                                 :time 19096702812,
                                                 :tstag 19084675752},
                                       :pending [{:process 2,
                                                  :type :invoke,
                                                  :f :cas,
                                                  :value [2 7],
                                                  :index 9006,
                                                  :time 8283802429,
                                                  :tstag [nil
                                                          8283802429]}
                                                 {:process 5,
                                                  :type :invoke,
                                                  :f :write,
                                                  :value 8,
                                                  :index 9044,
                                                  :time 8323106945,
                                                  :tstag 8323106945}
                                                 {:process 9,
                                                  :type :invoke,
                                                  :f :cas,
                                                  :value [3 1],
                                                  :index 19600,
                                                  :time 19076841118,
                                                  :tstag [nil
                                                          19076841118]}
                                                 {:process 37,
                                                  :type :invoke,
                                                  :f :cas,
                                                  :value [1 5],
                                                  :index 19596,
                                                  :time 19074580789,
                                                  :tstag [nil
                                                          19074580789]}]}
                                      {:model #knossos.model.CASRegister{:value 4},
                                       :last-op {:process 30,
                                                 :type :ok,
                                                 :f :read,
                                                 :value 4,
                                                 :index 19614,
                                                 :time 19096702812,
                                                 :tstag 19084675752},
                                       :pending [{:process 2,
                                                  :type :invoke,
                                                  :f :cas,
                                                  :value [2 7],
                                                  :index 9006,
                                                  :time 8283802429,
                                                  :tstag [nil
                                                          8283802429]}
                                                 {:process 5,
                                                  :type :invoke,
                                                  :f :write,
                                                  :value 8,
                                                  :index 9044,
                                                  :time 8323106945,
                                                  :tstag 8323106945}
                                                 {:process 7,
                                                  :type :invoke,
                                                  :f :write,
                                                  :value 5,
                                                  :index 9170,
                                                  :time 8434661851,
                                                  :tstag 8434661851}
                                                 {:process 9,
                                                  :type :invoke,
                                                  :f :cas,
                                                  :value [3 1],
                                                  :index 19600,
                                                  :time 19076841118,
                                                  :tstag [nil
                                                          19076841118]}
                                                 {:process 37,
                                                  :type :invoke,
                                                  :f :cas,
                                                  :value [1 5],
                                                  :index 19596,
                                                  :time 19074580789,
                                                  :tstag [nil
                                                          19074580789]}]}
                                      {:model #knossos.model.CASRegister{:value 4},
                                       :last-op {:process 30,
                                                 :type :ok,
                                                 :f :read,
                                                 :value 4,
                                                 :index 19614,
                                                 :time 19096702812,
                                                 :tstag 19084675752},
                                       :pending [{:process 5,
                                                  :type :invoke,
                                                  :f :write,
                                                  :value 8,
                                                  :index 9044,
                                                  :time 8323106945,
                                                  :tstag 8323106945}
                                                 {:process 9,
                                                  :type :invoke,
                                                  :f :cas,
                                                  :value [3 1],
                                                  :index 19600,
                                                  :time 19076841118,
                                                  :tstag [nil
                                                          19076841118]}
                                                 {:process 37,
                                                  :type :invoke,
                                                  :f :cas,
                                                  :value [1 5],
                                                  :index 19596,
                                                  :time 19074580789,
                                                  :tstag [nil
                                                          19074580789]}]}
                                      {:model #knossos.model.CASRegister{:value 4},
                                       :last-op {:process 30,
                                                 :type :ok,
                                                 :f :read,
                                                 :value 4,
                                                 :index 19614,
                                                 :time 19096702812,
                                                 :tstag 19084675752},
                                       :pending [{:process 2,
                                                  :type :invoke,
                                                  :f :cas,
                                                  :value [2 7],
                                                  :index 9006,
                                                  :time 8283802429,
                                                  :tstag [nil
                                                          8283802429]}
                                                 {:process 7,
                                                  :type :invoke,
                                                  :f :write,
                                                  :value 5,
                                                  :index 9170,
                                                  :time 8434661851,
                                                  :tstag 8434661851}
                                                 {:process 9,
                                                  :type :invoke,
                                                  :f :cas,
                                                  :value [3 1],
                                                  :index 19600,
                                                  :time 19076841118,
                                                  :tstag [nil
                                                          19076841118]}
                                                 {:process 37,
                                                  :type :invoke,
                                                  :f :cas,
                                                  :value [1 5],
                                                  :index 19596,
                                                  :time 19074580789,
                                                  :tstag [nil
                                                          19074580789]}]}),
                            :final-paths ([{:op {:process 30,
                                                 :type :ok,
                                                 :f :read,
                                                 :value 4,
                                                 :index 19614,
                                                 :time 19096702812,
                                                 :tstag 19084675752},
                                            :model #knossos.model.CASRegister{:value 4}}
                                           {:op {:process 7,
                                                 :type :invoke,
                                                 :f :write,
                                                 :value 5,
                                                 :index 9170,
                                                 :time 8434661851,
                                                 :tstag 8434661851},
                                            :model #knossos.model.CASRegister{:value 5}}
                                           {:op {:process 9,
                                                 :type :invoke,
                                                 :f :cas,
                                                 :value [3 1],
                                                 :index 19600,
                                                 :time 19076841118,
                                                 :tstag [nil
                                                         19076841118]},
                                            :model #knossos.model.Inconsistent{:msg "can't CAS 5 from 3 to 1"}}]
                                          [{:op {:process 30,
                                                 :type :ok,
                                                 :f :read,
                                                 :value 4,
                                                 :index 19614,
                                                 :time 19096702812,
                                                 :tstag 19084675752},
                                            :model #knossos.model.CASRegister{:value 4}}
                                           {:op {:process 9,
                                                 :type :invoke,
                                                 :f :cas,
                                                 :value [3 1],
                                                 :index 19600,
                                                 :time 19076841118,
                                                 :tstag [nil
                                                         19076841118]},
                                            :model #knossos.model.Inconsistent{:msg "can't CAS 4 from 3 to 1"}}]
                                          [{:op {:process 30,
                                                 :type :ok,
                                                 :f :read,
                                                 :value 4,
                                                 :index 19614,
                                                 :time 19096702812,
                                                 :tstag 19084675752},
                                            :model #knossos.model.CASRegister{:value 4}}
                                           {:op {:process 5,
                                                 :type :invoke,
                                                 :f :write,
                                                 :value 8,
                                                 :index 9044,
                                                 :time 8323106945,
                                                 :tstag 8323106945},
                                            :model #knossos.model.CASRegister{:value 8}}
                                           {:op {:process 7,
                                                 :type :invoke,
                                                 :f :write,
                                                 :value 5,
                                                 :index 9170,
                                                 :time 8434661851,
                                                 :tstag 8434661851},
                                            :model #knossos.model.CASRegister{:value 5}}
                                           {:op {:process 37,
                                                 :type :ok,
                                                 :f :cas,
                                                 :value [1 5],
                                                 :index 19616,
                                                 :time 19097105818,
                                                 :tstag [19069919768
                                                         19074580789]},
                                            :model #knossos.model.Inconsistent{:msg "can't CAS 5 from 1 to 5"}}]
                                          [{:op {:process 30,
                                                 :type :ok,
                                                 :f :read,
                                                 :value 4,
                                                 :index 19614,
                                                 :time 19096702812,
                                                 :tstag 19084675752},
                                            :model #knossos.model.CASRegister{:value 4}}
                                           {:op {:process 2,
                                                 :type :invoke,
                                                 :f :cas,
                                                 :value [2 7],
                                                 :index 9006,
                                                 :time 8283802429,
                                                 :tstag [nil
                                                         8283802429]},
                                            :model #knossos.model.Inconsistent{:msg "can't CAS 4 from 2 to 7"}}]
                                          [{:op {:process 30,
                                                 :type :ok,
                                                 :f :read,
                                                 :value 4,
                                                 :index 19614,
                                                 :time 19096702812,
                                                 :tstag 19084675752},
                                            :model #knossos.model.CASRegister{:value 4}}
                                           {:op {:process 5,
                                                 :type :invoke,
                                                 :f :write,
                                                 :value 8,
                                                 :index 9044,
                                                 :time 8323106945,
                                                 :tstag 8323106945},
                                            :model #knossos.model.CASRegister{:value 8}}
                                           {:op {:process 2,
                                                 :type :invoke,
                                                 :f :cas,
                                                 :value [2 7],
                                                 :index 9006,
                                                 :time 8283802429,
                                                 :tstag [nil
                                                         8283802429]},
                                            :model #knossos.model.Inconsistent{:msg "can't CAS 8 from 2 to 7"}}]
                                          [{:op {:process 30,
                                                 :type :ok,
                                                 :f :read,
                                                 :value 4,
                                                 :index 19614,
                                                 :time 19096702812,
                                                 :tstag 19084675752},
                                            :model #knossos.model.CASRegister{:value 4}}
                                           {:op {:process 5,
                                                 :type :invoke,
                                                 :f :write,
                                                 :value 8,
                                                 :index 9044,
                                                 :time 8323106945,
                                                 :tstag 8323106945},
                                            :model #knossos.model.CASRegister{:value 8}}
                                           {:op {:process 9,
                                                 :type :invoke,
                                                 :f :cas,
                                                 :value [3 1],
                                                 :index 19600,
                                                 :time 19076841118,
                                                 :tstag [nil
                                                         19076841118]},
                                            :model #knossos.model.Inconsistent{:msg "can't CAS 8 from 3 to 1"}}]
                                          [{:op {:process 30,
                                                 :type :ok,
                                                 :f :read,
                                                 :value 4,
                                                 :index 19614,
                                                 :time 19096702812,
                                                 :tstag 19084675752},
                                            :model #knossos.model.CASRegister{:value 4}}
                                           {:op {:process 37,
                                                 :type :ok,
                                                 :f :cas,
                                                 :value [1 5],
                                                 :index 19616,
                                                 :time 19097105818,
                                                 :tstag [19069919768
                                                         19074580789]},
                                            :model #knossos.model.Inconsistent{:msg "can't CAS 4 from 1 to 5"}}]
                                          [{:op {:process 30,
                                                 :type :ok,
                                                 :f :read,
                                                 :value 4,
                                                 :index 19614,
                                                 :time 19096702812,
                                                 :tstag 19084675752},
                                            :model #knossos.model.CASRegister{:value 4}}
                                           {:op {:process 7,
                                                 :type :invoke,
                                                 :f :write,
                                                 :value 5,
                                                 :index 9170,
                                                 :time 8434661851,
                                                 :tstag 8434661851},
                                            :model #knossos.model.CASRegister{:value 5}}
                                           {:op {:process 5,
                                                 :type :invoke,
                                                 :f :write,
                                                 :value 8,
                                                 :index 9044,
                                                 :time 8323106945,
                                                 :tstag 8323106945},
                                            :model #knossos.model.CASRegister{:value 8}}
                                           {:op {:process 2,
                                                 :type :invoke,
                                                 :f :cas,
                                                 :value [2 7],
                                                 :index 9006,
                                                 :time 8283802429,
                                                 :tstag [nil
                                                         8283802429]},
                                            :model #knossos.model.Inconsistent{:msg "can't CAS 8 from 2 to 7"}}]
                                          [{:op {:process 30,
                                                 :type :ok,
                                                 :f :read,
                                                 :value 4,
                                                 :index 19614,
                                                 :time 19096702812,
                                                 :tstag 19084675752},
                                            :model #knossos.model.CASRegister{:value 4}}
                                           {:op {:process 5,
                                                 :type :invoke,
                                                 :f :write,
                                                 :value 8,
                                                 :index 9044,
                                                 :time 8323106945,
                                                 :tstag 8323106945},
                                            :model #knossos.model.CASRegister{:value 8}}
                                           {:op {:process 7,
                                                 :type :invoke,
                                                 :f :write,
                                                 :value 5,
                                                 :index 9170,
                                                 :time 8434661851,
                                                 :tstag 8434661851},
                                            :model #knossos.model.CASRegister{:value 5}}
                                           {:op {:process 9,
                                                 :type :invoke,
                                                 :f :cas,
                                                 :value [3 1],
                                                 :index 19600,
                                                 :time 19076841118,
                                                 :tstag [nil
                                                         19076841118]},
                                            :model #knossos.model.Inconsistent{:msg "can't CAS 5 from 3 to 1"}}]
                                          [{:op {:process 30,
                                                 :type :ok,
                                                 :f :read,
                                                 :value 4,
                                                 :index 19614,
                                                 :time 19096702812,
                                                 :tstag 19084675752},
                                            :model #knossos.model.CASRegister{:value 4}}
                                           {:op {:process 7,
                                                 :type :invoke,
                                                 :f :write,
                                                 :value 5,
                                                 :index 9170,
                                                 :time 8434661851,
                                                 :tstag 8434661851},
                                            :model #knossos.model.CASRegister{:value 5}}
                                           {:op {:process 2,
                                                 :type :invoke,
                                                 :f :cas,
                                                 :value [2 7],
                                                 :index 9006,
                                                 :time 8283802429,
                                                 :tstag [nil
                                                         8283802429]},
                                            :model #knossos.model.Inconsistent{:msg "can't CAS 5 from 2 to 7"}}]),
                            :previous-ok {:process 30,
                                          :type :ok,
                                          :f :read,
                                          :value 4,
                                          :index 19614,
                                          :time 19096702812,
                                          :tstag 19084675752},
                            :last-op {:process 30,
                                      :type :ok,
                                      :f :read,
                                      :value 4,
                                      :index 19614,
                                      :time 19096702812,
                                      :tstag 19084675752},
                            :op {:process 37,
                                 :type :ok,
                                 :f :cas,
                                 :value [1 5],
                                 :index 19616,
                                 :time 19097105818,
                                 :tstag [19069919768 19074580789]}},
                         1 {:valid? false,
                            :configs ({:model #knossos.model.CASRegister{:value 1},
                                       :last-op {:process 10,
                                                 :type :ok,
                                                 :f :read,
                                                 :value 1,
                                                 :index 3095,
                                                 :time 3072377993,
                                                 :tstag 3052939378},
                                       :pending [{:process 11,
                                                  :type :invoke,
                                                  :f :cas,
                                                  :value [0 9],
                                                  :index 3071,
                                                  :time 3053154756,
                                                  :tstag [nil
                                                          3053154756]}]}),
                            :final-paths ([{:op {:process 10,
                                                 :type :ok,
                                                 :f :read,
                                                 :value 1,
                                                 :index 3095,
                                                 :time 3072377993,
                                                 :tstag 3052939378},
                                            :model #knossos.model.CASRegister{:value 1}}
                                           {:op {:process 11,
                                                 :type :ok,
                                                 :f :cas,
                                                 :value [0 9],
                                                 :index 3098,
                                                 :time 3075586834,
                                                 :tstag [3005376798
                                                         3053154756]},
                                            :model #knossos.model.Inconsistent{:msg "can't CAS 1 from 0 to 9"}}]),
                            :previous-ok {:process 10,
                                          :type :ok,
                                          :f :read,
                                          :value 1,
                                          :index 3095,
                                          :time 3072377993,
                                          :tstag 3052939378},
                            :last-op {:process 10,
                                      :type :ok,
                                      :f :read,
                                      :value 1,
                                      :index 3095,
                                      :time 3072377993,
                                      :tstag 3052939378},
                            :op {:process 11,
                                 :type :ok,
                                 :f :cas,
                                 :value [0 9],
                                 :index 3098,
                                 :time 3075586834,
                                 :tstag [3005376798 3053154756]}},
                         2 {:valid? false,
                            :configs ({:model #knossos.model.CASRegister{:value 9},
                                       :last-op {:process 21,
                                                 :type :ok,
                                                 :f :write,
                                                 :value 9,
                                                 :index 6541,
                                                 :time 6119933567,
                                                 :tstag 6115804608},
                                       :pending [{:process 20,
                                                  :type :invoke,
                                                  :f :cas,
                                                  :value [8 1],
                                                  :index 6528,
                                                  :time 6104263124,
                                                  :tstag [nil
                                                          6104263124]}]}),
                            :final-paths ([{:op {:process 21,
                                                 :type :ok,
                                                 :f :write,
                                                 :value 9,
                                                 :index 6541,
                                                 :time 6119933567,
                                                 :tstag 6115804608},
                                            :model #knossos.model.CASRegister{:value 9}}
                                           {:op {:process 20,
                                                 :type :ok,
                                                 :f :cas,
                                                 :value [8 1],
                                                 :index 6550,
                                                 :time 6125897079,
                                                 :tstag [6087841011
                                                         6104263124]},
                                            :model #knossos.model.Inconsistent{:msg "can't CAS 9 from 8 to 1"}}]),
                            :previous-ok {:process 21,
                                          :type :ok,
                                          :f :write,
                                          :value 9,
                                          :index 6541,
                                          :time 6119933567,
                                          :tstag 6115804608},
                            :last-op {:process 21,
                                      :type :ok,
                                      :f :write,
                                      :value 9,
                                      :index 6541,
                                      :time 6119933567,
                                      :tstag 6115804608},
                            :op {:process 20,
                                 :type :ok,
                                 :f :cas,
                                 :value [8 1],
                                 :index 6550,
                                 :time 6125897079,
                                 :tstag [6087841011 6104263124]}},
                         3 {:valid? true,
                            :configs ({:model #knossos.model.CASRegister{:value 8},
                                       :last-op {:process 40,
                                                 :type :ok,
                                                 :f :write,
                                                 :value 8,
                                                 :index 26509,
                                                 :time 25113355275,
                                                 :tstag 25109481359},
                                       :pending []}),
                            :final-paths ()},
                         4 {:valid? true,
                            :configs ({:model #knossos.model.CASRegister{:value 9},
                                       :last-op {:process 30,
                                                 :type :ok,
                                                 :f :write,
                                                 :value 9,
                                                 :index 26510,
                                                 :time 25115313182,
                                                 :tstag 25111317116},
                                       :pending []}),
                            :final-paths ()},
                         5 {:valid? true,
                            :configs ({:model #knossos.model.CASRegister{:value 2},
                                       :last-op {:process 50,
                                                 :type :ok,
                                                 :f :read,
                                                 :value 2,
                                                 :index 26491,
                                                 :time 25096202579,
                                                 :tstag 25066692164},
                                       :pending []}),
                            :final-paths ()}},
               :failures [0 1 2]},
 :valid? false}


Analysis invalid! ( 
Time spent in checker: 1309.01 msecs
