22:06:34.534 [main] INFO org.apache.zookeeper.ZooKeeper -- Client environment:zookeeper.version=3.4.0-1202560, built on 11/16/2011 07:18 GMT
22:06:34.535 [main] INFO org.apache.zookeeper.ZooKeeper -- Client environment:host.name=hp154.utah.cloudlab.us
22:06:34.535 [main] INFO org.apache.zookeeper.ZooKeeper -- Client environment:java.version=11.0.26
22:06:34.535 [main] INFO org.apache.zookeeper.ZooKeeper -- Client environment:java.vendor=Ubuntu
22:06:34.535 [main] INFO org.apache.zookeeper.ZooKeeper -- Client environment:java.home=/usr/lib/jvm/java-11-openjdk-amd64
22:06:34.535 [main] INFO org.apache.zookeeper.ZooKeeper -- Client environment:java.class.path=/home/jepsen/jepsen.demo/test:/home/jepsen/jepsen.demo/workflow:/home/jepsen/jepsen.demo/dev-resources:/home/jepsen/jepsen.demo/resources:/home/jepsen/jepsen.demo/target/classes:/home/jepsen/.m2/repository/org/eclipse/jetty/jetty-io/11.0.21/jetty-io-11.0.21.jar:/home/jepsen/.m2/repository/joda-time/joda-time/2.10/joda-time-2.10.jar:/home/jepsen/.m2/repository/org/eclipse/jetty/jetty-server/11.0.21/jetty-server-11.0.21.jar:/home/jepsen/.m2/repository/crypto-equality/crypto-equality/1.0.1/crypto-equality-1.0.1.jar:/home/jepsen/.m2/repository/org/eclipse/jetty/jetty-http/11.0.21/jetty-http-11.0.21.jar:/home/jepsen/.m2/repository/org/apache/zookeeper/zookeeper/3.4.0/zookeeper-3.4.0.jar:/home/jepsen/.m2/repository/org/nrepl/incomplete/0.1.0/incomplete-0.1.0.jar:/home/jepsen/.m2/repository/org/clojure/algo.generic/0.1.2/algo.generic-0.1.2.jar:/home/jepsen/.m2/repository/io/aleph/dirigiste/0.1.5/dirigiste-0.1.5.jar:/home/jepsen/.m2/repository/org/eclipse/jetty/websocket/websocket-jetty-server/11.0.21/websocket-jetty-server-11.0.21.jar:/home/jepsen/.m2/repository/org/eclipse/jetty/jetty-util/11.0.21/jetty-util-11.0.21.jar:/home/jepsen/.m2/repository/tigris/tigris/0.1.1/tigris-0.1.1.jar:/home/jepsen/.m2/repository/com/fasterxml/jackson/core/jackson-databind/2.16.1/jackson-databind-2.16.1.jar:/home/jepsen/.m2/repository/commons-codec/commons-codec/1.10/commons-codec-1.10.jar:/home/jepsen/.m2/repository/org/jboss/netty/netty/3.2.2.Final/netty-3.2.2.Final.jar:/home/jepsen/.m2/repository/org/eclipse/jetty/websocket/websocket-jetty-common/11.0.21/websocket-jetty-common-11.0.21.jar:/home/jepsen/.m2/repository/com/jcraft/jsch.agentproxy.usocket-nc/0.0.9/jsch.agentproxy.usocket-nc-0.0.9.jar:/home/jepsen/.m2/repository/metametadata/multiset/0.1.1/multiset-0.1.1.jar:/home/jepsen/.m2/repository/org/clojure/tools.logging/1.3.0/tools.logging-1.3.0.jar:/home/jepsen/.m2/repository/org/clojure/clojure/1.11.1/clojure-1.11.1.jar:/home/jepsen/.m2/repository/knossos/knossos/0.3.10/knossos-0.3.10.jar:/home/jepsen/.m2/repository/ch/qos/logback/logback-classic/1.5.0/logback-classic-1.5.0.jar:/home/jepsen/.m2/repository/org/ring-clojure/ring-jakarta-servlet/1.12.2/ring-jakarta-servlet-1.12.2.jar:/home/jepsen/.m2/repository/org/slf4j/jul-to-slf4j/2.0.12/jul-to-slf4j-2.0.12.jar:/home/jepsen/.m2/repository/com/jcraft/jsch.agentproxy.connector-factory/0.0.9/jsch.agentproxy.connector-factory-0.0.9.jar:/home/jepsen/.m2/repository/org/clojure/math.combinatorics/0.2.0/math.combinatorics-0.2.0.jar:/home/jepsen/.m2/repository/jepsen/jepsen/0.3.7/jepsen-0.3.7.jar:/home/jepsen/.m2/repository/org/clojure/tools.cli/1.1.230/tools.cli-1.1.230.jar:/home/jepsen/.m2/repository/org/eclipse/jetty/websocket/websocket-servlet/11.0.21/websocket-servlet-11.0.21.jar:/home/jepsen/.m2/repository/org/clojure/data.fressian/1.1.0/data.fressian-1.1.0.jar:/home/jepsen/.m2/repository/org/ring-clojure/ring-core-protocols/1.12.2/ring-core-protocols-1.12.2.jar:/home/jepsen/.m2/repository/com/jcraft/jsch.agentproxy.core/0.0.9/jsch.agentproxy.core-0.0.9.jar:/home/jepsen/.m2/repository/org/eclipse/jetty/jetty-xml/11.0.21/jetty-xml-11.0.21.jar:/home/jepsen/.m2/repository/potemkin/potemkin/0.4.7/potemkin-0.4.7.jar:/home/jepsen/.m2/repository/rhizome/rhizome/0.2.9/rhizome-0.2.9.jar:/home/jepsen/.m2/repository/zookeeper-clj/zookeeper-clj/0.9.3/zookeeper-clj-0.9.3.jar:/home/jepsen/.m2/repository/org/bouncycastle/bcprov-jdk18on/1.78.1/bcprov-jdk18on-1.78.1.jar:/home/jepsen/.m2/repository/org/slf4j/log4j-over-slf4j/2.0.12/log4j-over-slf4j-2.0.12.jar:/home/jepsen/.m2/repository/spootnik/unilog/0.7.32/unilog-0.7.32.jar:/home/jepsen/.m2/repository/com/novemberain/langohr/5.5.0/langohr-5.5.0.jar:/home/jepsen/.m2/repository/commons-io/commons-io/2.4/commons-io-2.4.jar:/home/jepsen/.m2/repository/org/eclipse/jetty/websocket/websocket-core-common/11.0.21/websocket-core-common-11.0.21.jar:/home/jepsen/.m2/repository/verschlimmbesserung/verschlimmbesserung/0.1.3/verschlimmbesserung-0.1.3.jar:/home/jepsen/.m2/repository/com/jcraft/jsch.agentproxy.sshj/0.0.9/jsch.agentproxy.sshj-0.0.9.jar:/home/jepsen/.m2/repository/org/eclipse/jetty/websocket/websocket-jetty-api/11.0.21/websocket-jetty-api-11.0.21.jar:/home/jepsen/.m2/repository/org/fressian/fressian/0.6.8/fressian-0.6.8.jar:/home/jepsen/.m2/repository/org/eclipse/jetty/toolchain/jetty-jakarta-servlet-api/5.0.2/jetty-jakarta-servlet-api-5.0.2.jar:/home/jepsen/.m2/repository/org/clojure/data.codec/0.2.0/data.codec-0.2.0.jar:/home/jepsen/.m2/repository/org/clojure/core.rrb-vector/0.1.2/core.rrb-vector-0.1.2.jar:/home/jepsen/.m2/repository/org/eclipse/jetty/jetty-security/11.0.21/jetty-security-11.0.21.jar:/home/jepsen/.m2/repository/com/fasterxml/jackson/dataformat/jackson-dataformat-cbor/2.7.5/jackson-dataformat-cbor-2.7.5.jar:/home/jepsen/.m2/repository/org/apache/commons/commons-fileupload2-core/2.0.0-M1/commons-fileupload2-core-2.0.0-M1.jar:/home/jepsen/.m2/repository/ring/ring/1.12.2/ring-1.12.2.jar:/home/jepsen/.m2/repository/com/fasterxml/jackson/core/jackson-core/2.16.1/jackson-core-2.16.1.jar:/home/jepsen/.m2/repository/ring/ring-jetty-adapter/1.12.2/ring-jetty-adapter-1.12.2.jar:/home/jepsen/.m2/repository/net/logstash/logback/logstash-logback-encoder/7.4/logstash-logback-encoder-7.4.jar:/home/jepsen/.m2/repository/io/lacuna/bifurcan/0.2.0-alpha7/bifurcan-0.2.0-alpha7.jar:/home/jepsen/.m2/repository/org/eclipse/jetty/jetty-servlet/11.0.21/jetty-servlet-11.0.21.jar:/home/jepsen/.m2/repository/nrepl/nrepl/1.0.0/nrepl-1.0.0.jar:/home/jepsen/.m2/repository/primitive-math/primitive-math/0.1.6/primitive-math-0.1.6.jar:/home/jepsen/.m2/repository/com/boundary/high-scale-lib/1.0.6/high-scale-lib-1.0.6.jar:/home/jepsen/.m2/repository/org/bouncycastle/bcutil-jdk18on/1.78.1/bcutil-jdk18on-1.78.1.jar:/home/jepsen/.m2/repository/org/apache/httpcomponents/httpcore/4.4.4/httpcore-4.4.4.jar:/home/jepsen/.m2/repository/org/clojars/pallix/analemma/1.0.0/analemma-1.0.0.jar:/home/jepsen/.m2/repository/clj-time/clj-time/0.15.2/clj-time-0.15.2.jar:/home/jepsen/.m2/repository/hiccup/hiccup/1.0.5/hiccup-1.0.5.jar:/home/jepsen/.m2/repository/com/fasterxml/jackson/core/jackson-annotations/2.16.1/jackson-annotations-2.16.1.jar:/home/jepsen/.m2/repository/clj-tuple/clj-tuple/0.2.2/clj-tuple-0.2.2.jar:/home/jepsen/.m2/repository/org/eclipse/jetty/jetty-webapp/11.0.21/jetty-webapp-11.0.21.jar:/home/jepsen/.m2/repository/org/clojure/java.classpath/0.3.0/java.classpath-0.3.0.jar:/home/jepsen/.m2/repository/ch/qos/logback/logback-core/1.5.0/logback-core-1.5.0.jar:/home/jepsen/.m2/repository/crypto-random/crypto-random/1.2.1/crypto-random-1.2.1.jar:/home/jepsen/.m2/repository/junit/junit/3.8.1/junit-3.8.1.jar:/home/jepsen/.m2/repository/riddley/riddley/0.2.0/riddley-0.2.0.jar:/home/jepsen/.m2/repository/dom-top/dom-top/1.0.9/dom-top-1.0.9.jar:/home/jepsen/.m2/repository/org/clojure/core.specs.alpha/0.2.62/core.specs.alpha-0.2.62.jar:/home/jepsen/.m2/repository/com/jcraft/jsch.agentproxy.jsch/0.0.9/jsch.agentproxy.jsch-0.0.9.jar:/home/jepsen/.m2/repository/http-kit/http-kit/2.8.0/http-kit-2.8.0.jar:/home/jepsen/.m2/repository/hato/hato/1.0.0/hato-1.0.0.jar:/home/jepsen/.m2/repository/interval-metrics/interval-metrics/1.0.1/interval-metrics-1.0.1.jar:/home/jepsen/.m2/repository/ns-tracker/ns-tracker/0.4.0/ns-tracker-0.4.0.jar:/home/jepsen/.m2/repository/cheshire/cheshire/5.6.3/cheshire-5.6.3.jar:/home/jepsen/.m2/repository/fipp/fipp/0.6.26/fipp-0.6.26.jar:/home/jepsen/.m2/repository/com/jcraft/jsch/0.1.53/jsch-0.1.53.jar:/home/jepsen/.m2/repository/org/slf4j/slf4j-api/2.0.13/slf4j-api-2.0.13.jar:/home/jepsen/.m2/repository/ring/ring-devel/1.12.2/ring-devel-1.12.2.jar:/home/jepsen/.m2/repository/net/i2p/crypto/eddsa/0.3.0/eddsa-0.3.0.jar:/home/jepsen/.m2/repository/com/rabbitmq/amqp-client/5.22.0/amqp-client-5.22.0.jar:/home/jepsen/.m2/repository/com/jcraft/jsch.agentproxy.usocket-jna/0.0.9/jsch.agentproxy.usocket-jna-0.0.9.jar:/home/jepsen/.m2/repository/org/clojure/spec.alpha/0.3.218/spec.alpha-0.3.218.jar:/home/jepsen/.m2/repository/ring/ring-codec/1.2.0/ring-codec-1.2.0.jar:/home/jepsen/.m2/repository/org/bouncycastle/bcpkix-jdk18on/1.78.1/bcpkix-jdk18on-1.78.1.jar:/home/jepsen/.m2/repository/jepsen/txn/jepsen.txn/0.1.2/jepsen.txn-0.1.2.jar:/home/jepsen/.m2/repository/gnuplot/gnuplot/0.1.3/gnuplot-0.1.3.jar:/home/jepsen/.m2/repository/org/clojure/tools.namespace/0.2.11/tools.namespace-0.2.11.jar:/home/jepsen/.m2/repository/tesser/core/tesser.core/1.0.6/tesser.core-1.0.6.jar:/home/jepsen/.m2/repository/org/slf4j/slf4j-log4j12/1.6.1/slf4j-log4j12-1.6.1.jar:/home/jepsen/.m2/repository/log4j/log4j/1.2.17/log4j-1.2.17.jar:/home/jepsen/.m2/repository/org/ring-clojure/ring-websocket-protocols/1.12.2/ring-websocket-protocols-1.12.2.jar:/home/jepsen/.m2/repository/net/java/dev/jna/jna-platform/4.1.0/jna-platform-4.1.0.jar:/home/jepsen/.m2/repository/byte-streams/byte-streams/0.2.5-alpha2/byte-streams-0.2.5-alpha2.jar:/home/jepsen/.m2/repository/elle/elle/0.2.2/elle-0.2.2.jar:/home/jepsen/.m2/repository/clojurewerkz/support/1.5.0/support-1.5.0.jar:/home/jepsen/.m2/repository/com/jcraft/jsch.agentproxy.sshagent/0.0.9/jsch.agentproxy.sshagent-0.0.9.jar:/home/jepsen/.m2/repository/com/aphyr/bifurcan-clj/0.1.2/bifurcan-clj-0.1.2.jar:/home/jepsen/.m2/repository/net/java/dev/jna/jna/4.1.0/jna-4.1.0.jar:/home/jepsen/.m2/repository/com/fasterxml/jackson/dataformat/jackson-dataformat-smile/2.7.5/jackson-dataformat-smile-2.7.5.jar:/home/jepsen/.m2/repository/com/hierynomus/asn-one/0.6.0/asn-one-0.6.0.jar:/home/jepsen/.m2/repository/manifold/manifold/0.1.8/manifold-0.1.8.jar:/home/jepsen/.m2/repository/commons-logging/commons-logging/1.2/commons-logging-1.2.jar:/home/jepsen/.m2/repository/clj-http/clj-http/2.2.0/clj-http-2.2.0.jar:/home/jepsen/.m2/repository/org/bouncycastle/bcprov-jdk15on/1.70/bcprov-jdk15on-1.70.jar:/home/jepsen/.m2/repository/org/eclipse/jetty/websocket/websocket-core-server/11.0.21/websocket-core-server-11.0.21.jar:/home/jepsen/.m2/repository/ring/ring-core/1.12.2/ring-core-1.12.2.jar:/home/jepsen/.m2/repository/slingshot/slingshot/0.12.2/slingshot-0.12.2.jar:/home/jepsen/.m2/repository/com/hierynomus/sshj/0.39.0/sshj-0.39.0.jar:/home/jepsen/.m2/repository/org/slf4j/jcl-over-slf4j/2.0.12/jcl-over-slf4j-2.0.12.jar:/home/jepsen/.m2/repository/clj-ssh/clj-ssh/0.5.14/clj-ssh-0.5.14.jar:/home/jepsen/.m2/repository/org/apache/httpcomponents/httpclient/4.5.1/httpclient-4.5.1.jar:/home/jepsen/.m2/repository/io/jepsen/history/0.1.4/history-0.1.4.jar:/home/jepsen/.m2/repository/org/apache/httpcomponents/httpmime/4.5.1/httpmime-4.5.1.jar:/home/jepsen/.m2/repository/com/jcraft/jsch.agentproxy.pageant/0.0.9/jsch.agentproxy.pageant-0.0.9.jar:/home/jepsen/.m2/repository/jline/jline/0.9.94/jline-0.9.94.jar:/home/jepsen/.m2/repository/avout/avout/0.5.4/avout-0.5.4.jar:/home/jepsen/.m2/repository/clj-stacktrace/clj-stacktrace/0.2.8/clj-stacktrace-0.2.8.jar
22:06:34.535 [main] INFO org.apache.zookeeper.ZooKeeper -- Client environment:java.library.path=/usr/java/packages/lib:/usr/lib/x86_64-linux-gnu/jni:/lib/x86_64-linux-gnu:/usr/lib/x86_64-linux-gnu:/usr/lib/jni:/lib:/usr/lib
22:06:34.535 [main] INFO org.apache.zookeeper.ZooKeeper -- Client environment:java.io.tmpdir=/tmp
22:06:34.535 [main] INFO org.apache.zookeeper.ZooKeeper -- Client environment:java.compiler=<NA>
22:06:34.535 [main] INFO org.apache.zookeeper.ZooKeeper -- Client environment:os.name=Linux
22:06:34.535 [main] INFO org.apache.zookeeper.ZooKeeper -- Client environment:os.arch=amd64
22:06:34.535 [main] INFO org.apache.zookeeper.ZooKeeper -- Client environment:os.version=6.13.5-061305-generic
22:06:34.535 [main] INFO org.apache.zookeeper.ZooKeeper -- Client environment:user.name=jepsen
22:06:34.535 [main] INFO org.apache.zookeeper.ZooKeeper -- Client environment:user.home=/home/jepsen
22:06:34.535 [main] INFO org.apache.zookeeper.ZooKeeper -- Client environment:user.dir=/home/jepsen/jepsen.demo
22:06:34.876 [main] INFO workflow -- Analyzing store/etcd q=false g=false r=200 o=4000 t=10 c=30 v=10 l=25 f=5/20250524T220032.443Z
22:06:34.880 [main] INFO workflow -- CLI args were [test --nodes-file hosts/hosts-db --username jepsen --password jepsen --ssh-private-key /etc/ssh/jepsen/cluster_id_rsa -t 10 -c 30 -f 5 -l 25 -v 10 -o 4000 -r 200]
22:06:35.018 [main] INFO workflow -- Combined test:
 {:history
 [({:process 10,
    :type :invoke,
    :f :write,
    :value [1 5],
    :tstag 122569870,
    :index 0,
    :time 122569870}
   {:process 2,
    :type :invoke,
    :f :read,
    :value [0 nil],
    :tstag nil,
    :index 1,
    :time 126368223}
   {:process 20,
    :type :invoke,
    :f :write,
    :value [2 4],
    :tstag 127371533,
    :index 2,
    :time 127371533}
   {:process 11,
    :type :invoke,
    :f :read,
    :value [1 nil],
    :tstag nil,
    :index 3,
    :time 133303824}
   {:process 5,
    :type :invoke,
    :f :read,
    :value [0 nil],
    :tstag nil,
    :index 4,
    :time 134542595})
  ...],
 :ssh-private-key "/etc/ssh/jepsen/cluster_id_rsa",
 :quorum-read false,
 :concurrency 30,
 :leave-db-running? false,
 :value-range 10,
 :name "etcd q=false g=false r=200 o=4000 t=10 c=30 v=10 l=25 f=5",
 :logging-json? false,
 :con-per-key 10,
 :ops-per-key 4000,
 :tagged-value false,
 :start-time #clj-time/date-time "2025-05-24T22:00:32.443Z",
 :pure-generators true,
 :ssh
 {:dummy? false,
  :username "jepsen",
  :password "jepsen",
  :strict-host-key-checking false,
  :private-key-path "/etc/ssh/jepsen/cluster_id_rsa"},
 :fault-window 5,
 :checker
 #object[jepsen.checker$compose$reify__11089 0x41b6ae51 "jepsen.checker$compose$reify__11089@41b6ae51"],
 :argv
 ["test"
  "--nodes-file"
  "hosts/hosts-db"
  "--username"
  "jepsen"
  "--password"
  "jepsen"
  "--ssh-private-key"
  "/etc/ssh/jepsen/cluster_id_rsa"
  "-t"
  "10"
  "-c"
  "30"
  "-f"
  "5"
  "-l"
  "25"
  "-v"
  "10"
  "-o"
  "4000"
  "-r"
  "200"],
 :nodes
 ["hp124.utah.cloudlab.us"
  "hp158.utah.cloudlab.us"
  "hp144.utah.cloudlab.us"
  "hp159.utah.cloudlab.us"
  "hp149.utah.cloudlab.us"],
 :test-count 1,
 :skip-checker false,
 :op-gen-rate 200,
 :time-limit 25}

22:06:35.018 [main] INFO workflow -- Analyzing...
22:06:35.270 [clojure-agent-send-pool-3] INFO jepsen.independent -- Wrote /home/jepsen/jepsen.demo/store/etcd q=false g=false r=200 o=4000 t=10 c=30 v=10 l=25 f=5/20250524T220032.443Z/independent/3/results.edn
22:06:35.273 [clojure-agent-send-pool-5] INFO jepsen.independent -- Wrote /home/jepsen/jepsen.demo/store/etcd q=false g=false r=200 o=4000 t=10 c=30 v=10 l=25 f=5/20250524T220032.443Z/independent/5/results.edn
22:06:35.280 [clojure-agent-send-pool-4] INFO jepsen.independent -- Wrote /home/jepsen/jepsen.demo/store/etcd q=false g=false r=200 o=4000 t=10 c=30 v=10 l=25 f=5/20250524T220032.443Z/independent/4/results.edn
22:06:35.323 [clojure-agent-send-pool-5] INFO jepsen.independent -- Wrote /home/jepsen/jepsen.demo/store/etcd q=false g=false r=200 o=4000 t=10 c=30 v=10 l=25 f=5/20250524T220032.443Z/independent/5/history.edn
22:06:35.334 [clojure-agent-send-pool-3] INFO jepsen.independent -- Wrote /home/jepsen/jepsen.demo/store/etcd q=false g=false r=200 o=4000 t=10 c=30 v=10 l=25 f=5/20250524T220032.443Z/independent/3/history.edn
22:06:35.338 [clojure-agent-send-pool-4] INFO jepsen.independent -- Wrote /home/jepsen/jepsen.demo/store/etcd q=false g=false r=200 o=4000 t=10 c=30 v=10 l=25 f=5/20250524T220032.443Z/independent/4/history.edn
22:06:35.725 [clojure-agent-send-pool-2] INFO jepsen.independent -- Wrote /home/jepsen/jepsen.demo/store/etcd q=false g=false r=200 o=4000 t=10 c=30 v=10 l=25 f=5/20250524T220032.443Z/independent/2/results.edn
22:06:35.730 [clojure-agent-send-pool-0] INFO jepsen.independent -- Wrote /home/jepsen/jepsen.demo/store/etcd q=false g=false r=200 o=4000 t=10 c=30 v=10 l=25 f=5/20250524T220032.443Z/independent/0/results.edn
22:06:35.819 [clojure-agent-send-pool-1] INFO jepsen.independent -- Wrote /home/jepsen/jepsen.demo/store/etcd q=false g=false r=200 o=4000 t=10 c=30 v=10 l=25 f=5/20250524T220032.443Z/independent/1/results.edn
22:06:35.907 [clojure-agent-send-pool-2] INFO jepsen.independent -- Wrote /home/jepsen/jepsen.demo/store/etcd q=false g=false r=200 o=4000 t=10 c=30 v=10 l=25 f=5/20250524T220032.443Z/independent/2/history.edn
22:06:35.910 [clojure-agent-send-pool-0] INFO jepsen.independent -- Wrote /home/jepsen/jepsen.demo/store/etcd q=false g=false r=200 o=4000 t=10 c=30 v=10 l=25 f=5/20250524T220032.443Z/independent/0/history.edn
22:06:35.991 [clojure-agent-send-pool-1] INFO jepsen.independent -- Wrote /home/jepsen/jepsen.demo/store/etcd q=false g=false r=200 o=4000 t=10 c=30 v=10 l=25 f=5/20250524T220032.443Z/independent/1/history.edn
22:06:35.996 [main] INFO workflow -- Analysis complete
22:06:36.322 [jepsen results] INFO jepsen.store -- Wrote /home/jepsen/jepsen.demo/store/etcd q=false g=false r=200 o=4000 t=10 c=30 v=10 l=25 f=5/20250524T220032.443Z/results.edn
22:06:39.753 [main] INFO workflow -- Printing results...
22:06:39.938 [main] INFO jepsen.core -- {:indp-linear {:valid? false,
               :results {0 {:valid? false,
                            :configs ({:model #knossos.model.CASRegister{:value 7},
                                       :last-op {:process 2,
                                                 :type :ok,
                                                 :f :write,
                                                 :value 7,
                                                 :index 9046,
                                                 :time 8342985455,
                                                 :tstag 8338762817},
                                       :pending [{:process 1,
                                                  :type :invoke,
                                                  :f :cas,
                                                  :value [9 3],
                                                  :index 8971,
                                                  :time 8272416832,
                                                  :tstag [nil
                                                          8272416832]}
                                                 {:process 3,
                                                  :type :invoke,
                                                  :f :cas,
                                                  :value [1 8],
                                                  :index 9004,
                                                  :time 8309481065,
                                                  :tstag [nil
                                                          8309481065]}
                                                 {:process 6,
                                                  :type :invoke,
                                                  :f :read,
                                                  :value 6,
                                                  :index 9048,
                                                  :time 8344675063,
                                                  :tstag nil}
                                                 {:process 8,
                                                  :type :invoke,
                                                  :f :write,
                                                  :value 4,
                                                  :index 8996,
                                                  :time 8300762545,
                                                  :tstag 8300762545}]}
                                      {:model #knossos.model.CASRegister{:value 7},
                                       :last-op {:process 2,
                                                 :type :ok,
                                                 :f :write,
                                                 :value 7,
                                                 :index 9046,
                                                 :time 8342985455,
                                                 :tstag 8338762817},
                                       :pending [{:process 1,
                                                  :type :invoke,
                                                  :f :cas,
                                                  :value [9 3],
                                                  :index 8971,
                                                  :time 8272416832,
                                                  :tstag [nil
                                                          8272416832]}
                                                 {:process 6,
                                                  :type :invoke,
                                                  :f :read,
                                                  :value 6,
                                                  :index 9048,
                                                  :time 8344675063,
                                                  :tstag nil}]}
                                      {:model #knossos.model.CASRegister{:value 7},
                                       :last-op {:process 2,
                                                 :type :ok,
                                                 :f :write,
                                                 :value 7,
                                                 :index 9046,
                                                 :time 8342985455,
                                                 :tstag 8338762817},
                                       :pending [{:process 1,
                                                  :type :invoke,
                                                  :f :cas,
                                                  :value [9 3],
                                                  :index 8971,
                                                  :time 8272416832,
                                                  :tstag [nil
                                                          8272416832]}
                                                 {:process 3,
                                                  :type :invoke,
                                                  :f :cas,
                                                  :value [1 8],
                                                  :index 9004,
                                                  :time 8309481065,
                                                  :tstag [nil
                                                          8309481065]}
                                                 {:process 6,
                                                  :type :invoke,
                                                  :f :read,
                                                  :value 6,
                                                  :index 9048,
                                                  :time 8344675063,
                                                  :tstag nil}]}
                                      {:model #knossos.model.CASRegister{:value 7},
                                       :last-op {:process 2,
                                                 :type :ok,
                                                 :f :write,
                                                 :value 7,
                                                 :index 9046,
                                                 :time 8342985455,
                                                 :tstag 8338762817},
                                       :pending [{:process 1,
                                                  :type :invoke,
                                                  :f :cas,
                                                  :value [9 3],
                                                  :index 8971,
                                                  :time 8272416832,
                                                  :tstag [nil
                                                          8272416832]}
                                                 {:process 6,
                                                  :type :invoke,
                                                  :f :read,
                                                  :value 6,
                                                  :index 9048,
                                                  :time 8344675063,
                                                  :tstag nil}
                                                 {:process 8,
                                                  :type :invoke,
                                                  :f :write,
                                                  :value 4,
                                                  :index 8996,
                                                  :time 8300762545,
                                                  :tstag 8300762545}]}),
                            :final-paths ([{:op {:process 2,
                                                 :type :ok,
                                                 :f :write,
                                                 :value 7,
                                                 :index 9046,
                                                 :time 8342985455,
                                                 :tstag 8338762817},
                                            :model #knossos.model.CASRegister{:value 7}}
                                           {:op {:process 1,
                                                 :type :invoke,
                                                 :f :cas,
                                                 :value [9 3],
                                                 :index 8971,
                                                 :time 8272416832,
                                                 :tstag [nil
                                                         8272416832]},
                                            :model #knossos.model.Inconsistent{:msg "can't CAS 7 from 9 to 3"}}]
                                          [{:op {:process 2,
                                                 :type :ok,
                                                 :f :write,
                                                 :value 7,
                                                 :index 9046,
                                                 :time 8342985455,
                                                 :tstag 8338762817},
                                            :model #knossos.model.CASRegister{:value 7}}
                                           {:op {:process 8,
                                                 :type :invoke,
                                                 :f :write,
                                                 :value 4,
                                                 :index 8996,
                                                 :time 8300762545,
                                                 :tstag 8300762545},
                                            :model #knossos.model.CASRegister{:value 4}}
                                           {:op {:process 1,
                                                 :type :invoke,
                                                 :f :cas,
                                                 :value [9 3],
                                                 :index 8971,
                                                 :time 8272416832,
                                                 :tstag [nil
                                                         8272416832]},
                                            :model #knossos.model.Inconsistent{:msg "can't CAS 4 from 9 to 3"}}]
                                          [{:op {:process 2,
                                                 :type :ok,
                                                 :f :write,
                                                 :value 7,
                                                 :index 9046,
                                                 :time 8342985455,
                                                 :tstag 8338762817},
                                            :model #knossos.model.CASRegister{:value 7}}
                                           {:op {:process 8,
                                                 :type :invoke,
                                                 :f :write,
                                                 :value 4,
                                                 :index 8996,
                                                 :time 8300762545,
                                                 :tstag 8300762545},
                                            :model #knossos.model.CASRegister{:value 4}}
                                           {:op {:process 3,
                                                 :type :invoke,
                                                 :f :cas,
                                                 :value [1 8],
                                                 :index 9004,
                                                 :time 8309481065,
                                                 :tstag [nil
                                                         8309481065]},
                                            :model #knossos.model.Inconsistent{:msg "can't CAS 4 from 1 to 8"}}]
                                          [{:op {:process 2,
                                                 :type :ok,
                                                 :f :write,
                                                 :value 7,
                                                 :index 9046,
                                                 :time 8342985455,
                                                 :tstag 8338762817},
                                            :model #knossos.model.CASRegister{:value 7}}
                                           {:op {:process 3,
                                                 :type :invoke,
                                                 :f :cas,
                                                 :value [1 8],
                                                 :index 9004,
                                                 :time 8309481065,
                                                 :tstag [nil
                                                         8309481065]},
                                            :model #knossos.model.Inconsistent{:msg "can't CAS 7 from 1 to 8"}}]
                                          [{:op {:process 2,
                                                 :type :ok,
                                                 :f :write,
                                                 :value 7,
                                                 :index 9046,
                                                 :time 8342985455,
                                                 :tstag 8338762817},
                                            :model #knossos.model.CASRegister{:value 7}}
                                           {:op {:process 6,
                                                 :type :ok,
                                                 :f :read,
                                                 :value 6,
                                                 :index 9051,
                                                 :time 8347176676,
                                                 :tstag nil},
                                            :model #knossos.model.Inconsistent{:msg "can't read 6 from register 7"}}]
                                          [{:op {:process 2,
                                                 :type :ok,
                                                 :f :write,
                                                 :value 7,
                                                 :index 9046,
                                                 :time 8342985455,
                                                 :tstag 8338762817},
                                            :model #knossos.model.CASRegister{:value 7}}
                                           {:op {:process 8,
                                                 :type :invoke,
                                                 :f :write,
                                                 :value 4,
                                                 :index 8996,
                                                 :time 8300762545,
                                                 :tstag 8300762545},
                                            :model #knossos.model.CASRegister{:value 4}}
                                           {:op {:process 6,
                                                 :type :ok,
                                                 :f :read,
                                                 :value 6,
                                                 :index 9051,
                                                 :time 8347176676,
                                                 :tstag nil},
                                            :model #knossos.model.Inconsistent{:msg "can't read 6 from register 4"}}]),
                            :previous-ok {:process 2,
                                          :type :ok,
                                          :f :write,
                                          :value 7,
                                          :index 9046,
                                          :time 8342985455,
                                          :tstag 8338762817},
                            :last-op {:process 2,
                                      :type :ok,
                                      :f :write,
                                      :value 7,
                                      :index 9046,
                                      :time 8342985455,
                                      :tstag 8338762817},
                            :op {:process 6,
                                 :type :ok,
                                 :f :read,
                                 :value 6,
                                 :index 9051,
                                 :time 8347176676,
                                 :tstag nil}},
                         1 {:valid? false,
                            :configs ({:model #knossos.model.CASRegister{:value 9},
                                       :last-op {:process 10,
                                                 :type :ok,
                                                 :f :write,
                                                 :value 9,
                                                 :index 9007,
                                                 :time 8311033042,
                                                 :tstag 8307042571},
                                       :pending [{:process 11,
                                                  :type :invoke,
                                                  :f :write,
                                                  :value 8,
                                                  :index 8967,
                                                  :time 8267879884,
                                                  :tstag 8267879884}
                                                 {:process 13,
                                                  :type :invoke,
                                                  :f :write,
                                                  :value 7,
                                                  :index 9003,
                                                  :time 8308721585,
                                                  :tstag 8308721585}
                                                 {:process 16,
                                                  :type :invoke,
                                                  :f :read,
                                                  :value 0,
                                                  :index 9010,
                                                  :time 8312417097,
                                                  :tstag nil}
                                                 {:process 17,
                                                  :type :invoke,
                                                  :f :read,
                                                  :value 9,
                                                  :index 9011,
                                                  :time 8312714268,
                                                  :tstag nil}]}
                                      {:model #knossos.model.CASRegister{:value 9},
                                       :last-op {:process 10,
                                                 :type :ok,
                                                 :f :write,
                                                 :value 9,
                                                 :index 9007,
                                                 :time 8311033042,
                                                 :tstag 8307042571},
                                       :pending [{:process 16,
                                                  :type :invoke,
                                                  :f :read,
                                                  :value 0,
                                                  :index 9010,
                                                  :time 8312417097,
                                                  :tstag nil}
                                                 {:process 17,
                                                  :type :invoke,
                                                  :f :read,
                                                  :value 9,
                                                  :index 9011,
                                                  :time 8312714268,
                                                  :tstag nil}]}
                                      {:model #knossos.model.CASRegister{:value 9},
                                       :last-op {:process 10,
                                                 :type :ok,
                                                 :f :write,
                                                 :value 9,
                                                 :index 9007,
                                                 :time 8311033042,
                                                 :tstag 8307042571},
                                       :pending [{:process 13,
                                                  :type :invoke,
                                                  :f :write,
                                                  :value 7,
                                                  :index 9003,
                                                  :time 8308721585,
                                                  :tstag 8308721585}
                                                 {:process 16,
                                                  :type :invoke,
                                                  :f :read,
                                                  :value 0,
                                                  :index 9010,
                                                  :time 8312417097,
                                                  :tstag nil}
                                                 {:process 17,
                                                  :type :invoke,
                                                  :f :read,
                                                  :value 9,
                                                  :index 9011,
                                                  :time 8312714268,
                                                  :tstag nil}]}
                                      {:model #knossos.model.CASRegister{:value 9},
                                       :last-op {:process 10,
                                                 :type :ok,
                                                 :f :write,
                                                 :value 9,
                                                 :index 9007,
                                                 :time 8311033042,
                                                 :tstag 8307042571},
                                       :pending [{:process 11,
                                                  :type :invoke,
                                                  :f :write,
                                                  :value 8,
                                                  :index 8967,
                                                  :time 8267879884,
                                                  :tstag 8267879884}
                                                 {:process 16,
                                                  :type :invoke,
                                                  :f :read,
                                                  :value 0,
                                                  :index 9010,
                                                  :time 8312417097,
                                                  :tstag nil}
                                                 {:process 17,
                                                  :type :invoke,
                                                  :f :read,
                                                  :value 9,
                                                  :index 9011,
                                                  :time 8312714268,
                                                  :tstag nil}]}),
                            :final-paths ([{:op {:process 10,
                                                 :type :ok,
                                                 :f :write,
                                                 :value 9,
                                                 :index 9007,
                                                 :time 8311033042,
                                                 :tstag 8307042571},
                                            :model #knossos.model.CASRegister{:value 9}}
                                           {:op {:process 11,
                                                 :type :invoke,
                                                 :f :write,
                                                 :value 8,
                                                 :index 8967,
                                                 :time 8267879884,
                                                 :tstag 8267879884},
                                            :model #knossos.model.CASRegister{:value 8}}
                                           {:op {:process 13,
                                                 :type :invoke,
                                                 :f :write,
                                                 :value 7,
                                                 :index 9003,
                                                 :time 8308721585,
                                                 :tstag 8308721585},
                                            :model #knossos.model.CASRegister{:value 7}}
                                           {:op {:process 16,
                                                 :type :ok,
                                                 :f :read,
                                                 :value 0,
                                                 :index 9012,
                                                 :time 8314993163,
                                                 :tstag nil},
                                            :model #knossos.model.Inconsistent{:msg "can't read 0 from register 7"}}]
                                          [{:op {:process 10,
                                                 :type :ok,
                                                 :f :write,
                                                 :value 9,
                                                 :index 9007,
                                                 :time 8311033042,
                                                 :tstag 8307042571},
                                            :model #knossos.model.CASRegister{:value 9}}
                                           {:op {:process 17,
                                                 :type :invoke,
                                                 :f :read,
                                                 :value 9,
                                                 :index 9011,
                                                 :time 8312714268,
                                                 :tstag nil},
                                            :model #knossos.model.CASRegister{:value 9}}
                                           {:op {:process 13,
                                                 :type :invoke,
                                                 :f :write,
                                                 :value 7,
                                                 :index 9003,
                                                 :time 8308721585,
                                                 :tstag 8308721585},
                                            :model #knossos.model.CASRegister{:value 7}}
                                           {:op {:process 16,
                                                 :type :ok,
                                                 :f :read,
                                                 :value 0,
                                                 :index 9012,
                                                 :time 8314993163,
                                                 :tstag nil},
                                            :model #knossos.model.Inconsistent{:msg "can't read 0 from register 7"}}]
                                          [{:op {:process 10,
                                                 :type :ok,
                                                 :f :write,
                                                 :value 9,
                                                 :index 9007,
                                                 :time 8311033042,
                                                 :tstag 8307042571},
                                            :model #knossos.model.CASRegister{:value 9}}
                                           {:op {:process 17,
                                                 :type :invoke,
                                                 :f :read,
                                                 :value 9,
                                                 :index 9011,
                                                 :time 8312714268,
                                                 :tstag nil},
                                            :model #knossos.model.CASRegister{:value 9}}
                                           {:op {:process 16,
                                                 :type :ok,
                                                 :f :read,
                                                 :value 0,
                                                 :index 9012,
                                                 :time 8314993163,
                                                 :tstag nil},
                                            :model #knossos.model.Inconsistent{:msg "can't read 0 from register 9"}}]
                                          [{:op {:process 10,
                                                 :type :ok,
                                                 :f :write,
                                                 :value 9,
                                                 :index 9007,
                                                 :time 8311033042,
                                                 :tstag 8307042571},
                                            :model #knossos.model.CASRegister{:value 9}}
                                           {:op {:process 17,
                                                 :type :invoke,
                                                 :f :read,
                                                 :value 9,
                                                 :index 9011,
                                                 :time 8312714268,
                                                 :tstag nil},
                                            :model #knossos.model.CASRegister{:value 9}}
                                           {:op {:process 13,
                                                 :type :invoke,
                                                 :f :write,
                                                 :value 7,
                                                 :index 9003,
                                                 :time 8308721585,
                                                 :tstag 8308721585},
                                            :model #knossos.model.CASRegister{:value 7}}
                                           {:op {:process 11,
                                                 :type :invoke,
                                                 :f :write,
                                                 :value 8,
                                                 :index 8967,
                                                 :time 8267879884,
                                                 :tstag 8267879884},
                                            :model #knossos.model.CASRegister{:value 8}}
                                           {:op {:process 16,
                                                 :type :ok,
                                                 :f :read,
                                                 :value 0,
                                                 :index 9012,
                                                 :time 8314993163,
                                                 :tstag nil},
                                            :model #knossos.model.Inconsistent{:msg "can't read 0 from register 8"}}]
                                          [{:op {:process 10,
                                                 :type :ok,
                                                 :f :write,
                                                 :value 9,
                                                 :index 9007,
                                                 :time 8311033042,
                                                 :tstag 8307042571},
                                            :model #knossos.model.CASRegister{:value 9}}
                                           {:op {:process 11,
                                                 :type :invoke,
                                                 :f :write,
                                                 :value 8,
                                                 :index 8967,
                                                 :time 8267879884,
                                                 :tstag 8267879884},
                                            :model #knossos.model.CASRegister{:value 8}}
                                           {:op {:process 16,
                                                 :type :ok,
                                                 :f :read,
                                                 :value 0,
                                                 :index 9012,
                                                 :time 8314993163,
                                                 :tstag nil},
                                            :model #knossos.model.Inconsistent{:msg "can't read 0 from register 8"}}]
                                          [{:op {:process 10,
                                                 :type :ok,
                                                 :f :write,
                                                 :value 9,
                                                 :index 9007,
                                                 :time 8311033042,
                                                 :tstag 8307042571},
                                            :model #knossos.model.CASRegister{:value 9}}
                                           {:op {:process 11,
                                                 :type :invoke,
                                                 :f :write,
                                                 :value 8,
                                                 :index 8967,
                                                 :time 8267879884,
                                                 :tstag 8267879884},
                                            :model #knossos.model.CASRegister{:value 8}}
                                           {:op {:process 17,
                                                 :type :invoke,
                                                 :f :read,
                                                 :value 9,
                                                 :index 9011,
                                                 :time 8312714268,
                                                 :tstag nil},
                                            :model #knossos.model.Inconsistent{:msg "can't read 9 from register 8"}}]
                                          [{:op {:process 10,
                                                 :type :ok,
                                                 :f :write,
                                                 :value 9,
                                                 :index 9007,
                                                 :time 8311033042,
                                                 :tstag 8307042571},
                                            :model #knossos.model.CASRegister{:value 9}}
                                           {:op {:process 13,
                                                 :type :invoke,
                                                 :f :write,
                                                 :value 7,
                                                 :index 9003,
                                                 :time 8308721585,
                                                 :tstag 8308721585},
                                            :model #knossos.model.CASRegister{:value 7}}
                                           {:op {:process 11,
                                                 :type :invoke,
                                                 :f :write,
                                                 :value 8,
                                                 :index 8967,
                                                 :time 8267879884,
                                                 :tstag 8267879884},
                                            :model #knossos.model.CASRegister{:value 8}}
                                           {:op {:process 17,
                                                 :type :invoke,
                                                 :f :read,
                                                 :value 9,
                                                 :index 9011,
                                                 :time 8312714268,
                                                 :tstag nil},
                                            :model #knossos.model.Inconsistent{:msg "can't read 9 from register 8"}}]
                                          [{:op {:process 10,
                                                 :type :ok,
                                                 :f :write,
                                                 :value 9,
                                                 :index 9007,
                                                 :time 8311033042,
                                                 :tstag 8307042571},
                                            :model #knossos.model.CASRegister{:value 9}}
                                           {:op {:process 17,
                                                 :type :invoke,
                                                 :f :read,
                                                 :value 9,
                                                 :index 9011,
                                                 :time 8312714268,
                                                 :tstag nil},
                                            :model #knossos.model.CASRegister{:value 9}}
                                           {:op {:process 11,
                                                 :type :invoke,
                                                 :f :write,
                                                 :value 8,
                                                 :index 8967,
                                                 :time 8267879884,
                                                 :tstag 8267879884},
                                            :model #knossos.model.CASRegister{:value 8}}
                                           {:op {:process 13,
                                                 :type :invoke,
                                                 :f :write,
                                                 :value 7,
                                                 :index 9003,
                                                 :time 8308721585,
                                                 :tstag 8308721585},
                                            :model #knossos.model.CASRegister{:value 7}}
                                           {:op {:process 16,
                                                 :type :ok,
                                                 :f :read,
                                                 :value 0,
                                                 :index 9012,
                                                 :time 8314993163,
                                                 :tstag nil},
                                            :model #knossos.model.Inconsistent{:msg "can't read 0 from register 7"}}]
                                          [{:op {:process 10,
                                                 :type :ok,
                                                 :f :write,
                                                 :value 9,
                                                 :index 9007,
                                                 :time 8311033042,
                                                 :tstag 8307042571},
                                            :model #knossos.model.CASRegister{:value 9}}
                                           {:op {:process 11,
                                                 :type :invoke,
                                                 :f :write,
                                                 :value 8,
                                                 :index 8967,
                                                 :time 8267879884,
                                                 :tstag 8267879884},
                                            :model #knossos.model.CASRegister{:value 8}}
                                           {:op {:process 13,
                                                 :type :invoke,
                                                 :f :write,
                                                 :value 7,
                                                 :index 9003,
                                                 :time 8308721585,
                                                 :tstag 8308721585},
                                            :model #knossos.model.CASRegister{:value 7}}
                                           {:op {:process 17,
                                                 :type :invoke,
                                                 :f :read,
                                                 :value 9,
                                                 :index 9011,
                                                 :time 8312714268,
                                                 :tstag nil},
                                            :model #knossos.model.Inconsistent{:msg "can't read 9 from register 7"}}]
                                          [{:op {:process 10,
                                                 :type :ok,
                                                 :f :write,
                                                 :value 9,
                                                 :index 9007,
                                                 :time 8311033042,
                                                 :tstag 8307042571},
                                            :model #knossos.model.CASRegister{:value 9}}
                                           {:op {:process 13,
                                                 :type :invoke,
                                                 :f :write,
                                                 :value 7,
                                                 :index 9003,
                                                 :time 8308721585,
                                                 :tstag 8308721585},
                                            :model #knossos.model.CASRegister{:value 7}}
                                           {:op {:process 11,
                                                 :type :invoke,
                                                 :f :write,
                                                 :value 8,
                                                 :index 8967,
                                                 :time 8267879884,
                                                 :tstag 8267879884},
                                            :model #knossos.model.CASRegister{:value 8}}
                                           {:op {:process 16,
                                                 :type :ok,
                                                 :f :read,
                                                 :value 0,
                                                 :index 9012,
                                                 :time 8314993163,
                                                 :tstag nil},
                                            :model #knossos.model.Inconsistent{:msg "can't read 0 from register 8"}}]),
                            :previous-ok {:process 10,
                                          :type :ok,
                                          :f :write,
                                          :value 9,
                                          :index 9007,
                                          :time 8311033042,
                                          :tstag 8307042571},
                            :last-op {:process 10,
                                      :type :ok,
                                      :f :write,
                                      :value 9,
                                      :index 9007,
                                      :time 8311033042,
                                      :tstag 8307042571},
                            :op {:process 16,
                                 :type :ok,
                                 :f :read,
                                 :value 0,
                                 :index 9012,
                                 :time 8314993163,
                                 :tstag nil}},
                         2 {:valid? false,
                            :configs ({:model #knossos.model.CASRegister{:value 9},
                                       :last-op {:process 22,
                                                 :type :ok,
                                                 :f :cas,
                                                 :value [0 9],
                                                 :index 9141,
                                                 :time 8429461007,
                                                 :tstag [nil
                                                         8425282287]},
                                       :pending [{:process 23,
                                                  :type :invoke,
                                                  :f :read,
                                                  :value 8,
                                                  :index 9143,
                                                  :time 8432221058,
                                                  :tstag nil}
                                                 {:process 26,
                                                  :type :invoke,
                                                  :f :write,
                                                  :value 5,
                                                  :index 8972,
                                                  :time 8273987181,
                                                  :tstag 8273987181}]}
                                      {:model #knossos.model.CASRegister{:value 9},
                                       :last-op {:process 22,
                                                 :type :ok,
                                                 :f :cas,
                                                 :value [0 9],
                                                 :index 9141,
                                                 :time 8429461007,
                                                 :tstag [nil
                                                         8425282287]},
                                       :pending [{:process 23,
                                                  :type :invoke,
                                                  :f :read,
                                                  :value 8,
                                                  :index 9143,
                                                  :time 8432221058,
                                                  :tstag nil}]}
                                      {:model #knossos.model.CASRegister{:value 9},
                                       :last-op {:process 22,
                                                 :type :ok,
                                                 :f :cas,
                                                 :value [0 9],
                                                 :index 9141,
                                                 :time 8429461007,
                                                 :tstag [nil
                                                         8425282287]},
                                       :pending [{:process 21,
                                                  :type :invoke,
                                                  :f :write,
                                                  :value 5,
                                                  :index 9005,
                                                  :time 8310617558,
                                                  :tstag 8310617558}
                                                 {:process 23,
                                                  :type :invoke,
                                                  :f :read,
                                                  :value 8,
                                                  :index 9143,
                                                  :time 8432221058,
                                                  :tstag nil}
                                                 {:process 26,
                                                  :type :invoke,
                                                  :f :write,
                                                  :value 5,
                                                  :index 8972,
                                                  :time 8273987181,
                                                  :tstag 8273987181}]}
                                      {:model #knossos.model.CASRegister{:value 9},
                                       :last-op {:process 22,
                                                 :type :ok,
                                                 :f :cas,
                                                 :value [0 9],
                                                 :index 9141,
                                                 :time 8429461007,
                                                 :tstag [nil
                                                         8425282287]},
                                       :pending [{:process 21,
                                                  :type :invoke,
                                                  :f :write,
                                                  :value 5,
                                                  :index 9005,
                                                  :time 8310617558,
                                                  :tstag 8310617558}
                                                 {:process 23,
                                                  :type :invoke,
                                                  :f :read,
                                                  :value 8,
                                                  :index 9143,
                                                  :time 8432221058,
                                                  :tstag nil}]}),
                            :final-paths ([{:op {:process 22,
                                                 :type :ok,
                                                 :f :cas,
                                                 :value [0 9],
                                                 :index 9141,
                                                 :time 8429461007,
                                                 :tstag [nil
                                                         8425282287]},
                                            :model #knossos.model.CASRegister{:value 9}}
                                           {:op {:process 21,
                                                 :type :invoke,
                                                 :f :write,
                                                 :value 5,
                                                 :index 9005,
                                                 :time 8310617558,
                                                 :tstag 8310617558},
                                            :model #knossos.model.CASRegister{:value 5}}
                                           {:op {:process 26,
                                                 :type :invoke,
                                                 :f :write,
                                                 :value 5,
                                                 :index 8972,
                                                 :time 8273987181,
                                                 :tstag 8273987181},
                                            :model #knossos.model.CASRegister{:value 5}}
                                           {:op {:process 23,
                                                 :type :ok,
                                                 :f :read,
                                                 :value 8,
                                                 :index 9146,
                                                 :time 8434871643,
                                                 :tstag nil},
                                            :model #knossos.model.Inconsistent{:msg "can't read 8 from register 5"}}]
                                          [{:op {:process 22,
                                                 :type :ok,
                                                 :f :cas,
                                                 :value [0 9],
                                                 :index 9141,
                                                 :time 8429461007,
                                                 :tstag [nil
                                                         8425282287]},
                                            :model #knossos.model.CASRegister{:value 9}}
                                           {:op {:process 21,
                                                 :type :invoke,
                                                 :f :write,
                                                 :value 5,
                                                 :index 9005,
                                                 :time 8310617558,
                                                 :tstag 8310617558},
                                            :model #knossos.model.CASRegister{:value 5}}
                                           {:op {:process 23,
                                                 :type :ok,
                                                 :f :read,
                                                 :value 8,
                                                 :index 9146,
                                                 :time 8434871643,
                                                 :tstag nil},
                                            :model #knossos.model.Inconsistent{:msg "can't read 8 from register 5"}}]
                                          [{:op {:process 22,
                                                 :type :ok,
                                                 :f :cas,
                                                 :value [0 9],
                                                 :index 9141,
                                                 :time 8429461007,
                                                 :tstag [nil
                                                         8425282287]},
                                            :model #knossos.model.CASRegister{:value 9}}
                                           {:op {:process 23,
                                                 :type :ok,
                                                 :f :read,
                                                 :value 8,
                                                 :index 9146,
                                                 :time 8434871643,
                                                 :tstag nil},
                                            :model #knossos.model.Inconsistent{:msg "can't read 8 from register 9"}}]
                                          [{:op {:process 22,
                                                 :type :ok,
                                                 :f :cas,
                                                 :value [0 9],
                                                 :index 9141,
                                                 :time 8429461007,
                                                 :tstag [nil
                                                         8425282287]},
                                            :model #knossos.model.CASRegister{:value 9}}
                                           {:op {:process 26,
                                                 :type :invoke,
                                                 :f :write,
                                                 :value 5,
                                                 :index 8972,
                                                 :time 8273987181,
                                                 :tstag 8273987181},
                                            :model #knossos.model.CASRegister{:value 5}}
                                           {:op {:process 23,
                                                 :type :ok,
                                                 :f :read,
                                                 :value 8,
                                                 :index 9146,
                                                 :time 8434871643,
                                                 :tstag nil},
                                            :model #knossos.model.Inconsistent{:msg "can't read 8 from register 5"}}]
                                          [{:op {:process 22,
                                                 :type :ok,
                                                 :f :cas,
                                                 :value [0 9],
                                                 :index 9141,
                                                 :time 8429461007,
                                                 :tstag [nil
                                                         8425282287]},
                                            :model #knossos.model.CASRegister{:value 9}}
                                           {:op {:process 26,
                                                 :type :invoke,
                                                 :f :write,
                                                 :value 5,
                                                 :index 8972,
                                                 :time 8273987181,
                                                 :tstag 8273987181},
                                            :model #knossos.model.CASRegister{:value 5}}
                                           {:op {:process 21,
                                                 :type :invoke,
                                                 :f :write,
                                                 :value 5,
                                                 :index 9005,
                                                 :time 8310617558,
                                                 :tstag 8310617558},
                                            :model #knossos.model.CASRegister{:value 5}}
                                           {:op {:process 23,
                                                 :type :ok,
                                                 :f :read,
                                                 :value 8,
                                                 :index 9146,
                                                 :time 8434871643,
                                                 :tstag nil},
                                            :model #knossos.model.Inconsistent{:msg "can't read 8 from register 5"}}]),
                            :previous-ok {:process 22,
                                          :type :ok,
                                          :f :cas,
                                          :value [0 9],
                                          :index 9141,
                                          :time 8429461007,
                                          :tstag [nil 8425282287]},
                            :last-op {:process 22,
                                      :type :ok,
                                      :f :cas,
                                      :value [0 9],
                                      :index 9141,
                                      :time 8429461007,
                                      :tstag [nil 8425282287]},
                            :op {:process 23,
                                 :type :ok,
                                 :f :read,
                                 :value 8,
                                 :index 9146,
                                 :time 8434871643,
                                 :tstag nil}},
                         3 {:valid? true,
                            :configs ({:model #knossos.model.CASRegister{:value 3},
                                       :last-op {:process 0,
                                                 :type :ok,
                                                 :f :read,
                                                 :value 3,
                                                 :index 26938,
                                                 :time 25110437192,
                                                 :tstag nil},
                                       :pending []}),
                            :final-paths ()},
                         4 {:valid? true,
                            :configs ({:model #knossos.model.CASRegister{:value 3},
                                       :last-op {:process 51,
                                                 :type :ok,
                                                 :f :write,
                                                 :value 3,
                                                 :index 26939,
                                                 :time 25111605217,
                                                 :tstag 25106360070},
                                       :pending []}),
                            :final-paths ()},
                         5 {:valid? true,
                            :configs ({:model #knossos.model.CASRegister{:value 3},
                                       :last-op {:process 14,
                                                 :type :ok,
                                                 :f :read,
                                                 :value 3,
                                                 :index 26933,
                                                 :time 25104622966,
                                                 :tstag nil},
                                       :pending []}),
                            :final-paths ()}},
               :failures [0 1 2]},
 :valid? false}


Analysis invalid! ( 
Time spent in checker: 977.34 msecs
