2025-05-18 20:05:27 Jepsen starting  /home/jepsen/etcd-v3.1/etcd --log-output stderr --name hp144.utah.cloudlab.us --data-dir /home/jepsen/etcd-v3.1/data --wal-dir /home/jepsen/etcd-v3.1/wal --listen-peer-urls http://0.0.0.0:2380 --initial-advertise-peer-urls http://hp144.utah.cloudlab.us:2380 --listen-client-urls http://0.0.0.0:2379 --advertise-client-urls http://hp144.utah.cloudlab.us:2379 --initial-cluster-state new --initial-cluster hp124.utah.cloudlab.us=http://hp124.utah.cloudlab.us:2380,hp158.utah.cloudlab.us=http://hp158.utah.cloudlab.us:2380,hp144.utah.cloudlab.us=http://hp144.utah.cloudlab.us:2380,hp159.utah.cloudlab.us=http://hp159.utah.cloudlab.us:2380,hp149.utah.cloudlab.us=http://hp149.utah.cloudlab.us:2380
2025-05-18 20:05:27.084435 I | etcdmain: etcd Version: 3.1.5
2025-05-18 20:05:27.084492 I | etcdmain: Git SHA: 20490ca
2025-05-18 20:05:27.084498 I | etcdmain: Go Version: go1.7.5
2025-05-18 20:05:27.084503 I | etcdmain: Go OS/Arch: linux/amd64
2025-05-18 20:05:27.084508 I | etcdmain: setting maximum number of CPUs to 20, total number of available CPUs is 20
2025-05-18 20:05:27.084570 I | embed: listening for peers on http://0.0.0.0:2380
2025-05-18 20:05:27.084611 I | embed: listening for client requests on 0.0.0.0:2379
2025-05-18 20:05:27.086624 I | pkg/netutil: resolving hp144.utah.cloudlab.us:2380 to 128.110.218.183:2380
2025-05-18 20:05:27.087087 I | pkg/netutil: resolving hp144.utah.cloudlab.us:2380 to 128.110.218.183:2380
2025-05-18 20:05:27.090501 I | etcdserver: name = hp144.utah.cloudlab.us
2025-05-18 20:05:27.090522 I | etcdserver: data dir = /home/jepsen/etcd-v3.1/data
2025-05-18 20:05:27.090531 I | etcdserver: member dir = /home/jepsen/etcd-v3.1/data/member
2025-05-18 20:05:27.090537 I | etcdserver: dedicated WAL dir = /home/jepsen/etcd-v3.1/wal
2025-05-18 20:05:27.090543 I | etcdserver: heartbeat = 100ms
2025-05-18 20:05:27.090550 I | etcdserver: election = 1000ms
2025-05-18 20:05:27.090556 I | etcdserver: snapshot count = 10000
2025-05-18 20:05:27.090576 I | etcdserver: advertise client URLs = http://hp144.utah.cloudlab.us:2379
2025-05-18 20:05:27.090585 I | etcdserver: initial advertise peer URLs = http://hp144.utah.cloudlab.us:2380
2025-05-18 20:05:27.090611 I | etcdserver: initial cluster = hp124.utah.cloudlab.us=http://hp124.utah.cloudlab.us:2380,hp144.utah.cloudlab.us=http://hp144.utah.cloudlab.us:2380,hp149.utah.cloudlab.us=http://hp149.utah.cloudlab.us:2380,hp158.utah.cloudlab.us=http://hp158.utah.cloudlab.us:2380,hp159.utah.cloudlab.us=http://hp159.utah.cloudlab.us:2380
2025-05-18 20:05:27.091735 I | etcdserver: starting member fe700c0c32dc3b77 in cluster aac2752a141c3276
2025-05-18 20:05:27.091770 I | raft: fe700c0c32dc3b77 became follower at term 0
2025-05-18 20:05:27.091784 I | raft: newRaft fe700c0c32dc3b77 [peers: [], term: 0, commit: 0, applied: 0, lastindex: 0, lastterm: 0]
2025-05-18 20:05:27.091806 I | raft: fe700c0c32dc3b77 became follower at term 1
2025-05-18 20:05:27.095776 I | rafthttp: starting peer 399dd9d2fe9451fe...
2025-05-18 20:05:27.095832 I | rafthttp: started HTTP pipelining with peer 399dd9d2fe9451fe
2025-05-18 20:05:27.097857 I | rafthttp: started streaming with peer 399dd9d2fe9451fe (writer)
2025-05-18 20:05:27.097958 I | rafthttp: started streaming with peer 399dd9d2fe9451fe (writer)
2025-05-18 20:05:27.100573 I | rafthttp: started peer 399dd9d2fe9451fe
2025-05-18 20:05:27.100604 I | rafthttp: added peer 399dd9d2fe9451fe
2025-05-18 20:05:27.100618 I | rafthttp: starting peer a1561573eb12db98...
2025-05-18 20:05:27.100632 I | rafthttp: started HTTP pipelining with peer a1561573eb12db98
2025-05-18 20:05:27.100642 I | rafthttp: started streaming with peer 399dd9d2fe9451fe (stream Message reader)
2025-05-18 20:05:27.100743 I | rafthttp: started streaming with peer 399dd9d2fe9451fe (stream MsgApp v2 reader)
2025-05-18 20:05:27.102361 I | rafthttp: started streaming with peer a1561573eb12db98 (writer)
2025-05-18 20:05:27.102985 I | rafthttp: started streaming with peer a1561573eb12db98 (writer)
2025-05-18 20:05:27.103546 I | rafthttp: started peer a1561573eb12db98
2025-05-18 20:05:27.103628 I | rafthttp: added peer a1561573eb12db98
2025-05-18 20:05:27.103643 I | rafthttp: started streaming with peer a1561573eb12db98 (stream MsgApp v2 reader)
2025-05-18 20:05:27.103674 I | rafthttp: started streaming with peer a1561573eb12db98 (stream Message reader)
2025-05-18 20:05:27.103757 I | rafthttp: starting peer c89e8ee7e52968ff...
2025-05-18 20:05:27.103819 I | rafthttp: started HTTP pipelining with peer c89e8ee7e52968ff
2025-05-18 20:05:27.104169 I | rafthttp: started streaming with peer c89e8ee7e52968ff (writer)
2025-05-18 20:05:27.104340 I | rafthttp: started streaming with peer c89e8ee7e52968ff (writer)
2025-05-18 20:05:27.104940 I | rafthttp: started peer c89e8ee7e52968ff
2025-05-18 20:05:27.104979 I | rafthttp: added peer c89e8ee7e52968ff
2025-05-18 20:05:27.105002 I | rafthttp: starting peer dfe51183133d9fcb...
2025-05-18 20:05:27.105029 I | rafthttp: started HTTP pipelining with peer dfe51183133d9fcb
2025-05-18 20:05:27.105043 I | rafthttp: started streaming with peer c89e8ee7e52968ff (stream Message reader)
2025-05-18 20:05:27.105063 I | rafthttp: started streaming with peer c89e8ee7e52968ff (stream MsgApp v2 reader)
2025-05-18 20:05:27.105745 I | rafthttp: started streaming with peer dfe51183133d9fcb (writer)
2025-05-18 20:05:27.106165 I | rafthttp: started streaming with peer dfe51183133d9fcb (writer)
2025-05-18 20:05:27.107134 I | rafthttp: started peer dfe51183133d9fcb
2025-05-18 20:05:27.107179 I | rafthttp: started streaming with peer dfe51183133d9fcb (stream MsgApp v2 reader)
2025-05-18 20:05:27.107246 I | rafthttp: started streaming with peer dfe51183133d9fcb (stream Message reader)
2025-05-18 20:05:27.107334 I | rafthttp: added peer dfe51183133d9fcb
2025-05-18 20:05:27.107369 I | etcdserver: starting server... [version: 3.1.5, cluster version: to_be_decided]
2025-05-18 20:05:27.109934 I | etcdserver/membership: added member 399dd9d2fe9451fe [http://hp158.utah.cloudlab.us:2380] to cluster aac2752a141c3276
2025-05-18 20:05:27.110256 I | etcdserver/membership: added member a1561573eb12db98 [http://hp124.utah.cloudlab.us:2380] to cluster aac2752a141c3276
2025-05-18 20:05:27.110368 I | etcdserver/membership: added member c89e8ee7e52968ff [http://hp149.utah.cloudlab.us:2380] to cluster aac2752a141c3276
2025-05-18 20:05:27.110484 I | etcdserver/membership: added member dfe51183133d9fcb [http://hp159.utah.cloudlab.us:2380] to cluster aac2752a141c3276
2025-05-18 20:05:27.110606 I | etcdserver/membership: added member fe700c0c32dc3b77 [http://hp144.utah.cloudlab.us:2380] to cluster aac2752a141c3276
2025-05-18 20:05:27.130336 I | rafthttp: peer c89e8ee7e52968ff became active
2025-05-18 20:05:27.130364 I | rafthttp: established a TCP streaming connection with peer c89e8ee7e52968ff (stream MsgApp v2 reader)
2025-05-18 20:05:27.130373 I | rafthttp: established a TCP streaming connection with peer c89e8ee7e52968ff (stream MsgApp v2 writer)
2025-05-18 20:05:27.130427 I | rafthttp: established a TCP streaming connection with peer c89e8ee7e52968ff (stream Message writer)
2025-05-18 20:05:27.130484 I | rafthttp: established a TCP streaming connection with peer c89e8ee7e52968ff (stream Message reader)
2025-05-18 20:05:27.132019 I | rafthttp: peer 399dd9d2fe9451fe became active
2025-05-18 20:05:27.132043 I | rafthttp: established a TCP streaming connection with peer 399dd9d2fe9451fe (stream Message writer)
2025-05-18 20:05:27.132056 I | rafthttp: established a TCP streaming connection with peer 399dd9d2fe9451fe (stream MsgApp v2 writer)
2025-05-18 20:05:27.142400 I | rafthttp: peer dfe51183133d9fcb became active
2025-05-18 20:05:27.142430 I | rafthttp: established a TCP streaming connection with peer dfe51183133d9fcb (stream MsgApp v2 writer)
2025-05-18 20:05:27.143528 I | rafthttp: established a TCP streaming connection with peer dfe51183133d9fcb (stream Message writer)
2025-05-18 20:05:27.143607 I | rafthttp: peer a1561573eb12db98 became active
2025-05-18 20:05:27.143640 I | rafthttp: established a TCP streaming connection with peer a1561573eb12db98 (stream MsgApp v2 writer)
2025-05-18 20:05:27.143737 I | rafthttp: established a TCP streaming connection with peer a1561573eb12db98 (stream Message writer)
2025-05-18 20:05:27.204694 I | rafthttp: established a TCP streaming connection with peer 399dd9d2fe9451fe (stream MsgApp v2 reader)
2025-05-18 20:05:27.204778 I | rafthttp: established a TCP streaming connection with peer 399dd9d2fe9451fe (stream Message reader)
2025-05-18 20:05:27.206166 I | rafthttp: established a TCP streaming connection with peer a1561573eb12db98 (stream MsgApp v2 reader)
2025-05-18 20:05:27.207203 I | rafthttp: established a TCP streaming connection with peer a1561573eb12db98 (stream Message reader)
2025-05-18 20:05:27.209877 I | rafthttp: established a TCP streaming connection with peer dfe51183133d9fcb (stream Message reader)
2025-05-18 20:05:27.210023 I | rafthttp: established a TCP streaming connection with peer dfe51183133d9fcb (stream MsgApp v2 reader)
2025-05-18 20:05:27.312671 I | raft: fe700c0c32dc3b77 [term: 1] received a MsgVote message with higher term from 399dd9d2fe9451fe [term: 2]
2025-05-18 20:05:27.312714 I | raft: fe700c0c32dc3b77 became follower at term 2
2025-05-18 20:05:27.312739 I | raft: fe700c0c32dc3b77 [logterm: 1, index: 5, vote: 0] cast MsgVote for 399dd9d2fe9451fe [logterm: 1, index: 5] at term 2
2025-05-18 20:05:27.313897 I | raft: raft.node: fe700c0c32dc3b77 elected leader 399dd9d2fe9451fe at term 2
2025-05-18 20:05:27.316382 I | embed: ready to serve client requests
2025-05-18 20:05:27.316468 I | etcdserver: published {Name:hp144.utah.cloudlab.us ClientURLs:[http://hp144.utah.cloudlab.us:2379]} to cluster aac2752a141c3276
2025-05-18 20:05:27.316510 E | etcdmain: forgot to set Type=notify in systemd service file?
2025-05-18 20:05:27.316970 N | embed: serving insecure client requests on [::]:2379, this is strongly discouraged!
2025-05-18 20:05:27.321965 N | etcdserver/membership: set the initial cluster version to 3.1
2025-05-18 20:05:27.322041 I | etcdserver/api: enabled capabilities for version 3.1
2025-05-18 20:05:43.904238 I | etcdserver: start to snapshot (applied: 10002, lastsnap: 0)
2025-05-18 20:05:43.913035 I | etcdserver: saved snapshot at index 10002
2025-05-18 20:05:43.913326 I | etcdserver: compacted raft log at 5002
2025-05-18 20:05:46.912634 I | raft: fe700c0c32dc3b77 [term: 2] received a MsgVote message with higher term from c89e8ee7e52968ff [term: 3]
2025-05-18 20:05:46.912685 I | raft: fe700c0c32dc3b77 became follower at term 3
2025-05-18 20:05:46.912708 I | raft: fe700c0c32dc3b77 [logterm: 2, index: 12458, vote: 0] cast MsgVote for c89e8ee7e52968ff [logterm: 2, index: 12459] at term 3
2025-05-18 20:05:46.912723 I | raft: raft.node: fe700c0c32dc3b77 lost leader 399dd9d2fe9451fe at term 3
2025-05-18 20:05:47.992129 I | raft: fe700c0c32dc3b77 is starting a new election at term 3
2025-05-18 20:05:47.992177 I | raft: fe700c0c32dc3b77 became candidate at term 4
2025-05-18 20:05:47.992195 I | raft: fe700c0c32dc3b77 received MsgVoteResp from fe700c0c32dc3b77 at term 4
2025-05-18 20:05:47.992213 I | raft: fe700c0c32dc3b77 [logterm: 2, index: 12458] sent MsgVote request to 399dd9d2fe9451fe at term 4
2025-05-18 20:05:47.992232 I | raft: fe700c0c32dc3b77 [logterm: 2, index: 12458] sent MsgVote request to a1561573eb12db98 at term 4
2025-05-18 20:05:47.992249 I | raft: fe700c0c32dc3b77 [logterm: 2, index: 12458] sent MsgVote request to c89e8ee7e52968ff at term 4
2025-05-18 20:05:47.992264 I | raft: fe700c0c32dc3b77 [logterm: 2, index: 12458] sent MsgVote request to dfe51183133d9fcb at term 4
2025-05-18 20:05:47.993338 I | raft: fe700c0c32dc3b77 received MsgVoteResp rejection from c89e8ee7e52968ff at term 4
2025-05-18 20:05:47.993376 I | raft: fe700c0c32dc3b77 [quorum:3] has received 1 MsgVoteResp votes and 1 vote rejections
2025-05-18 20:05:48.806934 W | rafthttp: lost the TCP streaming connection with peer dfe51183133d9fcb (stream MsgApp v2 reader)
2025-05-18 20:05:48.806972 W | rafthttp: lost the TCP streaming connection with peer a1561573eb12db98 (stream MsgApp v2 reader)
2025-05-18 20:05:48.807017 E | rafthttp: failed to read a1561573eb12db98 on stream MsgApp v2 (read tcp 128.110.218.183:53822->128.110.218.163:2380: i/o timeout)
2025-05-18 20:05:48.807071 I | rafthttp: peer a1561573eb12db98 became inactive
2025-05-18 20:05:48.807089 E | rafthttp: failed to read dfe51183133d9fcb on stream MsgApp v2 (read tcp 128.110.218.183:59174->128.110.218.198:2380: i/o timeout)
2025-05-18 20:05:48.807103 I | rafthttp: peer dfe51183133d9fcb became inactive
2025-05-18 20:05:48.807115 W | rafthttp: lost the TCP streaming connection with peer dfe51183133d9fcb (stream Message reader)
2025-05-18 20:05:48.807689 W | rafthttp: lost the TCP streaming connection with peer a1561573eb12db98 (stream Message reader)
2025-05-18 20:05:49.192124 I | raft: fe700c0c32dc3b77 is starting a new election at term 4
2025-05-18 20:05:49.192173 I | raft: fe700c0c32dc3b77 became candidate at term 5
2025-05-18 20:05:49.192191 I | raft: fe700c0c32dc3b77 received MsgVoteResp from fe700c0c32dc3b77 at term 5
2025-05-18 20:05:49.192209 I | raft: fe700c0c32dc3b77 [logterm: 2, index: 12458] sent MsgVote request to 399dd9d2fe9451fe at term 5
2025-05-18 20:05:49.192226 I | raft: fe700c0c32dc3b77 [logterm: 2, index: 12458] sent MsgVote request to a1561573eb12db98 at term 5
2025-05-18 20:05:49.192241 I | raft: fe700c0c32dc3b77 [logterm: 2, index: 12458] sent MsgVote request to c89e8ee7e52968ff at term 5
2025-05-18 20:05:49.192259 I | raft: fe700c0c32dc3b77 [logterm: 2, index: 12458] sent MsgVote request to dfe51183133d9fcb at term 5
2025-05-18 20:05:49.193342 I | raft: fe700c0c32dc3b77 received MsgVoteResp rejection from c89e8ee7e52968ff at term 5
2025-05-18 20:05:49.193380 I | raft: fe700c0c32dc3b77 [quorum:3] has received 1 MsgVoteResp votes and 1 vote rejections
2025-05-18 20:05:50.112642 I | raft: fe700c0c32dc3b77 [term: 5] received a MsgVote message with higher term from c89e8ee7e52968ff [term: 6]
2025-05-18 20:05:50.112694 I | raft: fe700c0c32dc3b77 became follower at term 6
2025-05-18 20:05:50.112718 I | raft: fe700c0c32dc3b77 [logterm: 2, index: 12458, vote: 0] cast MsgVote for c89e8ee7e52968ff [logterm: 2, index: 12459] at term 6
2025-05-18 20:05:50.417325 W | rafthttp: lost the TCP streaming connection with peer 399dd9d2fe9451fe (stream MsgApp v2 reader)
2025-05-18 20:05:50.417373 E | rafthttp: failed to read 399dd9d2fe9451fe on stream MsgApp v2 (read tcp 128.110.218.183:52074->128.110.218.197:2380: i/o timeout)
2025-05-18 20:05:50.417386 I | rafthttp: peer 399dd9d2fe9451fe became inactive
2025-05-18 20:05:50.462553 W | rafthttp: lost the TCP streaming connection with peer 399dd9d2fe9451fe (stream Message reader)
2025-05-18 20:05:50.510295 I | rafthttp: peer 399dd9d2fe9451fe became active
2025-05-18 20:05:50.510334 W | rafthttp: closed an existing TCP streaming connection with peer 399dd9d2fe9451fe (stream Message writer)
2025-05-18 20:05:50.510347 I | rafthttp: established a TCP streaming connection with peer 399dd9d2fe9451fe (stream Message writer)
2025-05-18 20:05:50.519050 I | rafthttp: established a TCP streaming connection with peer 399dd9d2fe9451fe (stream MsgApp v2 reader)
2025-05-18 20:05:50.564353 I | rafthttp: established a TCP streaming connection with peer 399dd9d2fe9451fe (stream Message reader)
2025-05-18 20:05:51.196121 I | rafthttp: peer a1561573eb12db98 became active
2025-05-18 20:05:51.196164 W | rafthttp: closed an existing TCP streaming connection with peer a1561573eb12db98 (stream MsgApp v2 writer)
2025-05-18 20:05:51.196178 I | rafthttp: established a TCP streaming connection with peer a1561573eb12db98 (stream MsgApp v2 writer)
2025-05-18 20:05:51.196195 W | rafthttp: closed an existing TCP streaming connection with peer a1561573eb12db98 (stream Message writer)
2025-05-18 20:05:51.196206 I | rafthttp: established a TCP streaming connection with peer a1561573eb12db98 (stream Message writer)
2025-05-18 20:05:51.223456 I | rafthttp: peer dfe51183133d9fcb became active
2025-05-18 20:05:51.223501 W | rafthttp: closed an existing TCP streaming connection with peer dfe51183133d9fcb (stream MsgApp v2 writer)
2025-05-18 20:05:51.223515 I | rafthttp: established a TCP streaming connection with peer dfe51183133d9fcb (stream MsgApp v2 writer)
2025-05-18 20:05:51.223560 W | rafthttp: closed an existing TCP streaming connection with peer dfe51183133d9fcb (stream Message writer)
2025-05-18 20:05:51.223573 I | rafthttp: established a TCP streaming connection with peer dfe51183133d9fcb (stream Message writer)
2025-05-18 20:05:51.229843 W | rafthttp: closed an existing TCP streaming connection with peer 399dd9d2fe9451fe (stream MsgApp v2 writer)
2025-05-18 20:05:51.229878 I | rafthttp: established a TCP streaming connection with peer 399dd9d2fe9451fe (stream MsgApp v2 writer)
2025-05-18 20:05:51.261543 I | rafthttp: established a TCP streaming connection with peer dfe51183133d9fcb (stream MsgApp v2 reader)
2025-05-18 20:05:51.261672 I | rafthttp: established a TCP streaming connection with peer a1561573eb12db98 (stream MsgApp v2 reader)
2025-05-18 20:05:51.261764 I | rafthttp: established a TCP streaming connection with peer a1561573eb12db98 (stream Message reader)
2025-05-18 20:05:51.261829 I | rafthttp: established a TCP streaming connection with peer dfe51183133d9fcb (stream Message reader)
2025-05-18 20:05:51.692160 I | raft: fe700c0c32dc3b77 is starting a new election at term 6
2025-05-18 20:05:51.692210 I | raft: fe700c0c32dc3b77 became candidate at term 7
2025-05-18 20:05:51.692230 I | raft: fe700c0c32dc3b77 received MsgVoteResp from fe700c0c32dc3b77 at term 7
2025-05-18 20:05:51.692250 I | raft: fe700c0c32dc3b77 [logterm: 2, index: 12458] sent MsgVote request to 399dd9d2fe9451fe at term 7
2025-05-18 20:05:51.692268 I | raft: fe700c0c32dc3b77 [logterm: 2, index: 12458] sent MsgVote request to a1561573eb12db98 at term 7
2025-05-18 20:05:51.692285 I | raft: fe700c0c32dc3b77 [logterm: 2, index: 12458] sent MsgVote request to c89e8ee7e52968ff at term 7
2025-05-18 20:05:51.692301 I | raft: fe700c0c32dc3b77 [logterm: 2, index: 12458] sent MsgVote request to dfe51183133d9fcb at term 7
2025-05-18 20:05:51.693472 I | raft: fe700c0c32dc3b77 received MsgVoteResp rejection from c89e8ee7e52968ff at term 7
2025-05-18 20:05:51.693510 I | raft: fe700c0c32dc3b77 [quorum:3] has received 1 MsgVoteResp votes and 1 vote rejections
2025-05-18 20:05:51.693530 I | raft: fe700c0c32dc3b77 received MsgVoteResp rejection from dfe51183133d9fcb at term 7
2025-05-18 20:05:51.693544 I | raft: fe700c0c32dc3b77 [quorum:3] has received 1 MsgVoteResp votes and 2 vote rejections
2025-05-18 20:05:51.693559 I | raft: fe700c0c32dc3b77 received MsgVoteResp rejection from 399dd9d2fe9451fe at term 7
2025-05-18 20:05:51.693572 I | raft: fe700c0c32dc3b77 [quorum:3] has received 1 MsgVoteResp votes and 3 vote rejections
2025-05-18 20:05:51.693591 I | raft: fe700c0c32dc3b77 became follower at term 7
2025-05-18 20:05:52.417886 E | etcdserver/api/v2http: got unexpected response error (etcdserver: request timed out)
2025-05-18 20:05:52.812607 I | raft: fe700c0c32dc3b77 [term: 7] received a MsgVote message with higher term from c89e8ee7e52968ff [term: 8]
2025-05-18 20:05:52.812651 I | raft: fe700c0c32dc3b77 became follower at term 8
2025-05-18 20:05:52.812674 I | raft: fe700c0c32dc3b77 [logterm: 2, index: 12458, vote: 0] cast MsgVote for c89e8ee7e52968ff [logterm: 2, index: 12459] at term 8
2025-05-18 20:05:53.912579 I | raft: fe700c0c32dc3b77 [term: 8] received a MsgVote message with higher term from 399dd9d2fe9451fe [term: 9]
2025-05-18 20:05:53.912621 I | raft: fe700c0c32dc3b77 became follower at term 9
2025-05-18 20:05:53.912644 I | raft: fe700c0c32dc3b77 [logterm: 2, index: 12458, vote: 0] cast MsgVote for 399dd9d2fe9451fe [logterm: 2, index: 20643] at term 9
2025-05-18 20:05:53.913610 I | raft: raft.node: fe700c0c32dc3b77 elected leader 399dd9d2fe9451fe at term 9
2025-05-18 20:05:53.928716 I | rafthttp: receiving database snapshot [index:20644, from 399dd9d2fe9451fe] ...
2025-05-18 20:05:53.929609 I | snap: saved database snapshot to disk [total bytes: 24576]
2025-05-18 20:05:53.929644 I | rafthttp: received and saved database snapshot [index: 20644, from: 399dd9d2fe9451fe] successfully
2025-05-18 20:05:53.929770 I | raft: fe700c0c32dc3b77 [commit: 12457, lastindex: 12458, lastterm: 2] starts to restore snapshot [index: 20644, term: 9]
2025-05-18 20:05:53.929853 I | raft: log [committed=12457, applied=12457, unstable.offset=12459, len(unstable.Entries)=0] starts to restore snapshot [index: 20644, term: 9]
2025-05-18 20:05:53.929886 I | raft: fe700c0c32dc3b77 restored progress of 399dd9d2fe9451fe [next = 20645, match = 0, state = ProgressStateProbe, waiting = false, pendingSnapshot = 0]
2025-05-18 20:05:53.929901 I | raft: fe700c0c32dc3b77 restored progress of a1561573eb12db98 [next = 20645, match = 0, state = ProgressStateProbe, waiting = false, pendingSnapshot = 0]
2025-05-18 20:05:53.929914 I | raft: fe700c0c32dc3b77 restored progress of c89e8ee7e52968ff [next = 20645, match = 0, state = ProgressStateProbe, waiting = false, pendingSnapshot = 0]
2025-05-18 20:05:53.929927 I | raft: fe700c0c32dc3b77 restored progress of dfe51183133d9fcb [next = 20645, match = 0, state = ProgressStateProbe, waiting = false, pendingSnapshot = 0]
2025-05-18 20:05:53.929940 I | raft: fe700c0c32dc3b77 restored progress of fe700c0c32dc3b77 [next = 20645, match = 20644, state = ProgressStateProbe, waiting = false, pendingSnapshot = 0]
2025-05-18 20:05:53.929952 I | raft: fe700c0c32dc3b77 [commit: 20644] restored snapshot [index: 20644, term: 9]
2025-05-18 20:05:53.930129 I | etcdserver: applying snapshot at index 10002...
2025-05-18 20:05:53.930369 I | etcdserver: recovering lessor...
2025-05-18 20:05:53.930715 I | etcdserver: finished recovering lessor
2025-05-18 20:05:53.930736 I | etcdserver: restoring mvcc store...
2025-05-18 20:05:53.931691 I | etcdserver: finished restoring mvcc store
2025-05-18 20:05:53.931728 I | etcdserver: recovering alarms...
2025-05-18 20:05:53.931822 I | etcdserver: closing old backend...
2025-05-18 20:05:53.931895 I | etcdserver: raft applied incoming snapshot at index 20644
2025-05-18 20:05:53.932059 I | etcdserver: finished recovering alarms
2025-05-18 20:05:53.932084 I | etcdserver: recovering auth store...
2025-05-18 20:05:53.932111 I | etcdserver: finished recovering auth store
2025-05-18 20:05:53.932125 I | etcdserver: recovering store v2...
2025-05-18 20:05:53.932363 I | etcdserver: finished closing old backend
2025-05-18 20:05:53.948576 I | etcdserver: finished recovering store v2
2025-05-18 20:05:53.948616 I | etcdserver: recovering cluster configuration...
2025-05-18 20:05:53.948759 I | etcdserver/membership: added member 399dd9d2fe9451fe [http://hp158.utah.cloudlab.us:2380] to cluster aac2752a141c3276 from store
2025-05-18 20:05:53.948778 I | etcdserver/membership: added member a1561573eb12db98 [http://hp124.utah.cloudlab.us:2380] to cluster aac2752a141c3276 from store
2025-05-18 20:05:53.948809 I | etcdserver/membership: added member c89e8ee7e52968ff [http://hp149.utah.cloudlab.us:2380] to cluster aac2752a141c3276 from store
2025-05-18 20:05:53.948827 I | etcdserver/membership: added member dfe51183133d9fcb [http://hp159.utah.cloudlab.us:2380] to cluster aac2752a141c3276 from store
2025-05-18 20:05:53.948838 I | etcdserver/membership: added member fe700c0c32dc3b77 [http://hp144.utah.cloudlab.us:2380] to cluster aac2752a141c3276 from store
2025-05-18 20:05:53.948853 I | etcdserver/membership: set the cluster version to 3.1 from store
2025-05-18 20:05:53.948870 I | etcdserver: finished recovering cluster configuration
2025-05-18 20:05:53.948879 I | etcdserver: removing old peers from network...
2025-05-18 20:05:53.948891 I | rafthttp: stopping peer 399dd9d2fe9451fe...
2025-05-18 20:05:53.949239 I | rafthttp: closed the TCP streaming connection with peer 399dd9d2fe9451fe (stream MsgApp v2 writer)
2025-05-18 20:05:53.949257 I | rafthttp: stopped streaming with peer 399dd9d2fe9451fe (writer)
2025-05-18 20:05:53.949558 I | rafthttp: closed the TCP streaming connection with peer 399dd9d2fe9451fe (stream Message writer)
2025-05-18 20:05:53.949572 I | rafthttp: stopped streaming with peer 399dd9d2fe9451fe (writer)
2025-05-18 20:05:53.949611 I | rafthttp: stopped HTTP pipelining with peer 399dd9d2fe9451fe
2025-05-18 20:05:53.949722 W | rafthttp: lost the TCP streaming connection with peer 399dd9d2fe9451fe (stream MsgApp v2 reader)
2025-05-18 20:05:53.949803 I | rafthttp: stopped streaming with peer 399dd9d2fe9451fe (stream MsgApp v2 reader)
2025-05-18 20:05:53.949900 W | rafthttp: lost the TCP streaming connection with peer 399dd9d2fe9451fe (stream Message reader)
2025-05-18 20:05:53.949923 I | rafthttp: stopped streaming with peer 399dd9d2fe9451fe (stream Message reader)
2025-05-18 20:05:53.949942 I | rafthttp: stopped peer 399dd9d2fe9451fe
2025-05-18 20:05:53.949963 I | rafthttp: removed peer 399dd9d2fe9451fe
2025-05-18 20:05:53.949974 I | rafthttp: stopping peer a1561573eb12db98...
2025-05-18 20:05:53.950293 I | rafthttp: closed the TCP streaming connection with peer a1561573eb12db98 (stream MsgApp v2 writer)
2025-05-18 20:05:53.950308 I | rafthttp: stopped streaming with peer a1561573eb12db98 (writer)
2025-05-18 20:05:53.950608 I | rafthttp: closed the TCP streaming connection with peer a1561573eb12db98 (stream Message writer)
2025-05-18 20:05:53.950622 I | rafthttp: stopped streaming with peer a1561573eb12db98 (writer)
2025-05-18 20:05:53.950659 I | rafthttp: stopped HTTP pipelining with peer a1561573eb12db98
2025-05-18 20:05:53.950747 W | rafthttp: lost the TCP streaming connection with peer a1561573eb12db98 (stream MsgApp v2 reader)
2025-05-18 20:05:53.950771 I | rafthttp: stopped streaming with peer a1561573eb12db98 (stream MsgApp v2 reader)
2025-05-18 20:05:53.950845 W | rafthttp: lost the TCP streaming connection with peer a1561573eb12db98 (stream Message reader)
2025-05-18 20:05:53.950867 E | rafthttp: failed to read a1561573eb12db98 on stream Message (net/http: request canceled)
2025-05-18 20:05:53.950878 I | rafthttp: peer a1561573eb12db98 became inactive
2025-05-18 20:05:53.950891 I | rafthttp: stopped streaming with peer a1561573eb12db98 (stream Message reader)
2025-05-18 20:05:53.950909 I | rafthttp: stopped peer a1561573eb12db98
2025-05-18 20:05:53.950929 I | rafthttp: removed peer a1561573eb12db98
2025-05-18 20:05:53.950940 I | rafthttp: stopping peer c89e8ee7e52968ff...
2025-05-18 20:05:53.951258 I | rafthttp: closed the TCP streaming connection with peer c89e8ee7e52968ff (stream MsgApp v2 writer)
2025-05-18 20:05:53.951274 I | rafthttp: stopped streaming with peer c89e8ee7e52968ff (writer)
2025-05-18 20:05:53.951579 I | rafthttp: closed the TCP streaming connection with peer c89e8ee7e52968ff (stream Message writer)
2025-05-18 20:05:53.951593 I | rafthttp: stopped streaming with peer c89e8ee7e52968ff (writer)
2025-05-18 20:05:53.951633 I | rafthttp: stopped HTTP pipelining with peer c89e8ee7e52968ff
2025-05-18 20:05:53.951727 W | rafthttp: lost the TCP streaming connection with peer c89e8ee7e52968ff (stream MsgApp v2 reader)
2025-05-18 20:05:53.951749 I | rafthttp: stopped streaming with peer c89e8ee7e52968ff (stream MsgApp v2 reader)
2025-05-18 20:05:53.951829 W | rafthttp: lost the TCP streaming connection with peer c89e8ee7e52968ff (stream Message reader)
2025-05-18 20:05:53.951863 I | rafthttp: stopped streaming with peer c89e8ee7e52968ff (stream Message reader)
2025-05-18 20:05:53.951883 I | rafthttp: stopped peer c89e8ee7e52968ff
2025-05-18 20:05:53.951901 I | rafthttp: removed peer c89e8ee7e52968ff
2025-05-18 20:05:53.951913 I | rafthttp: stopping peer dfe51183133d9fcb...
2025-05-18 20:05:53.954365 I | rafthttp: closed the TCP streaming connection with peer dfe51183133d9fcb (stream MsgApp v2 writer)
2025-05-18 20:05:53.954402 I | rafthttp: stopped streaming with peer dfe51183133d9fcb (writer)
2025-05-18 20:05:53.958415 I | rafthttp: closed the TCP streaming connection with peer dfe51183133d9fcb (stream Message writer)
2025-05-18 20:05:53.958453 I | rafthttp: stopped streaming with peer dfe51183133d9fcb (writer)
2025-05-18 20:05:53.958510 I | rafthttp: stopped HTTP pipelining with peer dfe51183133d9fcb
2025-05-18 20:05:53.958632 W | rafthttp: lost the TCP streaming connection with peer dfe51183133d9fcb (stream MsgApp v2 reader)
2025-05-18 20:05:53.958663 E | rafthttp: failed to read dfe51183133d9fcb on stream MsgApp v2 (net/http: request canceled)
2025-05-18 20:05:53.958674 I | rafthttp: peer dfe51183133d9fcb became inactive
2025-05-18 20:05:53.958720 I | rafthttp: stopped streaming with peer dfe51183133d9fcb (stream MsgApp v2 reader)
2025-05-18 20:05:53.958835 W | rafthttp: lost the TCP streaming connection with peer dfe51183133d9fcb (stream Message reader)
2025-05-18 20:05:53.958863 I | rafthttp: stopped streaming with peer dfe51183133d9fcb (stream Message reader)
2025-05-18 20:05:53.958882 I | rafthttp: stopped peer dfe51183133d9fcb
2025-05-18 20:05:53.958902 I | rafthttp: removed peer dfe51183133d9fcb
2025-05-18 20:05:53.958915 I | etcdserver: finished removing old peers from network
2025-05-18 20:05:53.958930 I | etcdserver: adding peers from new cluster configuration into network...
2025-05-18 20:05:53.958988 I | rafthttp: starting peer 399dd9d2fe9451fe...
2025-05-18 20:05:53.959070 I | rafthttp: started HTTP pipelining with peer 399dd9d2fe9451fe
2025-05-18 20:05:53.960958 I | rafthttp: started streaming with peer 399dd9d2fe9451fe (writer)
2025-05-18 20:05:53.962645 I | rafthttp: started streaming with peer 399dd9d2fe9451fe (writer)
2025-05-18 20:05:53.965815 I | rafthttp: started peer 399dd9d2fe9451fe
2025-05-18 20:05:53.965849 I | rafthttp: added peer 399dd9d2fe9451fe
2025-05-18 20:05:53.965870 I | rafthttp: starting peer a1561573eb12db98...
2025-05-18 20:05:53.965894 I | rafthttp: started streaming with peer 399dd9d2fe9451fe (stream MsgApp v2 reader)
2025-05-18 20:05:53.965927 I | rafthttp: started HTTP pipelining with peer a1561573eb12db98
2025-05-18 20:05:53.965952 I | rafthttp: started streaming with peer 399dd9d2fe9451fe (stream Message reader)
2025-05-18 20:05:53.966633 I | rafthttp: started streaming with peer a1561573eb12db98 (writer)
2025-05-18 20:05:53.967941 I | rafthttp: started streaming with peer a1561573eb12db98 (writer)
2025-05-18 20:05:53.968689 I | rafthttp: peer 399dd9d2fe9451fe became active
2025-05-18 20:05:53.968753 I | rafthttp: established a TCP streaming connection with peer 399dd9d2fe9451fe (stream Message reader)
2025-05-18 20:05:53.969904 I | rafthttp: established a TCP streaming connection with peer 399dd9d2fe9451fe (stream MsgApp v2 reader)
2025-05-18 20:05:53.972740 I | rafthttp: started peer a1561573eb12db98
2025-05-18 20:05:53.972787 I | rafthttp: added peer a1561573eb12db98
2025-05-18 20:05:53.972842 I | rafthttp: starting peer c89e8ee7e52968ff...
2025-05-18 20:05:53.972864 I | rafthttp: started streaming with peer a1561573eb12db98 (stream MsgApp v2 reader)
2025-05-18 20:05:53.972942 I | rafthttp: started HTTP pipelining with peer c89e8ee7e52968ff
2025-05-18 20:05:53.973017 I | rafthttp: started streaming with peer a1561573eb12db98 (stream Message reader)
2025-05-18 20:05:53.974590 I | rafthttp: peer a1561573eb12db98 became active
2025-05-18 20:05:53.974642 I | rafthttp: established a TCP streaming connection with peer a1561573eb12db98 (stream Message reader)
2025-05-18 20:05:53.974719 I | rafthttp: established a TCP streaming connection with peer a1561573eb12db98 (stream MsgApp v2 reader)
2025-05-18 20:05:53.975766 I | rafthttp: started streaming with peer c89e8ee7e52968ff (writer)
2025-05-18 20:05:53.978028 I | rafthttp: started streaming with peer c89e8ee7e52968ff (writer)
2025-05-18 20:05:53.979127 I | rafthttp: started peer c89e8ee7e52968ff
2025-05-18 20:05:53.979162 I | rafthttp: added peer c89e8ee7e52968ff
2025-05-18 20:05:53.979183 I | rafthttp: starting peer dfe51183133d9fcb...
2025-05-18 20:05:53.979204 I | rafthttp: started HTTP pipelining with peer dfe51183133d9fcb
2025-05-18 20:05:53.979216 I | rafthttp: started streaming with peer c89e8ee7e52968ff (stream MsgApp v2 reader)
2025-05-18 20:05:53.979290 I | rafthttp: started streaming with peer c89e8ee7e52968ff (stream Message reader)
2025-05-18 20:05:53.979844 I | rafthttp: started streaming with peer dfe51183133d9fcb (writer)
2025-05-18 20:05:53.980932 I | rafthttp: peer c89e8ee7e52968ff became active
2025-05-18 20:05:53.980974 I | rafthttp: established a TCP streaming connection with peer c89e8ee7e52968ff (stream Message reader)
2025-05-18 20:05:53.981085 I | rafthttp: established a TCP streaming connection with peer c89e8ee7e52968ff (stream MsgApp v2 reader)
2025-05-18 20:05:53.985525 I | rafthttp: started streaming with peer dfe51183133d9fcb (writer)
2025-05-18 20:05:53.991596 I | rafthttp: started peer dfe51183133d9fcb
2025-05-18 20:05:53.991649 I | rafthttp: added peer dfe51183133d9fcb
2025-05-18 20:05:53.991673 I | etcdserver: finished adding peers from new cluster configuration into network...
2025-05-18 20:05:53.991692 I | etcdserver: finished applying incoming snapshot at index 10002
2025-05-18 20:05:53.991707 I | rafthttp: started streaming with peer dfe51183133d9fcb (stream MsgApp v2 reader)
2025-05-18 20:05:53.991934 I | rafthttp: established a TCP streaming connection with peer c89e8ee7e52968ff (stream Message writer)
2025-05-18 20:05:53.991980 I | rafthttp: started streaming with peer dfe51183133d9fcb (stream Message reader)
2025-05-18 20:05:53.993402 I | rafthttp: peer dfe51183133d9fcb became active
2025-05-18 20:05:53.993434 I | rafthttp: established a TCP streaming connection with peer dfe51183133d9fcb (stream Message reader)
2025-05-18 20:05:53.993472 I | rafthttp: established a TCP streaming connection with peer c89e8ee7e52968ff (stream MsgApp v2 writer)
2025-05-18 20:05:53.993516 I | rafthttp: established a TCP streaming connection with peer dfe51183133d9fcb (stream MsgApp v2 reader)
2025-05-18 20:05:54.050676 I | rafthttp: established a TCP streaming connection with peer 399dd9d2fe9451fe (stream Message writer)
2025-05-18 20:05:54.051864 I | rafthttp: established a TCP streaming connection with peer a1561573eb12db98 (stream Message writer)
2025-05-18 20:05:54.052056 I | rafthttp: established a TCP streaming connection with peer 399dd9d2fe9451fe (stream MsgApp v2 writer)
2025-05-18 20:05:54.053085 I | rafthttp: established a TCP streaming connection with peer a1561573eb12db98 (stream MsgApp v2 writer)
2025-05-18 20:05:54.054932 I | rafthttp: established a TCP streaming connection with peer dfe51183133d9fcb (stream MsgApp v2 writer)
2025-05-18 20:05:54.056148 I | rafthttp: established a TCP streaming connection with peer dfe51183133d9fcb (stream Message writer)
2025-05-18 20:05:54.083298 E | etcdserver/api/v2http: got unexpected response error (etcdserver: request timed out) [merged 9 repeated lines in 1.66s]
2025-05-18 20:05:56.522680 I | raft: fe700c0c32dc3b77 [term: 9] received a MsgVote message with higher term from dfe51183133d9fcb [term: 10]
2025-05-18 20:05:56.522729 I | raft: fe700c0c32dc3b77 became follower at term 10
2025-05-18 20:05:56.522752 I | raft: fe700c0c32dc3b77 [logterm: 9, index: 23324, vote: 0] cast MsgVote for dfe51183133d9fcb [logterm: 9, index: 23326] at term 10
2025-05-18 20:05:56.522767 I | raft: raft.node: fe700c0c32dc3b77 lost leader 399dd9d2fe9451fe at term 10
2025-05-18 20:05:57.722639 I | raft: fe700c0c32dc3b77 [term: 10] received a MsgVote message with higher term from dfe51183133d9fcb [term: 11]
2025-05-18 20:05:57.722683 I | raft: fe700c0c32dc3b77 became follower at term 11
2025-05-18 20:05:57.722707 I | raft: fe700c0c32dc3b77 [logterm: 9, index: 23324, vote: 0] cast MsgVote for dfe51183133d9fcb [logterm: 9, index: 23326] at term 11
2025-05-18 20:05:58.922653 I | raft: fe700c0c32dc3b77 [term: 11] received a MsgVote message with higher term from dfe51183133d9fcb [term: 12]
2025-05-18 20:05:58.922696 I | raft: fe700c0c32dc3b77 became follower at term 12
2025-05-18 20:05:58.922754 I | raft: fe700c0c32dc3b77 [logterm: 9, index: 23324, vote: 0] cast MsgVote for dfe51183133d9fcb [logterm: 9, index: 23326] at term 12
2025-05-18 20:05:58.966212 W | rafthttp: health check for peer 399dd9d2fe9451fe could not connect: <nil>
2025-05-18 20:05:58.973212 W | rafthttp: health check for peer a1561573eb12db98 could not connect: <nil>
2025-05-18 20:05:58.979499 W | rafthttp: health check for peer c89e8ee7e52968ff could not connect: <nil>
2025-05-18 20:05:58.981123 W | rafthttp: lost the TCP streaming connection with peer c89e8ee7e52968ff (stream Message reader)
2025-05-18 20:05:58.981229 E | rafthttp: failed to read c89e8ee7e52968ff on stream Message (read tcp 128.110.218.183:57058->128.110.218.188:2380: i/o timeout)
2025-05-18 20:05:58.981294 I | rafthttp: peer c89e8ee7e52968ff became inactive
2025-05-18 20:05:58.984067 W | rafthttp: lost the TCP streaming connection with peer c89e8ee7e52968ff (stream MsgApp v2 reader)
2025-05-18 20:06:00.422684 I | raft: fe700c0c32dc3b77 [term: 12] received a MsgVote message with higher term from dfe51183133d9fcb [term: 13]
2025-05-18 20:06:00.422728 I | raft: fe700c0c32dc3b77 became follower at term 13
2025-05-18 20:06:00.422750 I | raft: fe700c0c32dc3b77 [logterm: 9, index: 23324, vote: 0] cast MsgVote for dfe51183133d9fcb [logterm: 9, index: 23326] at term 13
2025-05-18 20:06:00.473716 W | rafthttp: lost the TCP streaming connection with peer a1561573eb12db98 (stream MsgApp v2 reader)
2025-05-18 20:06:00.473761 E | rafthttp: failed to read a1561573eb12db98 on stream MsgApp v2 (read tcp 128.110.218.183:50712->128.110.218.163:2380: i/o timeout)
2025-05-18 20:06:00.473842 I | rafthttp: peer a1561573eb12db98 became inactive
2025-05-18 20:06:00.474383 W | rafthttp: lost the TCP streaming connection with peer a1561573eb12db98 (stream Message reader)
2025-05-18 20:06:00.512168 W | rafthttp: lost the TCP streaming connection with peer 399dd9d2fe9451fe (stream Message reader)
2025-05-18 20:06:00.512236 E | rafthttp: failed to read 399dd9d2fe9451fe on stream Message (read tcp 128.110.218.183:50988->128.110.218.197:2380: i/o timeout)
2025-05-18 20:06:00.512252 I | rafthttp: peer 399dd9d2fe9451fe became inactive
2025-05-18 20:06:00.591371 W | rafthttp: lost the TCP streaming connection with peer 399dd9d2fe9451fe (stream MsgApp v2 reader)
2025-05-18 20:06:00.692888 I | rafthttp: peer 399dd9d2fe9451fe became active
2025-05-18 20:06:00.692938 I | rafthttp: established a TCP streaming connection with peer 399dd9d2fe9451fe (stream MsgApp v2 reader)
2025-05-18 20:06:00.694208 W | rafthttp: closed an existing TCP streaming connection with peer 399dd9d2fe9451fe (stream Message writer)
2025-05-18 20:06:00.694244 I | rafthttp: established a TCP streaming connection with peer 399dd9d2fe9451fe (stream Message writer)
2025-05-18 20:06:01.437482 I | rafthttp: peer c89e8ee7e52968ff became active
2025-05-18 20:06:01.437524 I | rafthttp: established a TCP streaming connection with peer c89e8ee7e52968ff (stream MsgApp v2 reader)
2025-05-18 20:06:01.437616 I | rafthttp: established a TCP streaming connection with peer c89e8ee7e52968ff (stream Message reader)
2025-05-18 20:06:01.458200 W | rafthttp: closed an existing TCP streaming connection with peer c89e8ee7e52968ff (stream Message writer)
2025-05-18 20:06:01.458235 I | rafthttp: established a TCP streaming connection with peer c89e8ee7e52968ff (stream Message writer)
2025-05-18 20:06:01.459495 W | rafthttp: closed an existing TCP streaming connection with peer c89e8ee7e52968ff (stream MsgApp v2 writer)
2025-05-18 20:06:01.459531 I | rafthttp: established a TCP streaming connection with peer c89e8ee7e52968ff (stream MsgApp v2 writer)
2025-05-18 20:06:01.472624 W | rafthttp: closed an existing TCP streaming connection with peer 399dd9d2fe9451fe (stream MsgApp v2 writer)
2025-05-18 20:06:01.472668 I | rafthttp: established a TCP streaming connection with peer 399dd9d2fe9451fe (stream MsgApp v2 writer)
2025-05-18 20:06:01.501474 I | rafthttp: peer a1561573eb12db98 became active
2025-05-18 20:06:01.501514 W | rafthttp: closed an existing TCP streaming connection with peer a1561573eb12db98 (stream Message writer)
2025-05-18 20:06:01.501527 I | rafthttp: established a TCP streaming connection with peer a1561573eb12db98 (stream Message writer)
2025-05-18 20:06:01.502259 W | rafthttp: closed an existing TCP streaming connection with peer a1561573eb12db98 (stream MsgApp v2 writer)
2025-05-18 20:06:01.502296 I | rafthttp: established a TCP streaming connection with peer a1561573eb12db98 (stream MsgApp v2 writer)
2025-05-18 20:06:01.629510 I | rafthttp: established a TCP streaming connection with peer a1561573eb12db98 (stream Message reader)
2025-05-18 20:06:01.629578 I | rafthttp: established a TCP streaming connection with peer 399dd9d2fe9451fe (stream Message reader)
2025-05-18 20:06:01.629667 I | rafthttp: established a TCP streaming connection with peer a1561573eb12db98 (stream MsgApp v2 reader)
2025-05-18 20:06:01.922601 I | raft: fe700c0c32dc3b77 [term: 13] received a MsgVote message with higher term from dfe51183133d9fcb [term: 14]
2025-05-18 20:06:01.922646 I | raft: fe700c0c32dc3b77 became follower at term 14
2025-05-18 20:06:01.922669 I | raft: fe700c0c32dc3b77 [logterm: 9, index: 23324, vote: 0] cast MsgVote for dfe51183133d9fcb [logterm: 9, index: 23326] at term 14
2025-05-18 20:06:02.619429 E | etcdserver/api/v2http: got unexpected response error (etcdserver: request timed out)
2025-05-18 20:06:02.912548 I | raft: fe700c0c32dc3b77 [term: 14] received a MsgVote message with higher term from 399dd9d2fe9451fe [term: 15]
2025-05-18 20:06:02.912591 I | raft: fe700c0c32dc3b77 became follower at term 15
2025-05-18 20:06:02.912614 I | raft: fe700c0c32dc3b77 [logterm: 9, index: 23324, vote: 0] cast MsgVote for 399dd9d2fe9451fe [logterm: 9, index: 31567] at term 15
2025-05-18 20:06:02.913646 I | raft: raft.node: fe700c0c32dc3b77 elected leader 399dd9d2fe9451fe at term 15
2025-05-18 20:06:03.007181 I | etcdserver: start to snapshot (applied: 31568, lastsnap: 20644)
2025-05-18 20:06:03.017297 I | etcdserver: saved snapshot at index 31568
2025-05-18 20:06:03.017565 I | etcdserver: compacted raft log at 26568
2025-05-18 20:06:03.059722 E | etcdserver/api/v2http: etcdserver: request timed out, possibly due to connection lost
2025-05-18 20:06:04.083256 E | etcdserver/api/v2http: got unexpected response error (etcdserver: request timed out) [merged 8 repeated lines in 1.46s]
2025-05-18 20:06:09.380915 I | etcdserver: start to snapshot (applied: 41569, lastsnap: 31568)
2025-05-18 20:06:09.390754 I | etcdserver: saved snapshot at index 41569
2025-05-18 20:06:09.390954 I | etcdserver: compacted raft log at 36569
2025-05-18 20:06:10.473617 W | rafthttp: lost the TCP streaming connection with peer a1561573eb12db98 (stream MsgApp v2 reader)
2025-05-18 20:06:10.473664 E | rafthttp: failed to read a1561573eb12db98 on stream MsgApp v2 (read tcp 128.110.218.183:50722->128.110.218.163:2380: i/o timeout)
2025-05-18 20:06:10.473695 I | rafthttp: peer a1561573eb12db98 became inactive
2025-05-18 20:06:10.473752 W | rafthttp: lost the TCP streaming connection with peer dfe51183133d9fcb (stream MsgApp v2 reader)
2025-05-18 20:06:10.473778 W | rafthttp: lost the TCP streaming connection with peer dfe51183133d9fcb (stream Message reader)
2025-05-18 20:06:10.473819 E | rafthttp: failed to read dfe51183133d9fcb on stream MsgApp v2 (read tcp 128.110.218.183:56438->128.110.218.198:2380: i/o timeout)
2025-05-18 20:06:10.473846 I | rafthttp: peer dfe51183133d9fcb became inactive
2025-05-18 20:06:10.474290 W | rafthttp: lost the TCP streaming connection with peer a1561573eb12db98 (stream Message reader)
2025-05-18 20:06:10.749489 I | rafthttp: peer dfe51183133d9fcb became active
2025-05-18 20:06:10.749527 W | rafthttp: closed an existing TCP streaming connection with peer dfe51183133d9fcb (stream MsgApp v2 writer)
2025-05-18 20:06:10.749541 I | rafthttp: established a TCP streaming connection with peer dfe51183133d9fcb (stream MsgApp v2 writer)
2025-05-18 20:06:10.754605 W | rafthttp: closed an existing TCP streaming connection with peer dfe51183133d9fcb (stream Message writer)
2025-05-18 20:06:10.754637 I | rafthttp: established a TCP streaming connection with peer dfe51183133d9fcb (stream Message writer)
2025-05-18 20:06:11.613529 I | rafthttp: peer a1561573eb12db98 became active
2025-05-18 20:06:11.613575 I | rafthttp: established a TCP streaming connection with peer a1561573eb12db98 (stream MsgApp v2 reader)
2025-05-18 20:06:11.613591 I | rafthttp: established a TCP streaming connection with peer a1561573eb12db98 (stream Message reader)
2025-05-18 20:06:11.613639 I | rafthttp: established a TCP streaming connection with peer dfe51183133d9fcb (stream MsgApp v2 reader)
2025-05-18 20:06:11.613662 I | rafthttp: established a TCP streaming connection with peer dfe51183133d9fcb (stream Message reader)
2025-05-18 20:06:11.740095 W | rafthttp: closed an existing TCP streaming connection with peer a1561573eb12db98 (stream Message writer)
2025-05-18 20:06:11.740133 I | rafthttp: established a TCP streaming connection with peer a1561573eb12db98 (stream Message writer)
2025-05-18 20:06:11.740318 W | rafthttp: closed an existing TCP streaming connection with peer a1561573eb12db98 (stream MsgApp v2 writer)
2025-05-18 20:06:11.740351 I | rafthttp: established a TCP streaming connection with peer a1561573eb12db98 (stream MsgApp v2 writer)
2025-05-18 20:06:12.312566 I | raft: fe700c0c32dc3b77 [term: 15] received a MsgVote message with higher term from c89e8ee7e52968ff [term: 16]
2025-05-18 20:06:12.312618 I | raft: fe700c0c32dc3b77 became follower at term 16
2025-05-18 20:06:12.312642 I | raft: fe700c0c32dc3b77 [logterm: 15, index: 44025, vote: 0] cast MsgVote for c89e8ee7e52968ff [logterm: 15, index: 44025] at term 16
2025-05-18 20:06:12.312657 I | raft: raft.node: fe700c0c32dc3b77 lost leader 399dd9d2fe9451fe at term 16
2025-05-18 20:06:12.512625 I | raft: fe700c0c32dc3b77 [term: 16] received a MsgVote message with higher term from 399dd9d2fe9451fe [term: 20]
2025-05-18 20:06:12.512667 I | raft: fe700c0c32dc3b77 became follower at term 20
2025-05-18 20:06:12.512690 I | raft: fe700c0c32dc3b77 [logterm: 15, index: 44025, vote: 0] cast MsgVote for 399dd9d2fe9451fe [logterm: 15, index: 44025] at term 20
2025-05-18 20:06:12.513482 I | raft: raft.node: fe700c0c32dc3b77 elected leader 399dd9d2fe9451fe at term 20
