2025-05-18 20:05:27 Jepsen starting  /home/jepsen/etcd-v3.1/etcd --log-output stderr --name hp159.utah.cloudlab.us --data-dir /home/jepsen/etcd-v3.1/data --wal-dir /home/jepsen/etcd-v3.1/wal --listen-peer-urls http://0.0.0.0:2380 --initial-advertise-peer-urls http://hp159.utah.cloudlab.us:2380 --listen-client-urls http://0.0.0.0:2379 --advertise-client-urls http://hp159.utah.cloudlab.us:2379 --initial-cluster-state new --initial-cluster hp124.utah.cloudlab.us=http://hp124.utah.cloudlab.us:2380,hp158.utah.cloudlab.us=http://hp158.utah.cloudlab.us:2380,hp144.utah.cloudlab.us=http://hp144.utah.cloudlab.us:2380,hp159.utah.cloudlab.us=http://hp159.utah.cloudlab.us:2380,hp149.utah.cloudlab.us=http://hp149.utah.cloudlab.us:2380
2025-05-18 20:05:27.115016 I | etcdmain: etcd Version: 3.1.5
2025-05-18 20:05:27.115087 I | etcdmain: Git SHA: 20490ca
2025-05-18 20:05:27.115094 I | etcdmain: Go Version: go1.7.5
2025-05-18 20:05:27.115104 I | etcdmain: Go OS/Arch: linux/amd64
2025-05-18 20:05:27.115110 I | etcdmain: setting maximum number of CPUs to 20, total number of available CPUs is 20
2025-05-18 20:05:27.115174 I | embed: listening for peers on http://0.0.0.0:2380
2025-05-18 20:05:27.115225 I | embed: listening for client requests on 0.0.0.0:2379
2025-05-18 20:05:27.117265 I | pkg/netutil: resolving hp159.utah.cloudlab.us:2380 to 128.110.218.198:2380
2025-05-18 20:05:27.117890 I | pkg/netutil: resolving hp159.utah.cloudlab.us:2380 to 128.110.218.198:2380
2025-05-18 20:05:27.120865 I | etcdserver: name = hp159.utah.cloudlab.us
2025-05-18 20:05:27.120899 I | etcdserver: data dir = /home/jepsen/etcd-v3.1/data
2025-05-18 20:05:27.120914 I | etcdserver: member dir = /home/jepsen/etcd-v3.1/data/member
2025-05-18 20:05:27.120924 I | etcdserver: dedicated WAL dir = /home/jepsen/etcd-v3.1/wal
2025-05-18 20:05:27.120934 I | etcdserver: heartbeat = 100ms
2025-05-18 20:05:27.120943 I | etcdserver: election = 1000ms
2025-05-18 20:05:27.120953 I | etcdserver: snapshot count = 10000
2025-05-18 20:05:27.120987 I | etcdserver: advertise client URLs = http://hp159.utah.cloudlab.us:2379
2025-05-18 20:05:27.120995 I | etcdserver: initial advertise peer URLs = http://hp159.utah.cloudlab.us:2380
2025-05-18 20:05:27.121020 I | etcdserver: initial cluster = hp124.utah.cloudlab.us=http://hp124.utah.cloudlab.us:2380,hp144.utah.cloudlab.us=http://hp144.utah.cloudlab.us:2380,hp149.utah.cloudlab.us=http://hp149.utah.cloudlab.us:2380,hp158.utah.cloudlab.us=http://hp158.utah.cloudlab.us:2380,hp159.utah.cloudlab.us=http://hp159.utah.cloudlab.us:2380
2025-05-18 20:05:27.122115 I | etcdserver: starting member dfe51183133d9fcb in cluster aac2752a141c3276
2025-05-18 20:05:27.122154 I | raft: dfe51183133d9fcb became follower at term 0
2025-05-18 20:05:27.122169 I | raft: newRaft dfe51183133d9fcb [peers: [], term: 0, commit: 0, applied: 0, lastindex: 0, lastterm: 0]
2025-05-18 20:05:27.122176 I | raft: dfe51183133d9fcb became follower at term 1
2025-05-18 20:05:27.127912 I | rafthttp: starting peer 399dd9d2fe9451fe...
2025-05-18 20:05:27.127952 I | rafthttp: started HTTP pipelining with peer 399dd9d2fe9451fe
2025-05-18 20:05:27.129441 I | rafthttp: started streaming with peer 399dd9d2fe9451fe (writer)
2025-05-18 20:05:27.129975 I | rafthttp: started streaming with peer 399dd9d2fe9451fe (writer)
2025-05-18 20:05:27.132305 I | rafthttp: started peer 399dd9d2fe9451fe
2025-05-18 20:05:27.132348 I | rafthttp: added peer 399dd9d2fe9451fe
2025-05-18 20:05:27.132370 I | rafthttp: starting peer a1561573eb12db98...
2025-05-18 20:05:27.132387 I | rafthttp: started streaming with peer 399dd9d2fe9451fe (stream MsgApp v2 reader)
2025-05-18 20:05:27.132436 I | rafthttp: started streaming with peer 399dd9d2fe9451fe (stream Message reader)
2025-05-18 20:05:27.132482 I | rafthttp: started HTTP pipelining with peer a1561573eb12db98
2025-05-18 20:05:27.133311 I | rafthttp: started streaming with peer a1561573eb12db98 (writer)
2025-05-18 20:05:27.133650 I | rafthttp: started streaming with peer a1561573eb12db98 (writer)
2025-05-18 20:05:27.133770 I | rafthttp: peer 399dd9d2fe9451fe became active
2025-05-18 20:05:27.133847 I | rafthttp: established a TCP streaming connection with peer 399dd9d2fe9451fe (stream MsgApp v2 reader)
2025-05-18 20:05:27.135159 I | rafthttp: started peer a1561573eb12db98
2025-05-18 20:05:27.135202 I | rafthttp: established a TCP streaming connection with peer 399dd9d2fe9451fe (stream Message reader)
2025-05-18 20:05:27.135226 I | rafthttp: started streaming with peer a1561573eb12db98 (stream Message reader)
2025-05-18 20:05:27.135323 I | rafthttp: added peer a1561573eb12db98
2025-05-18 20:05:27.135376 I | rafthttp: starting peer c89e8ee7e52968ff...
2025-05-18 20:05:27.135445 I | rafthttp: started streaming with peer a1561573eb12db98 (stream MsgApp v2 reader)
2025-05-18 20:05:27.135500 I | rafthttp: started HTTP pipelining with peer c89e8ee7e52968ff
2025-05-18 20:05:27.137956 I | rafthttp: started streaming with peer c89e8ee7e52968ff (writer)
2025-05-18 20:05:27.139688 I | rafthttp: started streaming with peer c89e8ee7e52968ff (writer)
2025-05-18 20:05:27.140097 I | rafthttp: started peer c89e8ee7e52968ff
2025-05-18 20:05:27.140131 I | rafthttp: added peer c89e8ee7e52968ff
2025-05-18 20:05:27.140143 I | rafthttp: starting peer fe700c0c32dc3b77...
2025-05-18 20:05:27.140149 I | rafthttp: started streaming with peer c89e8ee7e52968ff (stream Message reader)
2025-05-18 20:05:27.140212 I | rafthttp: started streaming with peer c89e8ee7e52968ff (stream MsgApp v2 reader)
2025-05-18 20:05:27.140236 I | rafthttp: started HTTP pipelining with peer fe700c0c32dc3b77
2025-05-18 20:05:27.140558 I | rafthttp: started streaming with peer fe700c0c32dc3b77 (writer)
2025-05-18 20:05:27.140666 I | rafthttp: started streaming with peer fe700c0c32dc3b77 (writer)
2025-05-18 20:05:27.140893 I | rafthttp: started peer fe700c0c32dc3b77
2025-05-18 20:05:27.140913 I | rafthttp: added peer fe700c0c32dc3b77
2025-05-18 20:05:27.140921 I | rafthttp: started streaming with peer fe700c0c32dc3b77 (stream Message reader)
2025-05-18 20:05:27.140977 I | etcdserver: starting server... [version: 3.1.5, cluster version: to_be_decided]
2025-05-18 20:05:27.141110 I | rafthttp: started streaming with peer fe700c0c32dc3b77 (stream MsgApp v2 reader)
2025-05-18 20:05:27.142324 I | etcdserver/membership: added member 399dd9d2fe9451fe [http://hp158.utah.cloudlab.us:2380] to cluster aac2752a141c3276
2025-05-18 20:05:27.142530 I | etcdserver/membership: added member a1561573eb12db98 [http://hp124.utah.cloudlab.us:2380] to cluster aac2752a141c3276
2025-05-18 20:05:27.142597 I | rafthttp: peer c89e8ee7e52968ff became active
2025-05-18 20:05:27.142645 I | rafthttp: established a TCP streaming connection with peer c89e8ee7e52968ff (stream Message writer)
2025-05-18 20:05:27.142930 I | etcdserver/membership: added member c89e8ee7e52968ff [http://hp149.utah.cloudlab.us:2380] to cluster aac2752a141c3276
2025-05-18 20:05:27.143049 I | rafthttp: established a TCP streaming connection with peer c89e8ee7e52968ff (stream Message reader)
2025-05-18 20:05:27.143085 I | rafthttp: established a TCP streaming connection with peer c89e8ee7e52968ff (stream MsgApp v2 reader)
2025-05-18 20:05:27.143206 I | etcdserver/membership: added member dfe51183133d9fcb [http://hp159.utah.cloudlab.us:2380] to cluster aac2752a141c3276
2025-05-18 20:05:27.143441 I | etcdserver/membership: added member fe700c0c32dc3b77 [http://hp144.utah.cloudlab.us:2380] to cluster aac2752a141c3276
2025-05-18 20:05:27.143529 I | rafthttp: peer fe700c0c32dc3b77 became active
2025-05-18 20:05:27.143569 I | rafthttp: established a TCP streaming connection with peer fe700c0c32dc3b77 (stream MsgApp v2 reader)
2025-05-18 20:05:27.143948 I | rafthttp: peer a1561573eb12db98 became active
2025-05-18 20:05:27.143972 I | rafthttp: established a TCP streaming connection with peer a1561573eb12db98 (stream Message reader)
2025-05-18 20:05:27.144077 I | rafthttp: established a TCP streaming connection with peer fe700c0c32dc3b77 (stream Message reader)
2025-05-18 20:05:27.144418 I | rafthttp: established a TCP streaming connection with peer a1561573eb12db98 (stream Message writer)
2025-05-18 20:05:27.145236 I | rafthttp: established a TCP streaming connection with peer a1561573eb12db98 (stream MsgApp v2 writer)
2025-05-18 20:05:27.145313 I | rafthttp: established a TCP streaming connection with peer 399dd9d2fe9451fe (stream Message writer)
2025-05-18 20:05:27.145353 I | rafthttp: established a TCP streaming connection with peer 399dd9d2fe9451fe (stream MsgApp v2 writer)
2025-05-18 20:05:27.145378 I | rafthttp: established a TCP streaming connection with peer a1561573eb12db98 (stream MsgApp v2 reader)
2025-05-18 20:05:27.145392 I | rafthttp: established a TCP streaming connection with peer c89e8ee7e52968ff (stream MsgApp v2 writer)
2025-05-18 20:05:27.210296 I | rafthttp: established a TCP streaming connection with peer fe700c0c32dc3b77 (stream Message writer)
2025-05-18 20:05:27.210521 I | rafthttp: established a TCP streaming connection with peer fe700c0c32dc3b77 (stream MsgApp v2 writer)
2025-05-18 20:05:27.313131 I | raft: dfe51183133d9fcb [term: 1] received a MsgVote message with higher term from 399dd9d2fe9451fe [term: 2]
2025-05-18 20:05:27.313175 I | raft: dfe51183133d9fcb became follower at term 2
2025-05-18 20:05:27.313199 I | raft: dfe51183133d9fcb [logterm: 1, index: 5, vote: 0] cast MsgVote for 399dd9d2fe9451fe [logterm: 1, index: 5] at term 2
2025-05-18 20:05:27.314442 I | raft: raft.node: dfe51183133d9fcb elected leader 399dd9d2fe9451fe at term 2
2025-05-18 20:05:27.317081 I | embed: ready to serve client requests
2025-05-18 20:05:27.317206 I | etcdserver: published {Name:hp159.utah.cloudlab.us ClientURLs:[http://hp159.utah.cloudlab.us:2379]} to cluster aac2752a141c3276
2025-05-18 20:05:27.317243 E | etcdmain: forgot to set Type=notify in systemd service file?
2025-05-18 20:05:27.317756 N | embed: serving insecure client requests on [::]:2379, this is strongly discouraged!
2025-05-18 20:05:27.322578 N | etcdserver/membership: set the initial cluster version to 3.1
2025-05-18 20:05:27.322660 I | etcdserver/api: enabled capabilities for version 3.1
2025-05-18 20:05:43.904767 I | etcdserver: start to snapshot (applied: 10002, lastsnap: 0)
2025-05-18 20:05:43.913739 I | etcdserver: saved snapshot at index 10002
2025-05-18 20:05:43.913922 I | etcdserver: compacted raft log at 5002
2025-05-18 20:05:48.773376 W | rafthttp: lost the TCP streaming connection with peer fe700c0c32dc3b77 (stream MsgApp v2 reader)
2025-05-18 20:05:48.773428 E | rafthttp: failed to read fe700c0c32dc3b77 on stream MsgApp v2 (read tcp 128.110.218.198:52966->128.110.218.183:2380: i/o timeout)
2025-05-18 20:05:48.773443 I | rafthttp: peer fe700c0c32dc3b77 became inactive
2025-05-18 20:05:48.773641 W | rafthttp: lost the TCP streaming connection with peer fe700c0c32dc3b77 (stream Message reader)
2025-05-18 20:05:48.792122 W | rafthttp: lost the TCP streaming connection with peer c89e8ee7e52968ff (stream MsgApp v2 reader)
2025-05-18 20:05:48.792170 E | rafthttp: failed to read c89e8ee7e52968ff on stream MsgApp v2 (read tcp 128.110.218.198:51790->128.110.218.188:2380: i/o timeout)
2025-05-18 20:05:48.792185 I | rafthttp: peer c89e8ee7e52968ff became inactive
2025-05-18 20:05:48.792870 W | rafthttp: lost the TCP streaming connection with peer c89e8ee7e52968ff (stream Message reader)
2025-05-18 20:05:50.197059 I | etcdserver: start to snapshot (applied: 20003, lastsnap: 10002)
2025-05-18 20:05:50.206475 I | etcdserver: saved snapshot at index 20003
2025-05-18 20:05:50.206739 I | etcdserver: compacted raft log at 15003
2025-05-18 20:05:51.220047 I | rafthttp: peer c89e8ee7e52968ff became active
2025-05-18 20:05:51.220137 W | rafthttp: closed an existing TCP streaming connection with peer c89e8ee7e52968ff (stream Message writer)
2025-05-18 20:05:51.220164 I | rafthttp: established a TCP streaming connection with peer c89e8ee7e52968ff (stream Message writer)
2025-05-18 20:05:51.223754 I | rafthttp: peer fe700c0c32dc3b77 became active
2025-05-18 20:05:51.223805 I | rafthttp: established a TCP streaming connection with peer fe700c0c32dc3b77 (stream Message reader)
2025-05-18 20:05:51.223847 I | rafthttp: established a TCP streaming connection with peer fe700c0c32dc3b77 (stream MsgApp v2 reader)
2025-05-18 20:05:51.223964 I | rafthttp: established a TCP streaming connection with peer c89e8ee7e52968ff (stream Message reader)
2025-05-18 20:05:51.224031 I | rafthttp: established a TCP streaming connection with peer c89e8ee7e52968ff (stream MsgApp v2 reader)
2025-05-18 20:05:51.226314 W | rafthttp: closed an existing TCP streaming connection with peer c89e8ee7e52968ff (stream MsgApp v2 writer)
2025-05-18 20:05:51.226374 I | rafthttp: established a TCP streaming connection with peer c89e8ee7e52968ff (stream MsgApp v2 writer)
2025-05-18 20:05:51.262688 W | rafthttp: closed an existing TCP streaming connection with peer fe700c0c32dc3b77 (stream MsgApp v2 writer)
2025-05-18 20:05:51.262725 I | rafthttp: established a TCP streaming connection with peer fe700c0c32dc3b77 (stream MsgApp v2 writer)
2025-05-18 20:05:51.263597 W | rafthttp: closed an existing TCP streaming connection with peer fe700c0c32dc3b77 (stream Message writer)
2025-05-18 20:05:51.263632 I | rafthttp: established a TCP streaming connection with peer fe700c0c32dc3b77 (stream Message writer)
2025-05-18 20:05:51.693362 I | raft: dfe51183133d9fcb [term: 2] received a MsgVote message with higher term from fe700c0c32dc3b77 [term: 7]
2025-05-18 20:05:51.693406 I | raft: dfe51183133d9fcb became follower at term 7
2025-05-18 20:05:51.693429 I | raft: dfe51183133d9fcb [logterm: 2, index: 20643, vote: 0] rejected MsgVote from fe700c0c32dc3b77 [logterm: 2, index: 12458] at term 7
2025-05-18 20:05:51.693446 I | raft: raft.node: dfe51183133d9fcb lost leader 399dd9d2fe9451fe at term 7
2025-05-18 20:05:52.813169 I | raft: dfe51183133d9fcb [term: 7] received a MsgVote message with higher term from c89e8ee7e52968ff [term: 8]
2025-05-18 20:05:52.813212 I | raft: dfe51183133d9fcb became follower at term 8
2025-05-18 20:05:52.813235 I | raft: dfe51183133d9fcb [logterm: 2, index: 20643, vote: 0] rejected MsgVote from c89e8ee7e52968ff [logterm: 2, index: 12459] at term 8
2025-05-18 20:05:53.913090 I | raft: dfe51183133d9fcb [term: 8] received a MsgVote message with higher term from 399dd9d2fe9451fe [term: 9]
2025-05-18 20:05:53.913132 I | raft: dfe51183133d9fcb became follower at term 9
2025-05-18 20:05:53.913155 I | raft: dfe51183133d9fcb [logterm: 2, index: 20643, vote: 0] cast MsgVote for 399dd9d2fe9451fe [logterm: 2, index: 20643] at term 9
2025-05-18 20:05:53.914050 I | raft: raft.node: dfe51183133d9fcb elected leader 399dd9d2fe9451fe at term 9
2025-05-18 20:05:53.948666 W | rafthttp: lost the TCP streaming connection with peer c89e8ee7e52968ff (stream MsgApp v2 reader)
2025-05-18 20:05:53.950500 W | rafthttp: lost the TCP streaming connection with peer c89e8ee7e52968ff (stream Message reader)
2025-05-18 20:05:53.952730 W | rafthttp: lost the TCP streaming connection with peer fe700c0c32dc3b77 (stream MsgApp v2 reader)
2025-05-18 20:05:53.955194 W | rafthttp: lost the TCP streaming connection with peer fe700c0c32dc3b77 (stream Message reader)
2025-05-18 20:05:53.970876 W | rafthttp: closed an existing TCP streaming connection with peer c89e8ee7e52968ff (stream Message writer)
2025-05-18 20:05:53.970912 I | rafthttp: established a TCP streaming connection with peer c89e8ee7e52968ff (stream Message writer)
2025-05-18 20:05:53.970929 W | rafthttp: closed an existing TCP streaming connection with peer c89e8ee7e52968ff (stream MsgApp v2 writer)
2025-05-18 20:05:53.970942 I | rafthttp: established a TCP streaming connection with peer c89e8ee7e52968ff (stream MsgApp v2 writer)
2025-05-18 20:05:53.994219 W | rafthttp: closed an existing TCP streaming connection with peer fe700c0c32dc3b77 (stream Message writer)
2025-05-18 20:05:53.994267 I | rafthttp: established a TCP streaming connection with peer fe700c0c32dc3b77 (stream Message writer)
2025-05-18 20:05:53.994284 W | rafthttp: closed an existing TCP streaming connection with peer fe700c0c32dc3b77 (stream MsgApp v2 writer)
2025-05-18 20:05:53.994298 I | rafthttp: established a TCP streaming connection with peer fe700c0c32dc3b77 (stream MsgApp v2 writer)
2025-05-18 20:05:54.050275 I | rafthttp: established a TCP streaming connection with peer c89e8ee7e52968ff (stream MsgApp v2 reader)
2025-05-18 20:05:54.052078 I | rafthttp: established a TCP streaming connection with peer c89e8ee7e52968ff (stream Message reader)
2025-05-18 20:05:54.054413 I | rafthttp: established a TCP streaming connection with peer fe700c0c32dc3b77 (stream MsgApp v2 reader)
2025-05-18 20:05:54.056753 I | rafthttp: established a TCP streaming connection with peer fe700c0c32dc3b77 (stream Message reader)
2025-05-18 20:05:56.522528 I | raft: dfe51183133d9fcb is starting a new election at term 9
2025-05-18 20:05:56.522584 I | raft: dfe51183133d9fcb became candidate at term 10
2025-05-18 20:05:56.522604 I | raft: dfe51183133d9fcb received MsgVoteResp from dfe51183133d9fcb at term 10
2025-05-18 20:05:56.522623 I | raft: dfe51183133d9fcb [logterm: 9, index: 23326] sent MsgVote request to c89e8ee7e52968ff at term 10
2025-05-18 20:05:56.522641 I | raft: dfe51183133d9fcb [logterm: 9, index: 23326] sent MsgVote request to fe700c0c32dc3b77 at term 10
2025-05-18 20:05:56.522659 I | raft: dfe51183133d9fcb [logterm: 9, index: 23326] sent MsgVote request to 399dd9d2fe9451fe at term 10
2025-05-18 20:05:56.522678 I | raft: dfe51183133d9fcb [logterm: 9, index: 23326] sent MsgVote request to a1561573eb12db98 at term 10
2025-05-18 20:05:56.522694 I | raft: raft.node: dfe51183133d9fcb lost leader 399dd9d2fe9451fe at term 10
2025-05-18 20:05:56.523863 I | raft: dfe51183133d9fcb received MsgVoteResp from fe700c0c32dc3b77 at term 10
2025-05-18 20:05:56.523902 I | raft: dfe51183133d9fcb [quorum:3] has received 2 MsgVoteResp votes and 0 vote rejections
2025-05-18 20:05:57.722525 I | raft: dfe51183133d9fcb is starting a new election at term 10
2025-05-18 20:05:57.722568 I | raft: dfe51183133d9fcb became candidate at term 11
2025-05-18 20:05:57.722586 I | raft: dfe51183133d9fcb received MsgVoteResp from dfe51183133d9fcb at term 11
2025-05-18 20:05:57.722605 I | raft: dfe51183133d9fcb [logterm: 9, index: 23326] sent MsgVote request to 399dd9d2fe9451fe at term 11
2025-05-18 20:05:57.722624 I | raft: dfe51183133d9fcb [logterm: 9, index: 23326] sent MsgVote request to a1561573eb12db98 at term 11
2025-05-18 20:05:57.722642 I | raft: dfe51183133d9fcb [logterm: 9, index: 23326] sent MsgVote request to c89e8ee7e52968ff at term 11
2025-05-18 20:05:57.722667 I | raft: dfe51183133d9fcb [logterm: 9, index: 23326] sent MsgVote request to fe700c0c32dc3b77 at term 11
2025-05-18 20:05:57.723702 I | raft: dfe51183133d9fcb received MsgVoteResp from fe700c0c32dc3b77 at term 11
2025-05-18 20:05:57.723740 I | raft: dfe51183133d9fcb [quorum:3] has received 2 MsgVoteResp votes and 0 vote rejections
2025-05-18 20:05:58.922521 I | raft: dfe51183133d9fcb is starting a new election at term 11
2025-05-18 20:05:58.922566 I | raft: dfe51183133d9fcb became candidate at term 12
2025-05-18 20:05:58.922586 I | raft: dfe51183133d9fcb received MsgVoteResp from dfe51183133d9fcb at term 12
2025-05-18 20:05:58.922605 I | raft: dfe51183133d9fcb [logterm: 9, index: 23326] sent MsgVote request to fe700c0c32dc3b77 at term 12
2025-05-18 20:05:58.922623 I | raft: dfe51183133d9fcb [logterm: 9, index: 23326] sent MsgVote request to 399dd9d2fe9451fe at term 12
2025-05-18 20:05:58.922643 I | raft: dfe51183133d9fcb [logterm: 9, index: 23326] sent MsgVote request to a1561573eb12db98 at term 12
2025-05-18 20:05:58.922661 I | raft: dfe51183133d9fcb [logterm: 9, index: 23326] sent MsgVote request to c89e8ee7e52968ff at term 12
2025-05-18 20:05:58.923791 I | raft: dfe51183133d9fcb received MsgVoteResp from fe700c0c32dc3b77 at term 12
2025-05-18 20:05:58.923855 I | raft: dfe51183133d9fcb [quorum:3] has received 2 MsgVoteResp votes and 0 vote rejections
2025-05-18 20:05:59.050673 W | rafthttp: lost the TCP streaming connection with peer c89e8ee7e52968ff (stream MsgApp v2 reader)
2025-05-18 20:05:59.050719 E | rafthttp: failed to read c89e8ee7e52968ff on stream MsgApp v2 (read tcp 128.110.218.198:55530->128.110.218.188:2380: i/o timeout)
2025-05-18 20:05:59.050733 I | rafthttp: peer c89e8ee7e52968ff became inactive
2025-05-18 20:05:59.052280 W | rafthttp: lost the TCP streaming connection with peer c89e8ee7e52968ff (stream Message reader)
2025-05-18 20:06:00.422519 I | raft: dfe51183133d9fcb is starting a new election at term 12
2025-05-18 20:06:00.422563 I | raft: dfe51183133d9fcb became candidate at term 13
2025-05-18 20:06:00.422583 I | raft: dfe51183133d9fcb received MsgVoteResp from dfe51183133d9fcb at term 13
2025-05-18 20:06:00.422601 I | raft: dfe51183133d9fcb [logterm: 9, index: 23326] sent MsgVote request to fe700c0c32dc3b77 at term 13
2025-05-18 20:06:00.422620 I | raft: dfe51183133d9fcb [logterm: 9, index: 23326] sent MsgVote request to 399dd9d2fe9451fe at term 13
2025-05-18 20:06:00.422638 I | raft: dfe51183133d9fcb [logterm: 9, index: 23326] sent MsgVote request to a1561573eb12db98 at term 13
2025-05-18 20:06:00.422655 I | raft: dfe51183133d9fcb [logterm: 9, index: 23326] sent MsgVote request to c89e8ee7e52968ff at term 13
2025-05-18 20:06:00.423730 I | raft: dfe51183133d9fcb received MsgVoteResp from fe700c0c32dc3b77 at term 13
2025-05-18 20:06:00.423767 I | raft: dfe51183133d9fcb [quorum:3] has received 2 MsgVoteResp votes and 0 vote rejections
2025-05-18 20:06:00.472110 W | rafthttp: lost the TCP streaming connection with peer a1561573eb12db98 (stream MsgApp v2 reader)
2025-05-18 20:06:00.472158 E | rafthttp: failed to read a1561573eb12db98 on stream MsgApp v2 (read tcp 128.110.218.198:58746->128.110.218.163:2380: i/o timeout)
2025-05-18 20:06:00.472173 I | rafthttp: peer a1561573eb12db98 became inactive
2025-05-18 20:06:00.472189 W | rafthttp: lost the TCP streaming connection with peer a1561573eb12db98 (stream Message reader)
2025-05-18 20:06:00.512675 W | rafthttp: lost the TCP streaming connection with peer 399dd9d2fe9451fe (stream Message reader)
2025-05-18 20:06:00.512742 E | rafthttp: failed to read 399dd9d2fe9451fe on stream Message (read tcp 128.110.218.198:54298->128.110.218.197:2380: i/o timeout)
2025-05-18 20:06:00.512757 I | rafthttp: peer 399dd9d2fe9451fe became inactive
2025-05-18 20:06:00.593535 W | rafthttp: lost the TCP streaming connection with peer 399dd9d2fe9451fe (stream MsgApp v2 reader)
2025-05-18 20:06:00.694498 I | rafthttp: peer 399dd9d2fe9451fe became active
2025-05-18 20:06:00.694539 W | rafthttp: closed an existing TCP streaming connection with peer 399dd9d2fe9451fe (stream Message writer)
2025-05-18 20:06:00.694553 I | rafthttp: established a TCP streaming connection with peer 399dd9d2fe9451fe (stream Message writer)
2025-05-18 20:06:00.695203 I | rafthttp: established a TCP streaming connection with peer 399dd9d2fe9451fe (stream MsgApp v2 reader)
2025-05-18 20:06:01.461482 I | rafthttp: peer c89e8ee7e52968ff became active
2025-05-18 20:06:01.461518 I | rafthttp: established a TCP streaming connection with peer c89e8ee7e52968ff (stream MsgApp v2 reader)
2025-05-18 20:06:01.461555 I | rafthttp: established a TCP streaming connection with peer c89e8ee7e52968ff (stream Message reader)
2025-05-18 20:06:01.588178 W | rafthttp: closed an existing TCP streaming connection with peer c89e8ee7e52968ff (stream Message writer)
2025-05-18 20:06:01.588214 I | rafthttp: established a TCP streaming connection with peer c89e8ee7e52968ff (stream Message writer)
2025-05-18 20:06:01.589196 W | rafthttp: closed an existing TCP streaming connection with peer c89e8ee7e52968ff (stream MsgApp v2 writer)
2025-05-18 20:06:01.589232 I | rafthttp: established a TCP streaming connection with peer c89e8ee7e52968ff (stream MsgApp v2 writer)
2025-05-18 20:06:01.589474 I | rafthttp: peer a1561573eb12db98 became active
2025-05-18 20:06:01.589507 I | rafthttp: established a TCP streaming connection with peer a1561573eb12db98 (stream Message reader)
2025-05-18 20:06:01.589548 I | rafthttp: established a TCP streaming connection with peer a1561573eb12db98 (stream MsgApp v2 reader)
2025-05-18 20:06:01.599838 W | rafthttp: closed an existing TCP streaming connection with peer 399dd9d2fe9451fe (stream MsgApp v2 writer)
2025-05-18 20:06:01.599873 I | rafthttp: established a TCP streaming connection with peer 399dd9d2fe9451fe (stream MsgApp v2 writer)
2025-05-18 20:06:01.628507 W | rafthttp: closed an existing TCP streaming connection with peer a1561573eb12db98 (stream Message writer)
2025-05-18 20:06:01.628551 I | rafthttp: established a TCP streaming connection with peer a1561573eb12db98 (stream Message writer)
2025-05-18 20:06:01.628568 W | rafthttp: closed an existing TCP streaming connection with peer a1561573eb12db98 (stream MsgApp v2 writer)
2025-05-18 20:06:01.628581 I | rafthttp: established a TCP streaming connection with peer a1561573eb12db98 (stream MsgApp v2 writer)
2025-05-18 20:06:01.653544 I | rafthttp: established a TCP streaming connection with peer 399dd9d2fe9451fe (stream Message reader)
2025-05-18 20:06:01.922523 I | raft: dfe51183133d9fcb is starting a new election at term 13
2025-05-18 20:06:01.922568 I | raft: dfe51183133d9fcb became candidate at term 14
2025-05-18 20:06:01.922586 I | raft: dfe51183133d9fcb received MsgVoteResp from dfe51183133d9fcb at term 14
2025-05-18 20:06:01.922605 I | raft: dfe51183133d9fcb [logterm: 9, index: 23326] sent MsgVote request to a1561573eb12db98 at term 14
2025-05-18 20:06:01.922624 I | raft: dfe51183133d9fcb [logterm: 9, index: 23326] sent MsgVote request to c89e8ee7e52968ff at term 14
2025-05-18 20:06:01.922642 I | raft: dfe51183133d9fcb [logterm: 9, index: 23326] sent MsgVote request to fe700c0c32dc3b77 at term 14
2025-05-18 20:06:01.922667 I | raft: dfe51183133d9fcb [logterm: 9, index: 23326] sent MsgVote request to 399dd9d2fe9451fe at term 14
2025-05-18 20:06:01.923725 I | raft: dfe51183133d9fcb received MsgVoteResp rejection from c89e8ee7e52968ff at term 14
2025-05-18 20:06:01.923763 I | raft: dfe51183133d9fcb [quorum:3] has received 1 MsgVoteResp votes and 1 vote rejections
2025-05-18 20:06:01.923786 I | raft: dfe51183133d9fcb received MsgVoteResp rejection from 399dd9d2fe9451fe at term 14
2025-05-18 20:06:01.923801 I | raft: dfe51183133d9fcb [quorum:3] has received 1 MsgVoteResp votes and 2 vote rejections
2025-05-18 20:06:01.923841 I | raft: dfe51183133d9fcb received MsgVoteResp from fe700c0c32dc3b77 at term 14
2025-05-18 20:06:01.923861 I | raft: dfe51183133d9fcb [quorum:3] has received 2 MsgVoteResp votes and 2 vote rejections
2025-05-18 20:06:01.923878 I | raft: dfe51183133d9fcb received MsgVoteResp rejection from a1561573eb12db98 at term 14
2025-05-18 20:06:01.923892 I | raft: dfe51183133d9fcb [quorum:3] has received 2 MsgVoteResp votes and 3 vote rejections
2025-05-18 20:06:01.923914 I | raft: dfe51183133d9fcb became follower at term 14
2025-05-18 20:06:02.611431 E | etcdserver/api/v2http: got unexpected response error (etcdserver: request timed out)
2025-05-18 20:06:02.913041 I | raft: dfe51183133d9fcb [term: 14] received a MsgVote message with higher term from 399dd9d2fe9451fe [term: 15]
2025-05-18 20:06:02.913085 I | raft: dfe51183133d9fcb became follower at term 15
2025-05-18 20:06:02.913109 I | raft: dfe51183133d9fcb [logterm: 9, index: 23326, vote: 0] cast MsgVote for 399dd9d2fe9451fe [logterm: 9, index: 31567] at term 15
2025-05-18 20:06:02.914139 I | raft: raft.node: dfe51183133d9fcb elected leader 399dd9d2fe9451fe at term 15
2025-05-18 20:06:03.009220 I | etcdserver: start to snapshot (applied: 31566, lastsnap: 20003)
2025-05-18 20:06:03.017829 I | etcdserver: saved snapshot at index 31566
2025-05-18 20:06:03.018032 I | etcdserver: compacted raft log at 26566
2025-05-18 20:06:03.145194 E | etcdserver/api/v2http: etcdserver: request timed out, possibly due to connection lost
2025-05-18 20:06:04.113648 E | etcdserver/api/v2http: got unexpected response error (etcdserver: request timed out) [merged 8 repeated lines in 1.5s]
2025-05-18 20:06:06.628009 I | raft: dfe51183133d9fcb [term: 15] received a MsgVote message with higher term from a1561573eb12db98 [term: 16]
2025-05-18 20:06:06.628060 I | raft: dfe51183133d9fcb became follower at term 16
2025-05-18 20:06:06.628084 I | raft: dfe51183133d9fcb [logterm: 15, index: 35860, vote: 0] rejected MsgVote from a1561573eb12db98 [logterm: 15, index: 35859] at term 16
2025-05-18 20:06:06.628100 I | raft: raft.node: dfe51183133d9fcb lost leader 399dd9d2fe9451fe at term 16
2025-05-18 20:06:07.822531 I | raft: dfe51183133d9fcb is starting a new election at term 16
2025-05-18 20:06:07.822580 I | raft: dfe51183133d9fcb became candidate at term 17
2025-05-18 20:06:07.822609 I | raft: dfe51183133d9fcb received MsgVoteResp from dfe51183133d9fcb at term 17
2025-05-18 20:06:07.822631 I | raft: dfe51183133d9fcb [logterm: 15, index: 35860] sent MsgVote request to 399dd9d2fe9451fe at term 17
2025-05-18 20:06:07.822649 I | raft: dfe51183133d9fcb [logterm: 15, index: 35860] sent MsgVote request to a1561573eb12db98 at term 17
2025-05-18 20:06:07.822671 I | raft: dfe51183133d9fcb [logterm: 15, index: 35860] sent MsgVote request to c89e8ee7e52968ff at term 17
2025-05-18 20:06:07.822702 I | raft: dfe51183133d9fcb [logterm: 15, index: 35860] sent MsgVote request to fe700c0c32dc3b77 at term 17
2025-05-18 20:06:07.823790 I | raft: dfe51183133d9fcb received MsgVoteResp from a1561573eb12db98 at term 17
2025-05-18 20:06:07.823845 I | raft: dfe51183133d9fcb [quorum:3] has received 2 MsgVoteResp votes and 0 vote rejections
2025-05-18 20:06:09.322523 I | raft: dfe51183133d9fcb is starting a new election at term 17
2025-05-18 20:06:09.322570 I | raft: dfe51183133d9fcb became candidate at term 18
2025-05-18 20:06:09.322587 I | raft: dfe51183133d9fcb received MsgVoteResp from dfe51183133d9fcb at term 18
2025-05-18 20:06:09.322605 I | raft: dfe51183133d9fcb [logterm: 15, index: 35860] sent MsgVote request to 399dd9d2fe9451fe at term 18
2025-05-18 20:06:09.322624 I | raft: dfe51183133d9fcb [logterm: 15, index: 35860] sent MsgVote request to a1561573eb12db98 at term 18
2025-05-18 20:06:09.322641 I | raft: dfe51183133d9fcb [logterm: 15, index: 35860] sent MsgVote request to c89e8ee7e52968ff at term 18
2025-05-18 20:06:09.322661 I | raft: dfe51183133d9fcb [logterm: 15, index: 35860] sent MsgVote request to fe700c0c32dc3b77 at term 18
2025-05-18 20:06:09.323677 I | raft: dfe51183133d9fcb received MsgVoteResp from a1561573eb12db98 at term 18
2025-05-18 20:06:09.323715 I | raft: dfe51183133d9fcb [quorum:3] has received 2 MsgVoteResp votes and 0 vote rejections
2025-05-18 20:06:10.327966 I | raft: dfe51183133d9fcb [term: 18] received a MsgVote message with higher term from a1561573eb12db98 [term: 19]
2025-05-18 20:06:10.328010 I | raft: dfe51183133d9fcb became follower at term 19
2025-05-18 20:06:10.328034 I | raft: dfe51183133d9fcb [logterm: 15, index: 35860, vote: 0] rejected MsgVote from a1561573eb12db98 [logterm: 15, index: 35859] at term 19
2025-05-18 20:06:10.635088 W | rafthttp: lost the TCP streaming connection with peer c89e8ee7e52968ff (stream MsgApp v2 reader)
2025-05-18 20:06:10.635135 E | rafthttp: failed to read c89e8ee7e52968ff on stream MsgApp v2 (read tcp 128.110.218.198:59330->128.110.218.188:2380: i/o timeout)
2025-05-18 20:06:10.635209 I | rafthttp: peer c89e8ee7e52968ff became inactive
2025-05-18 20:06:10.635263 W | rafthttp: lost the TCP streaming connection with peer c89e8ee7e52968ff (stream Message reader)
2025-05-18 20:06:10.647557 W | rafthttp: lost the TCP streaming connection with peer fe700c0c32dc3b77 (stream MsgApp v2 reader)
2025-05-18 20:06:10.647603 E | rafthttp: failed to read fe700c0c32dc3b77 on stream MsgApp v2 (read tcp 128.110.218.198:54278->128.110.218.183:2380: i/o timeout)
2025-05-18 20:06:10.647664 I | rafthttp: peer fe700c0c32dc3b77 became inactive
2025-05-18 20:06:10.653096 W | rafthttp: lost the TCP streaming connection with peer fe700c0c32dc3b77 (stream Message reader)
2025-05-18 20:06:10.712688 W | rafthttp: lost the TCP streaming connection with peer 399dd9d2fe9451fe (stream Message reader)
2025-05-18 20:06:10.712734 E | rafthttp: failed to read 399dd9d2fe9451fe on stream Message (read tcp 128.110.218.198:56144->128.110.218.197:2380: i/o timeout)
2025-05-18 20:06:10.712850 I | rafthttp: peer 399dd9d2fe9451fe became inactive
2025-05-18 20:06:10.718769 W | rafthttp: lost the TCP streaming connection with peer 399dd9d2fe9451fe (stream MsgApp v2 reader)
2025-05-18 20:06:10.749566 I | rafthttp: peer fe700c0c32dc3b77 became active
2025-05-18 20:06:10.749635 I | rafthttp: established a TCP streaming connection with peer fe700c0c32dc3b77 (stream MsgApp v2 reader)
2025-05-18 20:06:10.754799 I | rafthttp: established a TCP streaming connection with peer fe700c0c32dc3b77 (stream Message reader)
2025-05-18 20:06:10.814486 I | rafthttp: peer 399dd9d2fe9451fe became active
2025-05-18 20:06:10.814521 I | rafthttp: established a TCP streaming connection with peer 399dd9d2fe9451fe (stream Message reader)
2025-05-18 20:06:10.820550 I | rafthttp: established a TCP streaming connection with peer 399dd9d2fe9451fe (stream MsgApp v2 reader)
2025-05-18 20:06:10.822192 W | rafthttp: closed an existing TCP streaming connection with peer 399dd9d2fe9451fe (stream Message writer)
2025-05-18 20:06:10.822227 I | rafthttp: established a TCP streaming connection with peer 399dd9d2fe9451fe (stream Message writer)
2025-05-18 20:06:11.427816 I | raft: dfe51183133d9fcb [term: 19] received a MsgVote message with higher term from a1561573eb12db98 [term: 20]
2025-05-18 20:06:11.427887 I | raft: dfe51183133d9fcb became follower at term 20
2025-05-18 20:06:11.427912 I | raft: dfe51183133d9fcb [logterm: 15, index: 35860, vote: 0] rejected MsgVote from a1561573eb12db98 [logterm: 15, index: 35859] at term 20
2025-05-18 20:06:11.584170 W | rafthttp: closed an existing TCP streaming connection with peer 399dd9d2fe9451fe (stream MsgApp v2 writer)
2025-05-18 20:06:11.584206 I | rafthttp: established a TCP streaming connection with peer 399dd9d2fe9451fe (stream MsgApp v2 writer)
2025-05-18 20:06:11.617007 W | rafthttp: closed an existing TCP streaming connection with peer fe700c0c32dc3b77 (stream Message writer)
2025-05-18 20:06:11.617043 I | rafthttp: established a TCP streaming connection with peer fe700c0c32dc3b77 (stream Message writer)
2025-05-18 20:06:11.618085 W | rafthttp: closed an existing TCP streaming connection with peer fe700c0c32dc3b77 (stream MsgApp v2 writer)
2025-05-18 20:06:11.618123 I | rafthttp: established a TCP streaming connection with peer fe700c0c32dc3b77 (stream MsgApp v2 writer)
2025-05-18 20:06:11.633668 I | rafthttp: peer c89e8ee7e52968ff became active
2025-05-18 20:06:11.633705 W | rafthttp: closed an existing TCP streaming connection with peer c89e8ee7e52968ff (stream Message writer)
2025-05-18 20:06:11.633719 I | rafthttp: established a TCP streaming connection with peer c89e8ee7e52968ff (stream Message writer)
2025-05-18 20:06:11.634253 W | rafthttp: closed an existing TCP streaming connection with peer c89e8ee7e52968ff (stream MsgApp v2 writer)
2025-05-18 20:06:11.634288 I | rafthttp: established a TCP streaming connection with peer c89e8ee7e52968ff (stream MsgApp v2 writer)
2025-05-18 20:06:11.765496 I | rafthttp: established a TCP streaming connection with peer c89e8ee7e52968ff (stream Message reader)
2025-05-18 20:06:11.765801 I | rafthttp: established a TCP streaming connection with peer c89e8ee7e52968ff (stream MsgApp v2 reader)
2025-05-18 20:06:12.313100 I | raft: dfe51183133d9fcb [term: 20] ignored a MsgVote message with lower term from c89e8ee7e52968ff [term: 16]
2025-05-18 20:06:12.513103 I | raft: dfe51183133d9fcb [logterm: 15, index: 35860, vote: 0] cast MsgVote for 399dd9d2fe9451fe [logterm: 15, index: 44025] at term 20
2025-05-18 20:06:12.514121 I | raft: raft.node: dfe51183133d9fcb elected leader 399dd9d2fe9451fe at term 20
2025-05-18 20:06:12.599273 I | etcdserver: start to snapshot (applied: 44025, lastsnap: 31566)
2025-05-18 20:06:12.608071 I | etcdserver: saved snapshot at index 44025
2025-05-18 20:06:12.608415 I | etcdserver: compacted raft log at 39025
2025-05-18 20:06:12.723083 E | etcdserver/api/v2http: etcdserver: request timed out, possibly due to connection lost
2025-05-18 20:06:14.113619 E | etcdserver/api/v2http: etcdserver: request timed out, possibly due to connection lost [merged 8 repeated lines in 1.39s]
