2025-03-04 13:16:42,340{GMT}	INFO	[jepsen test runner] jepsen.core: Command line:
lein run test
2025-03-04 13:16:42,351{GMT}	INFO	[jepsen test runner] jepsen.core: Running test:
{:remote
 #jepsen.control.retry.Remote{:remote #jepsen.control.scp.Remote{:cmd-remote #jepsen.control.sshj.SSHJRemote{:concurrency-limit 6,
                                                                                                             :conn-spec nil,
                                                                                                             :client nil,
                                                                                                             :semaphore nil},
                                                                 :conn-spec nil},
                              :conn nil}
 :concurrency 5
 :db
 #object[jepsen.db$reify__11786 "0x6773bab2" "jepsen.db$reify__11786@6773bab2"]
 :leave-db-running? false
 :name "noop"
 :logging-json? false
 :start-time
 #object[org.joda.time.DateTime "0x72641613" "2025-03-04T13:16:42.323-06:00"]
 :net
 #object[jepsen.net$reify__13238
         "0x4d71ec5b"
         "jepsen.net$reify__13238@4d71ec5b"]
 :client
 #object[jepsen.client$reify__11432
         "0x20e3b165"
         "jepsen.client$reify__11432@20e3b165"]
 :barrier
 #object[java.util.concurrent.CyclicBarrier
         "0x34d3bfca"
         "java.util.concurrent.CyclicBarrier@34d3bfca"]
 :pure-generators true
 :ssh
 {:dummy? false,
  :username "root",
  :password "root",
  :strict-host-key-checking false,
  :private-key-path nil}
 :checker
 #object[jepsen.checker$unbridled_optimism$reify__11101
         "0x6655f3cd"
         "jepsen.checker$unbridled_optimism$reify__11101@6655f3cd"]
 :argv ("test")
 :nemesis #unprintable "jepsen.nemesis$reify__13341@2484c868"
 :nodes ["n1" "n2" "n3" "n4" "n5"]
 :test-count 1
 :generator #object[jepsen.util.Forgettable "0x3050d479" nil]
 :os
 #object[jepsen.os$reify__13643 "0x61d61b0e" "jepsen.os$reify__13643@61d61b0e"]
 :time-limit 60}

2025-03-04 13:16:43,641{GMT}	WARN	[jepsen test runner] jepsen.core: Test crashed!
clojure.lang.ExceptionInfo: throw+: {:private-key-path nil, :password "root", :username "root", :type :jepsen.control/session-error, :port 22, :strict-host-key-checking false, :host "n1", :dummy false, :message "Error opening SSH session. Verify username, password, and node hostnames are correct."}
	at slingshot.support$stack_trace.invoke(support.clj:201)
	at jepsen.control.sshj.SSHJRemote.connect(sshj.clj:142)
	at jepsen.control.core$fn__5992$G__5961__5995.invoke(core.clj:9)
	at jepsen.control.core$fn__5992$G__5960__5999.invoke(core.clj:9)
	at clojure.core$update.invokeStatic(core.clj:6233)
	at clojure.core$update.invoke(core.clj:6223)
	at jepsen.control.scp.Remote.connect(scp.clj:87)
	at jepsen.control.retry.Remote$open__6138.invoke(retry.clj:41)
	at jepsen.reconnect$open_BANG_$fn__6101.invoke(reconnect.clj:61)
	at jepsen.reconnect$open_BANG_.invokeStatic(reconnect.clj:59)
	at jepsen.reconnect$open_BANG_.invoke(reconnect.clj:56)
	at jepsen.control.retry.Remote.connect(retry.clj:40)
	at jepsen.control$session.invokeStatic(control.clj:233)
	at jepsen.control$session.invoke(control.clj:230)
	at clojure.lang.AFn.applyToHelper(AFn.java:154)
	at clojure.lang.AFn.applyTo(AFn.java:144)
	at clojure.core$apply.invokeStatic(core.clj:667)
	at clojure.core$with_bindings_STAR_.invokeStatic(core.clj:1990)
	at clojure.core$with_bindings_STAR_.doInvoke(core.clj:1990)
	at clojure.lang.RestFn.applyTo(RestFn.java:142)
	at clojure.core$apply.invokeStatic(core.clj:671)
	at clojure.core$bound_fn_STAR_$fn__5818.doInvoke(core.clj:2020)
	at clojure.lang.RestFn.applyTo(RestFn.java:137)
	at clojure.core$apply.invokeStatic(core.clj:667)
	at clojure.core$apply.invoke(core.clj:662)
	at jepsen.util$fcatch$wrapper__5169.doInvoke(util.clj:48)
	at clojure.lang.RestFn.invoke(RestFn.java:408)
	at dom_top.core$real_pmap_helper$build_thread__730$fn__731.invoke(core.clj:163)
	at clojure.lang.AFn.applyToHelper(AFn.java:152)
	at clojure.lang.AFn.applyTo(AFn.java:144)
	at clojure.core$apply.invokeStatic(core.clj:667)
	at clojure.core$with_bindings_STAR_.invokeStatic(core.clj:1990)
	at clojure.core$with_bindings_STAR_.doInvoke(core.clj:1990)
	at clojure.lang.RestFn.invoke(RestFn.java:425)
	at clojure.lang.AFn.applyToHelper(AFn.java:156)
	at clojure.lang.RestFn.applyTo(RestFn.java:132)
	at clojure.core$apply.invokeStatic(core.clj:671)
	at clojure.core$bound_fn_STAR_$fn__5818.doInvoke(core.clj:2020)
	at clojure.lang.RestFn.invoke(RestFn.java:397)
	at clojure.lang.AFn.run(AFn.java:22)
	at java.base/java.lang.Thread.run(Thread.java:1575)
Caused by: java.net.UnknownHostException: n1
	at java.base/sun.nio.ch.NioSocketImpl.connect(NioSocketImpl.java:567)
	at java.base/java.net.SocksSocketImpl.connect(SocksSocketImpl.java:327)
	at java.base/java.net.Socket.connect(Socket.java:760)
	at net.schmizz.sshj.SocketClient.connect(SocketClient.java:69)
	at jepsen.control.sshj.SSHJRemote.connect(sshj.clj:127)
	... 39 common frames omitted
