2025-05-18 19:59:42 Jepsen starting  /home/jepsen/etcd-v3.1/etcd --log-output stderr --name hp124.utah.cloudlab.us --data-dir /home/jepsen/etcd-v3.1/data --wal-dir /home/jepsen/etcd-v3.1/wal --listen-peer-urls http://0.0.0.0:2380 --initial-advertise-peer-urls http://hp124.utah.cloudlab.us:2380 --listen-client-urls http://0.0.0.0:2379 --advertise-client-urls http://hp124.utah.cloudlab.us:2379 --initial-cluster-state new --initial-cluster hp124.utah.cloudlab.us=http://hp124.utah.cloudlab.us:2380,hp158.utah.cloudlab.us=http://hp158.utah.cloudlab.us:2380,hp144.utah.cloudlab.us=http://hp144.utah.cloudlab.us:2380,hp159.utah.cloudlab.us=http://hp159.utah.cloudlab.us:2380,hp149.utah.cloudlab.us=http://hp149.utah.cloudlab.us:2380
2025-05-18 19:59:42.123173 I | etcdmain: etcd Version: 3.1.5
2025-05-18 19:59:42.123231 I | etcdmain: Git SHA: 20490ca
2025-05-18 19:59:42.123246 I | etcdmain: Go Version: go1.7.5
2025-05-18 19:59:42.123251 I | etcdmain: Go OS/Arch: linux/amd64
2025-05-18 19:59:42.123258 I | etcdmain: setting maximum number of CPUs to 20, total number of available CPUs is 20
2025-05-18 19:59:42.123319 I | embed: listening for peers on http://0.0.0.0:2380
2025-05-18 19:59:42.124090 I | embed: listening for client requests on 0.0.0.0:2379
2025-05-18 19:59:42.125952 I | pkg/netutil: resolving hp124.utah.cloudlab.us:2380 to 128.110.218.163:2380
2025-05-18 19:59:42.126629 I | pkg/netutil: resolving hp124.utah.cloudlab.us:2380 to 128.110.218.163:2380
2025-05-18 19:59:44.178023 I | etcdserver: name = hp124.utah.cloudlab.us
2025-05-18 19:59:44.178055 I | etcdserver: data dir = /home/jepsen/etcd-v3.1/data
2025-05-18 19:59:44.178069 I | etcdserver: member dir = /home/jepsen/etcd-v3.1/data/member
2025-05-18 19:59:44.178079 I | etcdserver: dedicated WAL dir = /home/jepsen/etcd-v3.1/wal
2025-05-18 19:59:44.178090 I | etcdserver: heartbeat = 100ms
2025-05-18 19:59:44.178099 I | etcdserver: election = 1000ms
2025-05-18 19:59:44.178109 I | etcdserver: snapshot count = 10000
2025-05-18 19:59:44.178126 I | etcdserver: advertise client URLs = http://hp124.utah.cloudlab.us:2379
2025-05-18 19:59:44.178139 I | etcdserver: initial advertise peer URLs = http://hp124.utah.cloudlab.us:2380
2025-05-18 19:59:44.178176 I | etcdserver: initial cluster = hp124.utah.cloudlab.us=http://hp124.utah.cloudlab.us:2380,hp144.utah.cloudlab.us=http://hp144.utah.cloudlab.us:2380,hp149.utah.cloudlab.us=http://hp149.utah.cloudlab.us:2380,hp158.utah.cloudlab.us=http://hp158.utah.cloudlab.us:2380,hp159.utah.cloudlab.us=http://hp159.utah.cloudlab.us:2380
2025-05-18 19:59:44.179609 I | etcdserver: starting member a1561573eb12db98 in cluster aac2752a141c3276
2025-05-18 19:59:44.179670 I | raft: a1561573eb12db98 became follower at term 0
2025-05-18 19:59:44.179691 I | raft: newRaft a1561573eb12db98 [peers: [], term: 0, commit: 0, applied: 0, lastindex: 0, lastterm: 0]
2025-05-18 19:59:44.179703 I | raft: a1561573eb12db98 became follower at term 1
2025-05-18 19:59:44.186219 I | rafthttp: starting peer 399dd9d2fe9451fe...
2025-05-18 19:59:44.186268 I | rafthttp: started HTTP pipelining with peer 399dd9d2fe9451fe
2025-05-18 19:59:44.187615 I | rafthttp: started streaming with peer 399dd9d2fe9451fe (writer)
2025-05-18 19:59:44.188330 I | rafthttp: started streaming with peer 399dd9d2fe9451fe (writer)
2025-05-18 19:59:44.190969 I | rafthttp: started peer 399dd9d2fe9451fe
2025-05-18 19:59:44.191044 I | rafthttp: started streaming with peer 399dd9d2fe9451fe (stream Message reader)
2025-05-18 19:59:44.191144 I | rafthttp: started streaming with peer 399dd9d2fe9451fe (stream MsgApp v2 reader)
2025-05-18 19:59:44.191274 I | rafthttp: added peer 399dd9d2fe9451fe
2025-05-18 19:59:44.191330 I | rafthttp: starting peer c89e8ee7e52968ff...
2025-05-18 19:59:44.191369 I | rafthttp: started HTTP pipelining with peer c89e8ee7e52968ff
2025-05-18 19:59:44.192113 I | rafthttp: started streaming with peer c89e8ee7e52968ff (writer)
2025-05-18 19:59:44.192184 I | rafthttp: started streaming with peer c89e8ee7e52968ff (writer)
2025-05-18 19:59:44.192753 I | rafthttp: started peer c89e8ee7e52968ff
2025-05-18 19:59:44.192826 I | rafthttp: added peer c89e8ee7e52968ff
2025-05-18 19:59:44.192841 I | rafthttp: started streaming with peer c89e8ee7e52968ff (stream Message reader)
2025-05-18 19:59:44.192883 I | rafthttp: peer 399dd9d2fe9451fe became active
2025-05-18 19:59:44.192910 I | rafthttp: starting peer dfe51183133d9fcb...
2025-05-18 19:59:44.192960 I | rafthttp: started HTTP pipelining with peer dfe51183133d9fcb
2025-05-18 19:59:44.192994 I | rafthttp: started streaming with peer c89e8ee7e52968ff (stream MsgApp v2 reader)
2025-05-18 19:59:44.193473 I | rafthttp: established a TCP streaming connection with peer 399dd9d2fe9451fe (stream Message reader)
2025-05-18 19:59:44.193589 I | rafthttp: established a TCP streaming connection with peer 399dd9d2fe9451fe (stream MsgApp v2 reader)
2025-05-18 19:59:44.195146 I | rafthttp: peer c89e8ee7e52968ff became active
2025-05-18 19:59:44.195195 I | rafthttp: established a TCP streaming connection with peer c89e8ee7e52968ff (stream MsgApp v2 reader)
2025-05-18 19:59:44.195487 I | rafthttp: established a TCP streaming connection with peer c89e8ee7e52968ff (stream Message reader)
2025-05-18 19:59:44.195769 I | rafthttp: started streaming with peer dfe51183133d9fcb (writer)
2025-05-18 19:59:44.196445 I | rafthttp: started streaming with peer dfe51183133d9fcb (writer)
2025-05-18 19:59:44.198164 I | rafthttp: started peer dfe51183133d9fcb
2025-05-18 19:59:44.198194 I | rafthttp: started streaming with peer dfe51183133d9fcb (stream MsgApp v2 reader)
2025-05-18 19:59:44.198221 I | rafthttp: started streaming with peer dfe51183133d9fcb (stream Message reader)
2025-05-18 19:59:44.198247 I | rafthttp: added peer dfe51183133d9fcb
2025-05-18 19:59:44.198285 I | rafthttp: starting peer fe700c0c32dc3b77...
2025-05-18 19:59:44.198314 I | rafthttp: started HTTP pipelining with peer fe700c0c32dc3b77
2025-05-18 19:59:44.198596 I | rafthttp: started streaming with peer fe700c0c32dc3b77 (writer)
2025-05-18 19:59:44.198752 I | rafthttp: started streaming with peer fe700c0c32dc3b77 (writer)
2025-05-18 19:59:44.199461 I | rafthttp: started peer fe700c0c32dc3b77
2025-05-18 19:59:44.199528 I | rafthttp: started streaming with peer fe700c0c32dc3b77 (stream MsgApp v2 reader)
2025-05-18 19:59:44.199629 I | rafthttp: started streaming with peer fe700c0c32dc3b77 (stream Message reader)
2025-05-18 19:59:44.199738 I | rafthttp: added peer fe700c0c32dc3b77
2025-05-18 19:59:44.199781 I | etcdserver: starting server... [version: 3.1.5, cluster version: to_be_decided]
2025-05-18 19:59:44.199931 I | rafthttp: peer dfe51183133d9fcb became active
2025-05-18 19:59:44.200004 I | rafthttp: established a TCP streaming connection with peer dfe51183133d9fcb (stream Message reader)
2025-05-18 19:59:44.200232 I | rafthttp: established a TCP streaming connection with peer dfe51183133d9fcb (stream MsgApp v2 reader)
2025-05-18 19:59:44.200854 I | rafthttp: established a TCP streaming connection with peer c89e8ee7e52968ff (stream MsgApp v2 writer)
2025-05-18 19:59:44.200891 I | rafthttp: established a TCP streaming connection with peer 399dd9d2fe9451fe (stream Message writer)
2025-05-18 19:59:44.200920 I | rafthttp: established a TCP streaming connection with peer c89e8ee7e52968ff (stream Message writer)
2025-05-18 19:59:44.201425 I | rafthttp: established a TCP streaming connection with peer dfe51183133d9fcb (stream MsgApp v2 writer)
2025-05-18 19:59:44.201523 I | etcdserver/membership: added member 399dd9d2fe9451fe [http://hp158.utah.cloudlab.us:2380] to cluster aac2752a141c3276
2025-05-18 19:59:44.201581 I | rafthttp: peer fe700c0c32dc3b77 became active
2025-05-18 19:59:44.201625 I | rafthttp: established a TCP streaming connection with peer fe700c0c32dc3b77 (stream Message reader)
2025-05-18 19:59:44.201663 I | rafthttp: established a TCP streaming connection with peer dfe51183133d9fcb (stream Message writer)
2025-05-18 19:59:44.201685 I | rafthttp: established a TCP streaming connection with peer fe700c0c32dc3b77 (stream Message writer)
2025-05-18 19:59:44.201716 I | etcdserver/membership: added member a1561573eb12db98 [http://hp124.utah.cloudlab.us:2380] to cluster aac2752a141c3276
2025-05-18 19:59:44.201775 I | rafthttp: established a TCP streaming connection with peer fe700c0c32dc3b77 (stream MsgApp v2 reader)
2025-05-18 19:59:44.201876 I | etcdserver/membership: added member c89e8ee7e52968ff [http://hp149.utah.cloudlab.us:2380] to cluster aac2752a141c3276
2025-05-18 19:59:44.202034 I | etcdserver/membership: added member dfe51183133d9fcb [http://hp159.utah.cloudlab.us:2380] to cluster aac2752a141c3276
2025-05-18 19:59:44.202114 I | rafthttp: established a TCP streaming connection with peer fe700c0c32dc3b77 (stream MsgApp v2 writer)
2025-05-18 19:59:44.202228 I | etcdserver/membership: added member fe700c0c32dc3b77 [http://hp144.utah.cloudlab.us:2380] to cluster aac2752a141c3276
2025-05-18 19:59:44.202341 I | rafthttp: established a TCP streaming connection with peer 399dd9d2fe9451fe (stream MsgApp v2 writer)
2025-05-18 19:59:44.344529 I | raft: a1561573eb12db98 [term: 1] received a MsgVote message with higher term from fe700c0c32dc3b77 [term: 2]
2025-05-18 19:59:44.344578 I | raft: a1561573eb12db98 became follower at term 2
2025-05-18 19:59:44.344603 I | raft: a1561573eb12db98 [logterm: 1, index: 5, vote: 0] cast MsgVote for fe700c0c32dc3b77 [logterm: 1, index: 5] at term 2
2025-05-18 19:59:44.345716 I | raft: raft.node: a1561573eb12db98 elected leader fe700c0c32dc3b77 at term 2
2025-05-18 19:59:44.348022 I | embed: ready to serve client requests
2025-05-18 19:59:44.348147 I | etcdserver: published {Name:hp124.utah.cloudlab.us ClientURLs:[http://hp124.utah.cloudlab.us:2379]} to cluster aac2752a141c3276
2025-05-18 19:59:44.348213 E | etcdmain: forgot to set Type=notify in systemd service file?
2025-05-18 19:59:44.348574 N | embed: serving insecure client requests on [::]:2379, this is strongly discouraged!
2025-05-18 19:59:44.353370 N | etcdserver/membership: set the initial cluster version to 3.1
2025-05-18 19:59:44.353462 I | etcdserver/api: enabled capabilities for version 3.1
2025-05-18 19:59:56.840998 I | etcdserver: start to snapshot (applied: 10001, lastsnap: 0)
2025-05-18 19:59:56.846886 I | etcdserver: saved snapshot at index 10001
2025-05-18 19:59:56.847088 I | etcdserver: compacted raft log at 5001
2025-05-18 20:00:01.780093 I | raft: a1561573eb12db98 is starting a new election at term 2
2025-05-18 20:00:01.780144 I | raft: a1561573eb12db98 became candidate at term 3
2025-05-18 20:00:01.780166 I | raft: a1561573eb12db98 received MsgVoteResp from a1561573eb12db98 at term 3
2025-05-18 20:00:01.780185 I | raft: a1561573eb12db98 [logterm: 2, index: 18477] sent MsgVote request to 399dd9d2fe9451fe at term 3
2025-05-18 20:00:01.780204 I | raft: a1561573eb12db98 [logterm: 2, index: 18477] sent MsgVote request to c89e8ee7e52968ff at term 3
2025-05-18 20:00:01.780221 I | raft: a1561573eb12db98 [logterm: 2, index: 18477] sent MsgVote request to dfe51183133d9fcb at term 3
2025-05-18 20:00:01.780237 I | raft: a1561573eb12db98 [logterm: 2, index: 18477] sent MsgVote request to fe700c0c32dc3b77 at term 3
2025-05-18 20:00:01.780252 I | raft: raft.node: a1561573eb12db98 lost leader fe700c0c32dc3b77 at term 3
2025-05-18 20:00:01.781382 I | raft: a1561573eb12db98 received MsgVoteResp rejection from c89e8ee7e52968ff at term 3
2025-05-18 20:00:01.781447 I | raft: a1561573eb12db98 [quorum:3] has received 1 MsgVoteResp votes and 1 vote rejections
2025-05-18 20:00:02.723551 I | raft: a1561573eb12db98 [term: 3] received a MsgVote message with higher term from c89e8ee7e52968ff [term: 4]
2025-05-18 20:00:02.723594 I | raft: a1561573eb12db98 became follower at term 4
2025-05-18 20:00:02.723617 I | raft: a1561573eb12db98 [logterm: 2, index: 18477, vote: 0] cast MsgVote for c89e8ee7e52968ff [logterm: 2, index: 18480] at term 4
2025-05-18 20:00:03.723594 I | raft: a1561573eb12db98 [term: 4] received a MsgVote message with higher term from c89e8ee7e52968ff [term: 5]
2025-05-18 20:00:03.723637 I | raft: a1561573eb12db98 became follower at term 5
2025-05-18 20:00:03.723660 I | raft: a1561573eb12db98 [logterm: 2, index: 18477, vote: 0] cast MsgVote for c89e8ee7e52968ff [logterm: 2, index: 18480] at term 5
2025-05-18 20:00:04.128944 W | rafthttp: lost the TCP streaming connection with peer 399dd9d2fe9451fe (stream MsgApp v2 reader)
2025-05-18 20:00:04.129051 E | rafthttp: failed to read 399dd9d2fe9451fe on stream MsgApp v2 (read tcp 128.110.218.163:50472->128.110.218.197:2380: i/o timeout)
2025-05-18 20:00:04.129085 I | rafthttp: peer 399dd9d2fe9451fe became inactive
2025-05-18 20:00:04.130196 W | rafthttp: lost the TCP streaming connection with peer 399dd9d2fe9451fe (stream Message reader)
2025-05-18 20:00:04.168832 W | rafthttp: lost the TCP streaming connection with peer dfe51183133d9fcb (stream MsgApp v2 reader)
2025-05-18 20:00:04.168913 E | rafthttp: failed to read dfe51183133d9fcb on stream MsgApp v2 (read tcp 128.110.218.163:59026->128.110.218.198:2380: i/o timeout)
2025-05-18 20:00:04.168964 I | rafthttp: peer dfe51183133d9fcb became inactive
2025-05-18 20:00:04.169559 W | rafthttp: lost the TCP streaming connection with peer dfe51183133d9fcb (stream Message reader)
2025-05-18 20:00:05.444184 W | rafthttp: lost the TCP streaming connection with peer fe700c0c32dc3b77 (stream Message reader)
2025-05-18 20:00:05.444227 E | rafthttp: failed to read fe700c0c32dc3b77 on stream Message (read tcp 128.110.218.163:58114->128.110.218.183:2380: i/o timeout)
2025-05-18 20:00:05.444286 I | rafthttp: peer fe700c0c32dc3b77 became inactive
2025-05-18 20:00:05.455593 W | rafthttp: lost the TCP streaming connection with peer fe700c0c32dc3b77 (stream MsgApp v2 reader)
2025-05-18 20:00:05.480088 I | raft: a1561573eb12db98 is starting a new election at term 5
2025-05-18 20:00:05.480137 I | raft: a1561573eb12db98 became candidate at term 6
2025-05-18 20:00:05.480160 I | raft: a1561573eb12db98 received MsgVoteResp from a1561573eb12db98 at term 6
2025-05-18 20:00:05.480178 I | raft: a1561573eb12db98 [logterm: 2, index: 18477] sent MsgVote request to 399dd9d2fe9451fe at term 6
2025-05-18 20:00:05.480196 I | raft: a1561573eb12db98 [logterm: 2, index: 18477] sent MsgVote request to c89e8ee7e52968ff at term 6
2025-05-18 20:00:05.480212 I | raft: a1561573eb12db98 [logterm: 2, index: 18477] sent MsgVote request to dfe51183133d9fcb at term 6
2025-05-18 20:00:05.480228 I | raft: a1561573eb12db98 [logterm: 2, index: 18477] sent MsgVote request to fe700c0c32dc3b77 at term 6
2025-05-18 20:00:05.481299 I | raft: a1561573eb12db98 received MsgVoteResp rejection from c89e8ee7e52968ff at term 6
2025-05-18 20:00:05.481336 I | raft: a1561573eb12db98 [quorum:3] has received 1 MsgVoteResp votes and 1 vote rejections
2025-05-18 20:00:05.532259 I | rafthttp: peer 399dd9d2fe9451fe became active
2025-05-18 20:00:05.532293 I | rafthttp: established a TCP streaming connection with peer 399dd9d2fe9451fe (stream Message reader)
2025-05-18 20:00:05.545896 I | rafthttp: peer fe700c0c32dc3b77 became active
2025-05-18 20:00:05.545918 I | rafthttp: established a TCP streaming connection with peer fe700c0c32dc3b77 (stream Message reader)
2025-05-18 20:00:05.546531 W | rafthttp: closed an existing TCP streaming connection with peer fe700c0c32dc3b77 (stream Message writer)
2025-05-18 20:00:05.546566 I | rafthttp: established a TCP streaming connection with peer fe700c0c32dc3b77 (stream Message writer)
2025-05-18 20:00:05.571597 I | rafthttp: established a TCP streaming connection with peer fe700c0c32dc3b77 (stream MsgApp v2 reader)
2025-05-18 20:00:05.572336 I | rafthttp: peer dfe51183133d9fcb became active
2025-05-18 20:00:05.572375 I | rafthttp: established a TCP streaming connection with peer dfe51183133d9fcb (stream MsgApp v2 reader)
2025-05-18 20:00:05.572412 I | rafthttp: established a TCP streaming connection with peer dfe51183133d9fcb (stream Message reader)
2025-05-18 20:00:05.589960 W | rafthttp: closed an existing TCP streaming connection with peer 399dd9d2fe9451fe (stream Message writer)
2025-05-18 20:00:05.590002 I | rafthttp: established a TCP streaming connection with peer 399dd9d2fe9451fe (stream Message writer)
2025-05-18 20:00:05.590018 W | rafthttp: closed an existing TCP streaming connection with peer 399dd9d2fe9451fe (stream MsgApp v2 writer)
2025-05-18 20:00:05.590058 I | rafthttp: established a TCP streaming connection with peer 399dd9d2fe9451fe (stream MsgApp v2 writer)
2025-05-18 20:00:05.606415 W | rafthttp: closed an existing TCP streaming connection with peer fe700c0c32dc3b77 (stream MsgApp v2 writer)
2025-05-18 20:00:05.606443 I | rafthttp: established a TCP streaming connection with peer fe700c0c32dc3b77 (stream MsgApp v2 writer)
2025-05-18 20:00:05.607922 W | rafthttp: closed an existing TCP streaming connection with peer dfe51183133d9fcb (stream MsgApp v2 writer)
2025-05-18 20:00:05.607964 I | rafthttp: established a TCP streaming connection with peer dfe51183133d9fcb (stream MsgApp v2 writer)
2025-05-18 20:00:05.607980 W | rafthttp: closed an existing TCP streaming connection with peer dfe51183133d9fcb (stream Message writer)
2025-05-18 20:00:05.607993 I | rafthttp: established a TCP streaming connection with peer dfe51183133d9fcb (stream Message writer)
2025-05-18 20:00:06.523571 I | raft: a1561573eb12db98 [term: 6] received a MsgVote message with higher term from c89e8ee7e52968ff [term: 7]
2025-05-18 20:00:06.523617 I | raft: a1561573eb12db98 became follower at term 7
2025-05-18 20:00:06.523640 I | raft: a1561573eb12db98 [logterm: 2, index: 18477, vote: 0] cast MsgVote for c89e8ee7e52968ff [logterm: 2, index: 18480] at term 7
2025-05-18 20:00:06.556038 I | rafthttp: established a TCP streaming connection with peer 399dd9d2fe9451fe (stream MsgApp v2 reader)
2025-05-18 20:00:06.823581 I | raft: a1561573eb12db98 [term: 7] ignored a MsgVote message with lower term from 399dd9d2fe9451fe [term: 3]
2025-05-18 20:00:07.445807 E | etcdserver/api/v2http: got unexpected response error (etcdserver: request timed out)
2025-05-18 20:00:07.544469 I | raft: a1561573eb12db98 [logterm: 2, index: 18477, vote: c89e8ee7e52968ff] rejected MsgVote from fe700c0c32dc3b77 [logterm: 2, index: 30588] at term 7
2025-05-18 20:00:07.545468 I | raft: raft.node: a1561573eb12db98 elected leader fe700c0c32dc3b77 at term 7
2025-05-18 20:00:07.555458 I | rafthttp: receiving database snapshot [index:30589, from fe700c0c32dc3b77] ...
2025-05-18 20:00:07.556343 I | snap: saved database snapshot to disk [total bytes: 24576]
2025-05-18 20:00:07.556378 I | rafthttp: received and saved database snapshot [index: 30589, from: fe700c0c32dc3b77] successfully
2025-05-18 20:00:07.556526 I | raft: a1561573eb12db98 [commit: 18474, lastindex: 18477, lastterm: 2] starts to restore snapshot [index: 30589, term: 7]
2025-05-18 20:00:07.556562 I | raft: log [committed=18474, applied=18474, unstable.offset=18478, len(unstable.Entries)=0] starts to restore snapshot [index: 30589, term: 7]
2025-05-18 20:00:07.556589 I | raft: a1561573eb12db98 restored progress of 399dd9d2fe9451fe [next = 30590, match = 0, state = ProgressStateProbe, waiting = false, pendingSnapshot = 0]
2025-05-18 20:00:07.556604 I | raft: a1561573eb12db98 restored progress of a1561573eb12db98 [next = 30590, match = 30589, state = ProgressStateProbe, waiting = false, pendingSnapshot = 0]
2025-05-18 20:00:07.556617 I | raft: a1561573eb12db98 restored progress of c89e8ee7e52968ff [next = 30590, match = 0, state = ProgressStateProbe, waiting = false, pendingSnapshot = 0]
2025-05-18 20:00:07.556629 I | raft: a1561573eb12db98 restored progress of dfe51183133d9fcb [next = 30590, match = 0, state = ProgressStateProbe, waiting = false, pendingSnapshot = 0]
2025-05-18 20:00:07.556642 I | raft: a1561573eb12db98 restored progress of fe700c0c32dc3b77 [next = 30590, match = 0, state = ProgressStateProbe, waiting = false, pendingSnapshot = 0]
2025-05-18 20:00:07.556653 I | raft: a1561573eb12db98 [commit: 30589] restored snapshot [index: 30589, term: 7]
2025-05-18 20:00:07.556825 I | etcdserver: applying snapshot at index 10001...
2025-05-18 20:00:07.557108 I | etcdserver: recovering lessor...
2025-05-18 20:00:07.557428 I | etcdserver: finished recovering lessor
2025-05-18 20:00:07.557452 I | etcdserver: restoring mvcc store...
2025-05-18 20:00:07.558523 I | etcdserver: finished restoring mvcc store
2025-05-18 20:00:07.558557 I | etcdserver: recovering alarms...
2025-05-18 20:00:07.558671 I | etcdserver: raft applied incoming snapshot at index 30589
2025-05-18 20:00:07.558703 I | etcdserver: closing old backend...
2025-05-18 20:00:07.558847 I | etcdserver: finished recovering alarms
2025-05-18 20:00:07.558876 I | etcdserver: recovering auth store...
2025-05-18 20:00:07.558895 I | etcdserver: finished recovering auth store
2025-05-18 20:00:07.558905 I | etcdserver: recovering store v2...
2025-05-18 20:00:07.559136 I | etcdserver: finished closing old backend
2025-05-18 20:00:07.574353 I | etcdserver: finished recovering store v2
2025-05-18 20:00:07.574405 I | etcdserver: recovering cluster configuration...
2025-05-18 20:00:07.574561 I | etcdserver/membership: added member fe700c0c32dc3b77 [http://hp144.utah.cloudlab.us:2380] to cluster aac2752a141c3276 from store
2025-05-18 20:00:07.574591 I | etcdserver/membership: added member 399dd9d2fe9451fe [http://hp158.utah.cloudlab.us:2380] to cluster aac2752a141c3276 from store
2025-05-18 20:00:07.574606 I | etcdserver/membership: added member a1561573eb12db98 [http://hp124.utah.cloudlab.us:2380] to cluster aac2752a141c3276 from store
2025-05-18 20:00:07.574629 I | etcdserver/membership: added member c89e8ee7e52968ff [http://hp149.utah.cloudlab.us:2380] to cluster aac2752a141c3276 from store
2025-05-18 20:00:07.574641 I | etcdserver/membership: added member dfe51183133d9fcb [http://hp159.utah.cloudlab.us:2380] to cluster aac2752a141c3276 from store
2025-05-18 20:00:07.574656 I | etcdserver/membership: set the cluster version to 3.1 from store
2025-05-18 20:00:07.574680 I | etcdserver: finished recovering cluster configuration
2025-05-18 20:00:07.574690 I | etcdserver: removing old peers from network...
2025-05-18 20:00:07.574701 I | rafthttp: stopping peer 399dd9d2fe9451fe...
2025-05-18 20:00:07.575297 I | rafthttp: closed the TCP streaming connection with peer 399dd9d2fe9451fe (stream MsgApp v2 writer)
2025-05-18 20:00:07.575318 I | rafthttp: stopped streaming with peer 399dd9d2fe9451fe (writer)
2025-05-18 20:00:07.575641 I | rafthttp: closed the TCP streaming connection with peer 399dd9d2fe9451fe (stream Message writer)
2025-05-18 20:00:07.575661 I | rafthttp: stopped streaming with peer 399dd9d2fe9451fe (writer)
2025-05-18 20:00:07.575708 I | rafthttp: stopped HTTP pipelining with peer 399dd9d2fe9451fe
2025-05-18 20:00:07.575824 W | rafthttp: lost the TCP streaming connection with peer 399dd9d2fe9451fe (stream MsgApp v2 reader)
2025-05-18 20:00:07.575864 E | rafthttp: failed to read 399dd9d2fe9451fe on stream MsgApp v2 (net/http: request canceled)
2025-05-18 20:00:07.575881 I | rafthttp: peer 399dd9d2fe9451fe became inactive
2025-05-18 20:00:07.575897 I | rafthttp: stopped streaming with peer 399dd9d2fe9451fe (stream MsgApp v2 reader)
2025-05-18 20:00:07.575984 W | rafthttp: lost the TCP streaming connection with peer 399dd9d2fe9451fe (stream Message reader)
2025-05-18 20:00:07.576010 I | rafthttp: stopped streaming with peer 399dd9d2fe9451fe (stream Message reader)
2025-05-18 20:00:07.576031 I | rafthttp: stopped peer 399dd9d2fe9451fe
2025-05-18 20:00:07.576062 I | rafthttp: removed peer 399dd9d2fe9451fe
2025-05-18 20:00:07.576084 I | rafthttp: stopping peer c89e8ee7e52968ff...
2025-05-18 20:00:07.576478 I | rafthttp: closed the TCP streaming connection with peer c89e8ee7e52968ff (stream MsgApp v2 writer)
2025-05-18 20:00:07.576508 I | rafthttp: stopped streaming with peer c89e8ee7e52968ff (writer)
2025-05-18 20:00:07.576911 I | rafthttp: closed the TCP streaming connection with peer c89e8ee7e52968ff (stream Message writer)
2025-05-18 20:00:07.576933 I | rafthttp: stopped streaming with peer c89e8ee7e52968ff (writer)
2025-05-18 20:00:07.576971 I | rafthttp: stopped HTTP pipelining with peer c89e8ee7e52968ff
2025-05-18 20:00:07.577053 W | rafthttp: lost the TCP streaming connection with peer c89e8ee7e52968ff (stream MsgApp v2 reader)
2025-05-18 20:00:07.577076 I | rafthttp: stopped streaming with peer c89e8ee7e52968ff (stream MsgApp v2 reader)
2025-05-18 20:00:07.577156 W | rafthttp: lost the TCP streaming connection with peer c89e8ee7e52968ff (stream Message reader)
2025-05-18 20:00:07.577222 E | rafthttp: failed to read c89e8ee7e52968ff on stream Message (net/http: request canceled)
2025-05-18 20:00:07.577236 I | rafthttp: peer c89e8ee7e52968ff became inactive
2025-05-18 20:00:07.577250 I | rafthttp: stopped streaming with peer c89e8ee7e52968ff (stream Message reader)
2025-05-18 20:00:07.577268 I | rafthttp: stopped peer c89e8ee7e52968ff
2025-05-18 20:00:07.577287 I | rafthttp: removed peer c89e8ee7e52968ff
2025-05-18 20:00:07.577298 I | rafthttp: stopping peer dfe51183133d9fcb...
2025-05-18 20:00:07.577707 I | rafthttp: closed the TCP streaming connection with peer dfe51183133d9fcb (stream MsgApp v2 writer)
2025-05-18 20:00:07.577731 I | rafthttp: stopped streaming with peer dfe51183133d9fcb (writer)
2025-05-18 20:00:07.578165 I | rafthttp: closed the TCP streaming connection with peer dfe51183133d9fcb (stream Message writer)
2025-05-18 20:00:07.578188 I | rafthttp: stopped streaming with peer dfe51183133d9fcb (writer)
2025-05-18 20:00:07.578233 I | rafthttp: stopped HTTP pipelining with peer dfe51183133d9fcb
2025-05-18 20:00:07.578324 W | rafthttp: lost the TCP streaming connection with peer dfe51183133d9fcb (stream MsgApp v2 reader)
2025-05-18 20:00:07.578357 E | rafthttp: failed to read dfe51183133d9fcb on stream MsgApp v2 (net/http: request canceled)
2025-05-18 20:00:07.578370 I | rafthttp: peer dfe51183133d9fcb became inactive
2025-05-18 20:00:07.578401 I | rafthttp: stopped streaming with peer dfe51183133d9fcb (stream MsgApp v2 reader)
2025-05-18 20:00:07.578511 W | rafthttp: lost the TCP streaming connection with peer dfe51183133d9fcb (stream Message reader)
2025-05-18 20:00:07.578547 I | rafthttp: stopped streaming with peer dfe51183133d9fcb (stream Message reader)
2025-05-18 20:00:07.578573 I | rafthttp: stopped peer dfe51183133d9fcb
2025-05-18 20:00:07.578592 I | rafthttp: removed peer dfe51183133d9fcb
2025-05-18 20:00:07.578604 I | rafthttp: stopping peer fe700c0c32dc3b77...
2025-05-18 20:00:07.578998 I | rafthttp: closed the TCP streaming connection with peer fe700c0c32dc3b77 (stream MsgApp v2 writer)
2025-05-18 20:00:07.579019 I | rafthttp: stopped streaming with peer fe700c0c32dc3b77 (writer)
2025-05-18 20:00:07.579443 I | rafthttp: closed the TCP streaming connection with peer fe700c0c32dc3b77 (stream Message writer)
2025-05-18 20:00:07.579468 I | rafthttp: stopped streaming with peer fe700c0c32dc3b77 (writer)
2025-05-18 20:00:07.579511 I | rafthttp: stopped HTTP pipelining with peer fe700c0c32dc3b77
2025-05-18 20:00:07.579628 W | rafthttp: lost the TCP streaming connection with peer fe700c0c32dc3b77 (stream MsgApp v2 reader)
2025-05-18 20:00:07.579654 E | rafthttp: failed to read fe700c0c32dc3b77 on stream MsgApp v2 (http: read on closed response body)
2025-05-18 20:00:07.579665 I | rafthttp: peer fe700c0c32dc3b77 became inactive
2025-05-18 20:00:07.579680 I | rafthttp: stopped streaming with peer fe700c0c32dc3b77 (stream MsgApp v2 reader)
2025-05-18 20:00:07.579768 W | rafthttp: lost the TCP streaming connection with peer fe700c0c32dc3b77 (stream Message reader)
2025-05-18 20:00:07.579793 I | rafthttp: stopped streaming with peer fe700c0c32dc3b77 (stream Message reader)
2025-05-18 20:00:07.579811 I | rafthttp: stopped peer fe700c0c32dc3b77
2025-05-18 20:00:07.579829 I | rafthttp: removed peer fe700c0c32dc3b77
2025-05-18 20:00:07.579842 I | etcdserver: finished removing old peers from network
2025-05-18 20:00:07.579858 I | etcdserver: adding peers from new cluster configuration into network...
2025-05-18 20:00:07.579929 I | rafthttp: starting peer 399dd9d2fe9451fe...
2025-05-18 20:00:07.579986 I | rafthttp: started HTTP pipelining with peer 399dd9d2fe9451fe
2025-05-18 20:00:07.580437 I | rafthttp: started streaming with peer 399dd9d2fe9451fe (writer)
2025-05-18 20:00:07.580779 I | rafthttp: started streaming with peer 399dd9d2fe9451fe (writer)
2025-05-18 20:00:07.581278 I | rafthttp: started peer 399dd9d2fe9451fe
2025-05-18 20:00:07.581308 I | rafthttp: added peer 399dd9d2fe9451fe
2025-05-18 20:00:07.581358 I | rafthttp: started streaming with peer 399dd9d2fe9451fe (stream Message reader)
2025-05-18 20:00:07.581504 I | rafthttp: started streaming with peer 399dd9d2fe9451fe (stream MsgApp v2 reader)
2025-05-18 20:00:07.581635 I | rafthttp: starting peer c89e8ee7e52968ff...
2025-05-18 20:00:07.581710 I | rafthttp: started HTTP pipelining with peer c89e8ee7e52968ff
2025-05-18 20:00:07.582169 I | rafthttp: started streaming with peer c89e8ee7e52968ff (writer)
2025-05-18 20:00:07.582598 I | rafthttp: started streaming with peer c89e8ee7e52968ff (writer)
2025-05-18 20:00:07.582955 I | rafthttp: peer 399dd9d2fe9451fe became active
2025-05-18 20:00:07.582992 I | rafthttp: established a TCP streaming connection with peer 399dd9d2fe9451fe (stream MsgApp v2 reader)
2025-05-18 20:00:07.583043 I | rafthttp: established a TCP streaming connection with peer 399dd9d2fe9451fe (stream Message reader)
2025-05-18 20:00:07.586588 I | rafthttp: started peer c89e8ee7e52968ff
2025-05-18 20:00:07.586648 I | rafthttp: started streaming with peer c89e8ee7e52968ff (stream MsgApp v2 reader)
2025-05-18 20:00:07.586735 I | rafthttp: started streaming with peer c89e8ee7e52968ff (stream Message reader)
2025-05-18 20:00:07.586779 I | rafthttp: added peer c89e8ee7e52968ff
2025-05-18 20:00:07.586845 I | rafthttp: starting peer dfe51183133d9fcb...
2025-05-18 20:00:07.586966 I | rafthttp: started HTTP pipelining with peer dfe51183133d9fcb
2025-05-18 20:00:07.592923 I | rafthttp: started streaming with peer dfe51183133d9fcb (writer)
2025-05-18 20:00:07.593369 I | rafthttp: started streaming with peer dfe51183133d9fcb (writer)
2025-05-18 20:00:07.595423 I | rafthttp: started peer dfe51183133d9fcb
2025-05-18 20:00:07.595471 I | rafthttp: added peer dfe51183133d9fcb
2025-05-18 20:00:07.595498 I | rafthttp: starting peer fe700c0c32dc3b77...
2025-05-18 20:00:07.595522 I | rafthttp: started HTTP pipelining with peer fe700c0c32dc3b77
2025-05-18 20:00:07.595533 I | rafthttp: started streaming with peer dfe51183133d9fcb (stream Message reader)
2025-05-18 20:00:07.595652 I | rafthttp: started streaming with peer dfe51183133d9fcb (stream MsgApp v2 reader)
2025-05-18 20:00:07.597421 I | rafthttp: peer dfe51183133d9fcb became active
2025-05-18 20:00:07.597467 I | rafthttp: established a TCP streaming connection with peer dfe51183133d9fcb (stream MsgApp v2 reader)
2025-05-18 20:00:07.597537 I | rafthttp: established a TCP streaming connection with peer dfe51183133d9fcb (stream Message reader)
2025-05-18 20:00:07.597817 I | rafthttp: started streaming with peer fe700c0c32dc3b77 (writer)
2025-05-18 20:00:07.600021 I | rafthttp: started streaming with peer fe700c0c32dc3b77 (writer)
2025-05-18 20:00:07.601968 I | rafthttp: started peer fe700c0c32dc3b77
2025-05-18 20:00:07.601998 I | rafthttp: added peer fe700c0c32dc3b77
2025-05-18 20:00:07.602008 I | etcdserver: finished adding peers from new cluster configuration into network...
2025-05-18 20:00:07.602019 I | etcdserver: finished applying incoming snapshot at index 10001
2025-05-18 20:00:07.602048 I | rafthttp: started streaming with peer fe700c0c32dc3b77 (stream MsgApp v2 reader)
2025-05-18 20:00:07.602123 I | rafthttp: started streaming with peer fe700c0c32dc3b77 (stream Message reader)
2025-05-18 20:00:07.603715 I | rafthttp: peer fe700c0c32dc3b77 became active
2025-05-18 20:00:07.603750 I | rafthttp: established a TCP streaming connection with peer fe700c0c32dc3b77 (stream Message reader)
2025-05-18 20:00:07.603776 I | rafthttp: established a TCP streaming connection with peer fe700c0c32dc3b77 (stream MsgApp v2 reader)
2025-05-18 20:00:07.608534 I | rafthttp: peer c89e8ee7e52968ff became active
2025-05-18 20:00:07.608582 I | rafthttp: established a TCP streaming connection with peer c89e8ee7e52968ff (stream Message writer)
2025-05-18 20:00:07.608733 I | rafthttp: established a TCP streaming connection with peer c89e8ee7e52968ff (stream MsgApp v2 writer)
2025-05-18 20:00:07.620440 E | rafthttp: failed to dial c89e8ee7e52968ff on stream MsgApp v2 (peer c89e8ee7e52968ff failed to find local node a1561573eb12db98)
2025-05-18 20:00:07.620506 I | rafthttp: peer c89e8ee7e52968ff became inactive
2025-05-18 20:00:07.676725 I | rafthttp: established a TCP streaming connection with peer 399dd9d2fe9451fe (stream Message writer)
2025-05-18 20:00:07.678011 I | rafthttp: established a TCP streaming connection with peer 399dd9d2fe9451fe (stream MsgApp v2 writer)
2025-05-18 20:00:07.679027 I | rafthttp: established a TCP streaming connection with peer dfe51183133d9fcb (stream Message writer)
2025-05-18 20:00:07.680533 I | rafthttp: established a TCP streaming connection with peer fe700c0c32dc3b77 (stream Message writer)
2025-05-18 20:00:07.680764 I | rafthttp: established a TCP streaming connection with peer dfe51183133d9fcb (stream MsgApp v2 writer)
2025-05-18 20:00:07.681959 I | rafthttp: established a TCP streaming connection with peer fe700c0c32dc3b77 (stream MsgApp v2 writer)
2025-05-18 20:00:07.721894 I | rafthttp: peer c89e8ee7e52968ff became active
2025-05-18 20:00:07.721932 I | rafthttp: established a TCP streaming connection with peer c89e8ee7e52968ff (stream MsgApp v2 reader)
2025-05-18 20:00:07.721971 I | rafthttp: established a TCP streaming connection with peer c89e8ee7e52968ff (stream Message reader)
2025-05-18 20:00:09.121834 E | etcdserver/api/v2http: got unexpected response error (etcdserver: request timed out) [merged 9 repeated lines in 1.67s]
2025-05-18 20:00:11.818742 I | etcdserver: start to snapshot (applied: 40590, lastsnap: 30589)
2025-05-18 20:00:11.824882 I | etcdserver: saved snapshot at index 40590
2025-05-18 20:00:11.825070 I | etcdserver: compacted raft log at 35590
2025-05-18 20:00:12.581826 W | rafthttp: health check for peer 399dd9d2fe9451fe could not connect: <nil>
2025-05-18 20:00:12.586873 W | rafthttp: health check for peer c89e8ee7e52968ff could not connect: <nil>
2025-05-18 20:00:14.128776 W | rafthttp: lost the TCP streaming connection with peer 399dd9d2fe9451fe (stream MsgApp v2 reader)
2025-05-18 20:00:14.128801 E | rafthttp: failed to read 399dd9d2fe9451fe on stream MsgApp v2 (read tcp 128.110.218.163:50888->128.110.218.197:2380: i/o timeout)
2025-05-18 20:00:14.128807 I | rafthttp: peer 399dd9d2fe9451fe became inactive
2025-05-18 20:00:14.130011 W | rafthttp: lost the TCP streaming connection with peer 399dd9d2fe9451fe (stream Message reader)
2025-05-18 20:00:14.263922 W | rafthttp: lost the TCP streaming connection with peer c89e8ee7e52968ff (stream MsgApp v2 reader)
2025-05-18 20:00:14.263942 E | rafthttp: failed to read c89e8ee7e52968ff on stream MsgApp v2 (read tcp 128.110.218.163:51556->128.110.218.188:2380: i/o timeout)
2025-05-18 20:00:14.263948 I | rafthttp: peer c89e8ee7e52968ff became inactive
2025-05-18 20:00:14.266493 W | rafthttp: lost the TCP streaming connection with peer c89e8ee7e52968ff (stream Message reader)
2025-05-18 20:00:15.665649 I | rafthttp: peer c89e8ee7e52968ff became active
2025-05-18 20:00:15.665695 I | rafthttp: established a TCP streaming connection with peer c89e8ee7e52968ff (stream MsgApp v2 reader)
2025-05-18 20:00:15.673045 I | rafthttp: established a TCP streaming connection with peer c89e8ee7e52968ff (stream Message reader)
2025-05-18 20:00:16.523649 I | raft: a1561573eb12db98 [logterm: 7, index: 50049, vote: c89e8ee7e52968ff] ignored MsgVote from c89e8ee7e52968ff [logterm: 7, index: 37805] at term 7: lease is not expired (remaining ticks: 3)
2025-05-18 20:00:16.540122 I | rafthttp: peer 399dd9d2fe9451fe became active
2025-05-18 20:00:16.540160 I | rafthttp: established a TCP streaming connection with peer 399dd9d2fe9451fe (stream Message reader)
2025-05-18 20:00:16.540289 I | rafthttp: established a TCP streaming connection with peer 399dd9d2fe9451fe (stream MsgApp v2 reader)
2025-05-18 20:00:16.690002 W | rafthttp: closed an existing TCP streaming connection with peer c89e8ee7e52968ff (stream Message writer)
2025-05-18 20:00:16.690056 I | rafthttp: established a TCP streaming connection with peer c89e8ee7e52968ff (stream Message writer)
2025-05-18 20:00:16.692849 W | rafthttp: closed an existing TCP streaming connection with peer c89e8ee7e52968ff (stream MsgApp v2 writer)
2025-05-18 20:00:16.692914 I | rafthttp: established a TCP streaming connection with peer c89e8ee7e52968ff (stream MsgApp v2 writer)
2025-05-18 20:00:16.702532 W | rafthttp: closed an existing TCP streaming connection with peer 399dd9d2fe9451fe (stream Message writer)
2025-05-18 20:00:16.702590 I | rafthttp: established a TCP streaming connection with peer 399dd9d2fe9451fe (stream Message writer)
2025-05-18 20:00:16.703716 W | rafthttp: closed an existing TCP streaming connection with peer 399dd9d2fe9451fe (stream MsgApp v2 writer)
2025-05-18 20:00:16.703752 I | rafthttp: established a TCP streaming connection with peer 399dd9d2fe9451fe (stream MsgApp v2 writer)
2025-05-18 20:00:17.180094 I | raft: a1561573eb12db98 is starting a new election at term 7
2025-05-18 20:00:17.180139 I | raft: a1561573eb12db98 became candidate at term 8
2025-05-18 20:00:17.180158 I | raft: a1561573eb12db98 received MsgVoteResp from a1561573eb12db98 at term 8
2025-05-18 20:00:17.180177 I | raft: a1561573eb12db98 [logterm: 7, index: 50049] sent MsgVote request to dfe51183133d9fcb at term 8
2025-05-18 20:00:17.180195 I | raft: a1561573eb12db98 [logterm: 7, index: 50049] sent MsgVote request to fe700c0c32dc3b77 at term 8
2025-05-18 20:00:17.180211 I | raft: a1561573eb12db98 [logterm: 7, index: 50049] sent MsgVote request to 399dd9d2fe9451fe at term 8
2025-05-18 20:00:17.180228 I | raft: a1561573eb12db98 [logterm: 7, index: 50049] sent MsgVote request to c89e8ee7e52968ff at term 8
2025-05-18 20:00:17.180245 I | raft: raft.node: a1561573eb12db98 lost leader fe700c0c32dc3b77 at term 8
2025-05-18 20:00:17.181459 I | raft: a1561573eb12db98 received MsgVoteResp from dfe51183133d9fcb at term 8
2025-05-18 20:00:17.181496 I | raft: a1561573eb12db98 [quorum:3] has received 2 MsgVoteResp votes and 0 vote rejections
2025-05-18 20:00:17.523530 I | raft: a1561573eb12db98 [term: 8] received a MsgVote message with higher term from c89e8ee7e52968ff [term: 13]
2025-05-18 20:00:17.523586 I | raft: a1561573eb12db98 became follower at term 13
2025-05-18 20:00:17.523613 I | raft: a1561573eb12db98 [logterm: 7, index: 50049, vote: 0] rejected MsgVote from c89e8ee7e52968ff [logterm: 7, index: 37805] at term 13
2025-05-18 20:00:18.444378 I | raft: a1561573eb12db98 [term: 13] received a MsgVote message with higher term from fe700c0c32dc3b77 [term: 14]
2025-05-18 20:00:18.444443 I | raft: a1561573eb12db98 became follower at term 14
2025-05-18 20:00:18.444467 I | raft: a1561573eb12db98 [logterm: 7, index: 50049, vote: 0] cast MsgVote for fe700c0c32dc3b77 [logterm: 7, index: 50049] at term 14
2025-05-18 20:00:18.445482 I | raft: raft.node: a1561573eb12db98 elected leader fe700c0c32dc3b77 at term 14
2025-05-18 20:00:18.753052 I | etcdserver: start to snapshot (applied: 50592, lastsnap: 40590)
2025-05-18 20:00:18.759136 I | etcdserver: saved snapshot at index 50592
2025-05-18 20:00:18.759445 I | etcdserver: compacted raft log at 45592
2025-05-18 20:00:22.818563 E | etcdserver/api/v2http: got unexpected response error (etcdserver: request timed out)
2025-05-18 20:00:23.086349 I | etcdserver: start to snapshot (applied: 60593, lastsnap: 50592)
2025-05-18 20:00:23.091300 I | etcdserver: saved snapshot at index 60593
2025-05-18 20:00:23.091453 I | etcdserver: compacted raft log at 55593
2025-05-18 20:00:24.121744 E | etcdserver/api/v2http: got unexpected response error (etcdserver: request timed out) [merged 5 repeated lines in 1.3s]
2025-05-18 20:00:24.128806 W | rafthttp: lost the TCP streaming connection with peer 399dd9d2fe9451fe (stream MsgApp v2 reader)
2025-05-18 20:00:24.128829 E | rafthttp: failed to read 399dd9d2fe9451fe on stream MsgApp v2 (read tcp 128.110.218.163:55220->128.110.218.197:2380: i/o timeout)
2025-05-18 20:00:24.128837 I | rafthttp: peer 399dd9d2fe9451fe became inactive
2025-05-18 20:00:24.129986 W | rafthttp: lost the TCP streaming connection with peer 399dd9d2fe9451fe (stream Message reader)
2025-05-18 20:00:24.263988 W | rafthttp: lost the TCP streaming connection with peer c89e8ee7e52968ff (stream MsgApp v2 reader)
2025-05-18 20:00:24.264043 E | rafthttp: failed to read c89e8ee7e52968ff on stream MsgApp v2 (read tcp 128.110.218.163:51790->128.110.218.188:2380: i/o timeout)
2025-05-18 20:00:24.264085 I | rafthttp: peer c89e8ee7e52968ff became inactive
2025-05-18 20:00:24.266477 W | rafthttp: lost the TCP streaming connection with peer c89e8ee7e52968ff (stream Message reader)
2025-05-18 20:00:26.588175 I | rafthttp: peer 399dd9d2fe9451fe became active
2025-05-18 20:00:26.588224 I | rafthttp: established a TCP streaming connection with peer 399dd9d2fe9451fe (stream MsgApp v2 reader)
2025-05-18 20:00:26.588316 I | rafthttp: established a TCP streaming connection with peer 399dd9d2fe9451fe (stream Message reader)
2025-05-18 20:00:26.674012 I | rafthttp: peer c89e8ee7e52968ff became active
2025-05-18 20:00:26.674069 W | rafthttp: closed an existing TCP streaming connection with peer c89e8ee7e52968ff (stream MsgApp v2 writer)
2025-05-18 20:00:26.674093 I | rafthttp: established a TCP streaming connection with peer c89e8ee7e52968ff (stream MsgApp v2 writer)
2025-05-18 20:00:26.675261 W | rafthttp: closed an existing TCP streaming connection with peer c89e8ee7e52968ff (stream Message writer)
2025-05-18 20:00:26.675299 I | rafthttp: established a TCP streaming connection with peer c89e8ee7e52968ff (stream Message writer)
2025-05-18 20:00:26.686812 W | rafthttp: closed an existing TCP streaming connection with peer 399dd9d2fe9451fe (stream Message writer)
2025-05-18 20:00:26.686876 I | rafthttp: established a TCP streaming connection with peer 399dd9d2fe9451fe (stream Message writer)
2025-05-18 20:00:26.690490 W | rafthttp: closed an existing TCP streaming connection with peer 399dd9d2fe9451fe (stream MsgApp v2 writer)
2025-05-18 20:00:26.690531 I | rafthttp: established a TCP streaming connection with peer 399dd9d2fe9451fe (stream MsgApp v2 writer)
2025-05-18 20:00:26.716077 I | rafthttp: established a TCP streaming connection with peer c89e8ee7e52968ff (stream MsgApp v2 reader)
2025-05-18 20:00:26.716143 I | rafthttp: established a TCP streaming connection with peer c89e8ee7e52968ff (stream Message reader)
2025-05-18 20:00:27.180056 I | raft: a1561573eb12db98 is starting a new election at term 14
2025-05-18 20:00:27.180106 I | raft: a1561573eb12db98 became candidate at term 15
2025-05-18 20:00:27.180126 I | raft: a1561573eb12db98 received MsgVoteResp from a1561573eb12db98 at term 15
2025-05-18 20:00:27.180145 I | raft: a1561573eb12db98 [logterm: 14, index: 67298] sent MsgVote request to 399dd9d2fe9451fe at term 15
2025-05-18 20:00:27.180164 I | raft: a1561573eb12db98 [logterm: 14, index: 67298] sent MsgVote request to c89e8ee7e52968ff at term 15
2025-05-18 20:00:27.180181 I | raft: a1561573eb12db98 [logterm: 14, index: 67298] sent MsgVote request to dfe51183133d9fcb at term 15
2025-05-18 20:00:27.180198 I | raft: a1561573eb12db98 [logterm: 14, index: 67298] sent MsgVote request to fe700c0c32dc3b77 at term 15
2025-05-18 20:00:27.180213 I | raft: raft.node: a1561573eb12db98 lost leader fe700c0c32dc3b77 at term 15
2025-05-18 20:00:27.181417 I | raft: a1561573eb12db98 received MsgVoteResp from dfe51183133d9fcb at term 15
2025-05-18 20:00:27.181455 I | raft: a1561573eb12db98 [quorum:3] has received 2 MsgVoteResp votes and 0 vote rejections
2025-05-18 20:00:27.523656 I | raft: a1561573eb12db98 [term: 15] received a MsgVote message with higher term from c89e8ee7e52968ff [term: 19]
2025-05-18 20:00:27.523700 I | raft: a1561573eb12db98 became follower at term 19
2025-05-18 20:00:27.523724 I | raft: a1561573eb12db98 [logterm: 14, index: 67298, vote: 0] rejected MsgVote from c89e8ee7e52968ff [logterm: 14, index: 55289] at term 19
2025-05-18 20:00:28.744415 I | raft: a1561573eb12db98 [term: 19] received a MsgVote message with higher term from fe700c0c32dc3b77 [term: 20]
2025-05-18 20:00:28.744461 I | raft: a1561573eb12db98 became follower at term 20
2025-05-18 20:00:28.744485 I | raft: a1561573eb12db98 [logterm: 14, index: 67298, vote: 0] cast MsgVote for fe700c0c32dc3b77 [logterm: 14, index: 67298] at term 20
2025-05-18 20:00:28.745582 I | raft: raft.node: a1561573eb12db98 elected leader fe700c0c32dc3b77 at term 20
2025-05-18 20:00:30.136374 I | etcdserver: start to snapshot (applied: 70594, lastsnap: 60593)
2025-05-18 20:00:30.141430 I | etcdserver: saved snapshot at index 70594
2025-05-18 20:00:30.141568 I | etcdserver: compacted raft log at 65594
